[32;1m[Board] [0mInitializing board...
[32;1m[Board] [0m
[32;1m[Board] [0m    a b c d e f g h 
[32;1m[Board] [0m  -------------------
[32;1m[Board] [0m8 ||[30;1mr[0m|[30;1mk[0m|[30;1mb[0m|[30;1mQ[0m|[30;1mK[0m|[30;1mb[0m|[30;1mk[0m|[30;1mr[0m|| 8
[32;1m[Board] [0m  -------------------
[32;1m[Board] [0m7 ||[30;1mp[0m|[30;1mp[0m|[30;1mp[0m|[30;1mp[0m|[30;1mp[0m|[30;1mp[0m|[30;1mp[0m|[30;1mp[0m|| 7
[32;1m[Board] [0m  -------------------
[32;1m[Board] [0m6 ||[7;1m [0m| |[7;1m [0m| |[7;1m [0m| |[7;1m [0m| || 6
[32;1m[Board] [0m  -------------------
[32;1m[Board] [0m5 || |[7;1m [0m| |[7;1m [0m| |[7;1m [0m| |[7;1m [0m|| 5
[32;1m[Board] [0m  -------------------
[32;1m[Board] [0m4 ||[7;1m [0m| |[7;1m [0m| |[7;1m [0m| |[7;1m [0m| || 4
[32;1m[Board] [0m  -------------------
[32;1m[Board] [0m3 || |[7;1m [0m| |[7;1m [0m| |[7;1m [0m| |[7;1m [0m|| 3
[32;1m[Board] [0m  -------------------
[32;1m[Board] [0m2 ||[0;1mp[0m|[0;1mp[0m|[0;1mp[0m|[0;1mp[0m|[0;1mp[0m|[0;1mp[0m|[0;1mp[0m|[0;1mp[0m|| 2
[32;1m[Board] [0m  -------------------
[32;1m[Board] [0m1 ||[0;1mr[0m|[0;1mk[0m|[0;1mb[0m|[0;1mQ[0m|[0;1mK[0m|[0;1mb[0m|[0;1mk[0m|[0;1mr[0m|| 1
[32;1m[Board] [0m  -------------------
[32;1m[Board] [0m    a b c d e f g h
[32;1m[Board] [0m
[32;1m[Referee] [0mThis is the turn of the White player...
[32;1m[Board] [0mInitializing board...
[32;1m[Board] [0mLoading history file `stats/Black/game-1/history.csv`...
[32;1m[Board] [0mLoaded 0 move(s).
[32;1m[RandomPlayer] [0mComputing possible moves...
[32;1m[RandomPlayer] [0m20 possible move(s)
[32;1m[RandomPlayer] [0mPlaying random move 11 out of 20
[32;1m[Game] [0mPlayer's error code: 0
[32;1m[Game] [0mChecking move validity...
[32;1m[Board] [0mInitializing board...
[32;1m[Board] [0mLoading history file `stats/Black/game-1/history.csv`...
[32;1m[Board] [0mLoaded 0 move(s).
[32;1m[Board] [0mLoading move file `stats/Black/game-1/move.csv`...
[32;1m[Board] [0mWhite player is playing f2 to f4.
[32;1m[Board] [0m
[32;1m[Board] [0m    a b c d e f g h 
[32;1m[Board] [0m  -------------------
[32;1m[Board] [0m8 ||[30;1mr[0m|[30;1mk[0m|[30;1mb[0m|[30;1mQ[0m|[30;1mK[0m|[30;1mb[0m|[30;1mk[0m|[30;1mr[0m|| 8
[32;1m[Board] [0m  -------------------
[32;1m[Board] [0m7 ||[30;1mp[0m|[30;1mp[0m|[30;1mp[0m|[30;1mp[0m|[30;1mp[0m|[30;1mp[0m|[30;1mp[0m|[30;1mp[0m|| 7
[32;1m[Board] [0m  -------------------
[32;1m[Board] [0m6 ||[7;1m [0m| |[7;1m [0m| |[7;1m [0m| |[7;1m [0m| || 6
[32;1m[Board] [0m  -------------------
[32;1m[Board] [0m5 || |[7;1m [0m| |[7;1m [0m| |[7;1m [0m| |[7;1m [0m|| 5
[32;1m[Board] [0m  -------------------
[32;1m[Board] [0m4 ||[7;1m [0m| |[7;1m [0m| |[7;1m [0m|[0;1mp[0m|[7;1m [0m| || 4
[32;1m[Board] [0m  -------------------
[32;1m[Board] [0m3 || |[7;1m [0m| |[7;1m [0m| |[7;1m [0m| |[7;1m [0m|| 3
[32;1m[Board] [0m  -------------------
[32;1m[Board] [0m2 ||[0;1mp[0m|[0;1mp[0m|[0;1mp[0m|[0;1mp[0m|[0;1mp[0m| |[0;1mp[0m|[0;1mp[0m|| 2
[32;1m[Board] [0m  -------------------
[32;1m[Board] [0m1 ||[0;1mr[0m|[0;1mk[0m|[0;1mb[0m|[0;1mQ[0m|[0;1mK[0m|[0;1mb[0m|[0;1mk[0m|[0;1mr[0m|| 1
[32;1m[Board] [0m  -------------------
[32;1m[Board] [0m    a b c d e f g h
[32;1m[Board] [0m
[32;1m[Referee] [0mThis is the turn of the Black player...
Succesfully loaded network via incbin!
info score 184 depth 1 nodes 25 time 6
-32000 32000 30
info score 94 depth 2 nodes 99 time 6
-32000 32000 30
info score 159 depth 3 nodes 722 time 6
-32000 32000 30
info score 96 depth 4 nodes 2204 time 8
-32000 32000 30
info score 126 depth 5 nodes 2913 time 8
66 126 30
info score 128 depth 5 nodes 13591 time 14
66 156 60
info score 98 depth 6 nodes 22543 time 22
98 158 30
info score 72 depth 6 nodes 33208 time 30
68 158 60
info score 102 depth 7 nodes 49580 time 42
42 102 30
info score 125 depth 7 nodes 153500 time 104
42 132 60
info score 95 depth 8 nodes 222785 time 162
95 155 30
info score 65 depth 8 nodes 288827 time 215
65 155 60
info score 58 depth 8 nodes 367610 time 270
5 155 120
info score 88 depth 9 nodes 461454 time 341
28 88 30
info score 118 depth 9 nodes 508542 time 377
28 118 60
info score 130 depth 9 nodes 1117883 time 772
28 178 120
info score 100 depth 10 nodes 1777670 time 1305
100 160 30
info score 70 depth 10 nodes 2499212 time 1869
70 160 60
info score 55 depth 10 nodes 3479546 time 2607
10 160 120
info score 76 depth 11 nodes 11626718 time 8311
25 85 30
bestmove d7d5
[32;1m[Game] [0mPlayer's error code: 0
[32;1m[Game] [0mChecking move validity...
[32;1m[Board] [0mInitializing board...
[32;1m[Board] [0mLoading history file `stats/Black/game-1/history.csv`...
[32;1m[Board] [0mLoaded 1 move(s).
[32;1m[Board] [0mLoading move file `stats/Black/game-1/move.csv`...
[32;1m[Board] [0mBlack player is playing d7 to d5.
[32;1m[Board] [0m
[32;1m[Board] [0m    a b c d e f g h 
[32;1m[Board] [0m  -------------------
[32;1m[Board] [0m8 ||[30;1mr[0m|[30;1mk[0m|[30;1mb[0m|[30;1mQ[0m|[30;1mK[0m|[30;1mb[0m|[30;1mk[0m|[30;1mr[0m|| 8
[32;1m[Board] [0m  -------------------
[32;1m[Board] [0m7 ||[30;1mp[0m|[30;1mp[0m|[30;1mp[0m|[7;1m [0m|[30;1mp[0m|[30;1mp[0m|[30;1mp[0m|[30;1mp[0m|| 7
[32;1m[Board] [0m  -------------------
[32;1m[Board] [0m6 ||[7;1m [0m| |[7;1m [0m| |[7;1m [0m| |[7;1m [0m| || 6
[32;1m[Board] [0m  -------------------
[32;1m[Board] [0m5 || |[7;1m [0m| |[30;1mp[0m| |[7;1m [0m| |[7;1m [0m|| 5
[32;1m[Board] [0m  -------------------
[32;1m[Board] [0m4 ||[7;1m [0m| |[7;1m [0m| |[7;1m [0m|[0;1mp[0m|[7;1m [0m| || 4
[32;1m[Board] [0m  -------------------
[32;1m[Board] [0m3 || |[7;1m [0m| |[7;1m [0m| |[7;1m [0m| |[7;1m [0m|| 3
[32;1m[Board] [0m  -------------------
[32;1m[Board] [0m2 ||[0;1mp[0m|[0;1mp[0m|[0;1mp[0m|[0;1mp[0m|[0;1mp[0m| |[0;1mp[0m|[0;1mp[0m|| 2
[32;1m[Board] [0m  -------------------
[32;1m[Board] [0m1 ||[0;1mr[0m|[0;1mk[0m|[0;1mb[0m|[0;1mQ[0m|[0;1mK[0m|[0;1mb[0m|[0;1mk[0m|[0;1mr[0m|| 1
[32;1m[Board] [0m  -------------------
[32;1m[Board] [0m    a b c d e f g h
[32;1m[Board] [0m
[32;1m[Referee] [0mThis is the turn of the White player...
[32;1m[Board] [0mInitializing board...
[32;1m[Board] [0mLoading history file `stats/Black/game-1/history.csv`...
[32;1m[Board] [0mLoaded 2 move(s).
[32;1m[RandomPlayer] [0mComputing possible moves...
[32;1m[RandomPlayer] [0m20 possible move(s)
[32;1m[RandomPlayer] [0mPlaying random move 13 out of 20
[32;1m[Game] [0mPlayer's error code: 0
[32;1m[Game] [0mChecking move validity...
[32;1m[Board] [0mInitializing board...
[32;1m[Board] [0mLoading history file `stats/Black/game-1/history.csv`...
[32;1m[Board] [0mLoaded 2 move(s).
[32;1m[Board] [0mLoading move file `stats/Black/game-1/move.csv`...
[32;1m[Board] [0mWhite player is playing h2 to h3.
[32;1m[Board] [0m
[32;1m[Board] [0m    a b c d e f g h 
[32;1m[Board] [0m  -------------------
[32;1m[Board] [0m8 ||[30;1mr[0m|[30;1mk[0m|[30;1mb[0m|[30;1mQ[0m|[30;1mK[0m|[30;1mb[0m|[30;1mk[0m|[30;1mr[0m|| 8
[32;1m[Board] [0m  -------------------
[32;1m[Board] [0m7 ||[30;1mp[0m|[30;1mp[0m|[30;1mp[0m|[7;1m [0m|[30;1mp[0m|[30;1mp[0m|[30;1mp[0m|[30;1mp[0m|| 7
[32;1m[Board] [0m  -------------------
[32;1m[Board] [0m6 ||[7;1m [0m| |[7;1m [0m| |[7;1m [0m| |[7;1m [0m| || 6
[32;1m[Board] [0m  -------------------
[32;1m[Board] [0m5 || |[7;1m [0m| |[30;1mp[0m| |[7;1m [0m| |[7;1m [0m|| 5
[32;1m[Board] [0m  -------------------
[32;1m[Board] [0m4 ||[7;1m [0m| |[7;1m [0m| |[7;1m [0m|[0;1mp[0m|[7;1m [0m| || 4
[32;1m[Board] [0m  -------------------
[32;1m[Board] [0m3 || |[7;1m [0m| |[7;1m [0m| |[7;1m [0m| |[0;1mp[0m|| 3
[32;1m[Board] [0m  -------------------
[32;1m[Board] [0m2 ||[0;1mp[0m|[0;1mp[0m|[0;1mp[0m|[0;1mp[0m|[0;1mp[0m| |[0;1mp[0m| || 2
[32;1m[Board] [0m  -------------------
[32;1m[Board] [0m1 ||[0;1mr[0m|[0;1mk[0m|[0;1mb[0m|[0;1mQ[0m|[0;1mK[0m|[0;1mb[0m|[0;1mk[0m|[0;1mr[0m|| 1
[32;1m[Board] [0m  -------------------
[32;1m[Board] [0m    a b c d e f g h
[32;1m[Board] [0m
[32;1m[Referee] [0mThis is the turn of the Black player...
Succesfully loaded network via incbin!
info score 357 depth 1 nodes 37 time 3
-32000 32000 30
info score 255 depth 2 nodes 161 time 3
-32000 32000 30
info score 294 depth 3 nodes 1289 time 4
-32000 32000 30
info score 349 depth 4 nodes 3414 time 5
-32000 32000 30
info score 349 depth 5 nodes 18471 time 14
319 379 30
info score 381 depth 6 nodes 22570 time 17
319 379 30
info score 409 depth 6 nodes 22809 time 17
319 409 60
info score 470 depth 6 nodes 25054 time 19
319 469 120
info score 511 depth 6 nodes 32572 time 24
319 589 240
info score 541 depth 7 nodes 37228 time 28
481 541 30
info score 555 depth 7 nodes 58712 time 40
481 571 60
info score 525 depth 8 nodes 97116 time 67
525 585 30
info score 495 depth 8 nodes 106673 time 73
495 585 60
info score 465 depth 8 nodes 128151 time 88
435 585 120
info score 493 depth 9 nodes 396991 time 251
435 495 30
info score 520 depth 10 nodes 844065 time 578
463 523 30
info score 550 depth 11 nodes 1499127 time 1043
490 550 30
info score 556 depth 11 nodes 2589260 time 1738
490 580 60
info score 556 depth 12 nodes 5622670 time 4031
526 586 30
bestmove e7e5
[32;1m[Game] [0mPlayer's error code: 0
[32;1m[Game] [0mChecking move validity...
[32;1m[Board] [0mInitializing board...
[32;1m[Board] [0mLoading history file `stats/Black/game-1/history.csv`...
[32;1m[Board] [0mLoaded 3 move(s).
[32;1m[Board] [0mLoading move file `stats/Black/game-1/move.csv`...
[32;1m[Board] [0mBlack player is playing e7 to e5.
[32;1m[Board] [0m
[32;1m[Board] [0m    a b c d e f g h 
[32;1m[Board] [0m  -------------------
[32;1m[Board] [0m8 ||[30;1mr[0m|[30;1mk[0m|[30;1mb[0m|[30;1mQ[0m|[30;1mK[0m|[30;1mb[0m|[30;1mk[0m|[30;1mr[0m|| 8
[32;1m[Board] [0m  -------------------
[32;1m[Board] [0m7 ||[30;1mp[0m|[30;1mp[0m|[30;1mp[0m|[7;1m [0m| |[30;1mp[0m|[30;1mp[0m|[30;1mp[0m|| 7
[32;1m[Board] [0m  -------------------
[32;1m[Board] [0m6 ||[7;1m [0m| |[7;1m [0m| |[7;1m [0m| |[7;1m [0m| || 6
[32;1m[Board] [0m  -------------------
[32;1m[Board] [0m5 || |[7;1m [0m| |[30;1mp[0m|[30;1mp[0m|[7;1m [0m| |[7;1m [0m|| 5
[32;1m[Board] [0m  -------------------
[32;1m[Board] [0m4 ||[7;1m [0m| |[7;1m [0m| |[7;1m [0m|[0;1mp[0m|[7;1m [0m| || 4
[32;1m[Board] [0m  -------------------
[32;1m[Board] [0m3 || |[7;1m [0m| |[7;1m [0m| |[7;1m [0m| |[0;1mp[0m|| 3
[32;1m[Board] [0m  -------------------
[32;1m[Board] [0m2 ||[0;1mp[0m|[0;1mp[0m|[0;1mp[0m|[0;1mp[0m|[0;1mp[0m| |[0;1mp[0m| || 2
[32;1m[Board] [0m  -------------------
[32;1m[Board] [0m1 ||[0;1mr[0m|[0;1mk[0m|[0;1mb[0m|[0;1mQ[0m|[0;1mK[0m|[0;1mb[0m|[0;1mk[0m|[0;1mr[0m|| 1
[32;1m[Board] [0m  -------------------
[32;1m[Board] [0m    a b c d e f g h
[32;1m[Board] [0m
[32;1m[Referee] [0mThis is the turn of the White player...
[32;1m[Board] [0mInitializing board...
[32;1m[Board] [0mLoading history file `stats/Black/game-1/history.csv`...
[32;1m[Board] [0mLoaded 4 move(s).
[32;1m[RandomPlayer] [0mComputing possible moves...
[32;1m[RandomPlayer] [0m20 possible move(s)
[32;1m[RandomPlayer] [0mPlaying random move 15 out of 20
[32;1m[Game] [0mPlayer's error code: 0
[32;1m[Game] [0mChecking move validity...
[32;1m[Board] [0mInitializing board...
[32;1m[Board] [0mLoading history file `stats/Black/game-1/history.csv`...
[32;1m[Board] [0mLoaded 4 move(s).
[32;1m[Board] [0mLoading move file `stats/Black/game-1/move.csv`...
[32;1m[Board] [0mWhite player is playing h1 to h2.
[32;1m[Board] [0m
[32;1m[Board] [0m    a b c d e f g h 
[32;1m[Board] [0m  -------------------
[32;1m[Board] [0m8 ||[30;1mr[0m|[30;1mk[0m|[30;1mb[0m|[30;1mQ[0m|[30;1mK[0m|[30;1mb[0m|[30;1mk[0m|[30;1mr[0m|| 8
[32;1m[Board] [0m  -------------------
[32;1m[Board] [0m7 ||[30;1mp[0m|[30;1mp[0m|[30;1mp[0m|[7;1m [0m| |[30;1mp[0m|[30;1mp[0m|[30;1mp[0m|| 7
[32;1m[Board] [0m  -------------------
[32;1m[Board] [0m6 ||[7;1m [0m| |[7;1m [0m| |[7;1m [0m| |[7;1m [0m| || 6
[32;1m[Board] [0m  -------------------
[32;1m[Board] [0m5 || |[7;1m [0m| |[30;1mp[0m|[30;1mp[0m|[7;1m [0m| |[7;1m [0m|| 5
[32;1m[Board] [0m  -------------------
[32;1m[Board] [0m4 ||[7;1m [0m| |[7;1m [0m| |[7;1m [0m|[0;1mp[0m|[7;1m [0m| || 4
[32;1m[Board] [0m  -------------------
[32;1m[Board] [0m3 || |[7;1m [0m| |[7;1m [0m| |[7;1m [0m| |[0;1mp[0m|| 3
[32;1m[Board] [0m  -------------------
[32;1m[Board] [0m2 ||[0;1mp[0m|[0;1mp[0m|[0;1mp[0m|[0;1mp[0m|[0;1mp[0m| |[0;1mp[0m|[0;1mr[0m|| 2
[32;1m[Board] [0m  -------------------
[32;1m[Board] [0m1 ||[0;1mr[0m|[0;1mk[0m|[0;1mb[0m|[0;1mQ[0m|[0;1mK[0m|[0;1mb[0m|[0;1mk[0m|[7;1m [0m|| 1
[32;1m[Board] [0m  -------------------
[32;1m[Board] [0m    a b c d e f g h
[32;1m[Board] [0m
[32;1m[Referee] [0mThis is the turn of the Black player...
Succesfully loaded network via incbin!
info score 744 depth 1 nodes 40 time 3
-32000 32000 30
info score 742 depth 2 nodes 248 time 4
-32000 32000 30
info score 742 depth 3 nodes 1710 time 4
-32000 32000 30
info score 1249 depth 4 nodes 1825 time 4
-32000 32000 30
info score 1249 depth 5 nodes 3616 time 5
1219 1279 30
info score 1249 depth 6 nodes 5645 time 6
1219 1279 30
info score 1389 depth 7 nodes 5697 time 6
1219 1279 30
info score 1389 depth 7 nodes 5788 time 6
1219 1309 60
info score 1389 depth 7 nodes 5791 time 6
1219 1369 120
info score 1450 depth 7 nodes 13347 time 10
1219 1489 240
info score 1420 depth 8 nodes 34410 time 21
1420 1480 30
info score 1390 depth 8 nodes 36631 time 22
1390 1480 60
info score 1385 depth 8 nodes 38843 time 23
1330 1480 120
info score 1394 depth 9 nodes 154631 time 79
1355 1415 30
info score 1364 depth 10 nodes 415993 time 232
1364 1424 30
info score 1339 depth 10 nodes 480015 time 270
1334 1424 60
info score 1355 depth 11 nodes 2646562 time 1560
1309 1369 30
info score 1325 depth 12 nodes 4947073 time 3029
1325 1385 30
info score 1315 depth 12 nodes 5478101 time 3349
1295 1385 60
info score 1337 depth 13 nodes 14826826 time 8780
1285 1345 30
bestmove d8h4
[32;1m[Game] [0mPlayer's error code: 0
[32;1m[Game] [0mChecking move validity...
[32;1m[Board] [0mInitializing board...
[32;1m[Board] [0mLoading history file `stats/Black/game-1/history.csv`...
[32;1m[Board] [0mLoaded 5 move(s).
[32;1m[Board] [0mLoading move file `stats/Black/game-1/move.csv`...
[32;1m[Board] [0mBlack player is playing d8 to h4.
[32;1m[Board] [0m
[32;1m[Board] [0m    a b c d e f g h 
[32;1m[Board] [0m  -------------------
[32;1m[Board] [0m8 ||[30;1mr[0m|[30;1mk[0m|[30;1mb[0m| |[30;1mK[0m|[30;1mb[0m|[30;1mk[0m|[30;1mr[0m|| 8
[32;1m[Board] [0m  -------------------
[32;1m[Board] [0m7 ||[30;1mp[0m|[30;1mp[0m|[30;1mp[0m|[7;1m [0m| |[30;1mp[0m|[30;1mp[0m|[30;1mp[0m|| 7
[32;1m[Board] [0m  -------------------
[32;1m[Board] [0m6 ||[7;1m [0m| |[7;1m [0m| |[7;1m [0m| |[7;1m [0m| || 6
[32;1m[Board] [0m  -------------------
[32;1m[Board] [0m5 || |[7;1m [0m| |[30;1mp[0m|[30;1mp[0m|[7;1m [0m| |[7;1m [0m|| 5
[32;1m[Board] [0m  -------------------
[32;1m[Board] [0m4 ||[7;1m [0m| |[7;1m [0m| |[7;1m [0m|[0;1mp[0m|[7;1m [0m|[30;1mQ[0m|| 4
[32;1m[Board] [0m  -------------------
[32;1m[Board] [0m3 || |[7;1m [0m| |[7;1m [0m| |[7;1m [0m| |[0;1mp[0m|| 3
[32;1m[Board] [0m  -------------------
[32;1m[Board] [0m2 ||[0;1mp[0m|[0;1mp[0m|[0;1mp[0m|[0;1mp[0m|[0;1mp[0m| |[0;1mp[0m|[0;1mr[0m|| 2
[32;1m[Board] [0m  -------------------
[32;1m[Board] [0m1 ||[0;1mr[0m|[0;1mk[0m|[0;1mb[0m|[0;1mQ[0m|[0;1mK[0m|[0;1mb[0m|[0;1mk[0m|[7;1m [0m|| 1
[32;1m[Board] [0m  -------------------
[32;1m[Board] [0m    a b c d e f g h
[32;1m[Board] [0m
[32;1m[Referee] [0mThis is the turn of the White player...
[32;1m[Board] [0mInitializing board...
[32;1m[Board] [0mLoading history file `stats/Black/game-1/history.csv`...
[32;1m[Board] [0mLoaded 6 move(s).
[32;1m[RandomPlayer] [0mComputing possible moves...
[32;1m[RandomPlayer] [0m1 possible move(s)
[32;1m[Game] [0mPlayer's error code: 0
[32;1m[Game] [0mChecking move validity...
[32;1m[Board] [0mInitializing board...
[32;1m[Board] [0mLoading history file `stats/Black/game-1/history.csv`...
[32;1m[Board] [0mLoaded 6 move(s).
[32;1m[Board] [0mLoading move file `stats/Black/game-1/move.csv`...
[32;1m[Board] [0mWhite player is playing g2 to g3.
[32;1m[Board] [0m
[32;1m[Board] [0m    a b c d e f g h 
[32;1m[Board] [0m  -------------------
[32;1m[Board] [0m8 ||[30;1mr[0m|[30;1mk[0m|[30;1mb[0m| |[30;1mK[0m|[30;1mb[0m|[30;1mk[0m|[30;1mr[0m|| 8
[32;1m[Board] [0m  -------------------
[32;1m[Board] [0m7 ||[30;1mp[0m|[30;1mp[0m|[30;1mp[0m|[7;1m [0m| |[30;1mp[0m|[30;1mp[0m|[30;1mp[0m|| 7
[32;1m[Board] [0m  -------------------
[32;1m[Board] [0m6 ||[7;1m [0m| |[7;1m [0m| |[7;1m [0m| |[7;1m [0m| || 6
[32;1m[Board] [0m  -------------------
[32;1m[Board] [0m5 || |[7;1m [0m| |[30;1mp[0m|[30;1mp[0m|[7;1m [0m| |[7;1m [0m|| 5
[32;1m[Board] [0m  -------------------
[32;1m[Board] [0m4 ||[7;1m [0m| |[7;1m [0m| |[7;1m [0m|[0;1mp[0m|[7;1m [0m|[30;1mQ[0m|| 4
[32;1m[Board] [0m  -------------------
[32;1m[Board] [0m3 || |[7;1m [0m| |[7;1m [0m| |[7;1m [0m|[0;1mp[0m|[0;1mp[0m|| 3
[32;1m[Board] [0m  -------------------
[32;1m[Board] [0m2 ||[0;1mp[0m|[0;1mp[0m|[0;1mp[0m|[0;1mp[0m|[0;1mp[0m| |[7;1m [0m|[0;1mr[0m|| 2
[32;1m[Board] [0m  -------------------
[32;1m[Board] [0m1 ||[0;1mr[0m|[0;1mk[0m|[0;1mb[0m|[0;1mQ[0m|[0;1mK[0m|[0;1mb[0m|[0;1mk[0m|[7;1m [0m|| 1
[32;1m[Board] [0m  -------------------
[32;1m[Board] [0m    a b c d e f g h
[32;1m[Board] [0m
[32;1m[Referee] [0mThis is the turn of the Black player...
Succesfully loaded network via incbin!
info score 742 depth 1 nodes 51 time 3
-32000 32000 30
info score 1249 depth 2 nodes 114 time 3
-32000 32000 30
info score 1249 depth 3 nodes 261 time 3
-32000 32000 30
info score 1249 depth 4 nodes 398 time 3
-32000 32000 30
info score 1389 depth 5 nodes 446 time 3
1219 1279 30
info score 1389 depth 5 nodes 449 time 3
1219 1309 60
info score 1389 depth 5 nodes 452 time 3
1219 1369 120
info score 1450 depth 5 nodes 3238 time 5
1219 1489 240
info score 1420 depth 6 nodes 6425 time 7
1420 1480 30
info score 1390 depth 6 nodes 6937 time 7
1390 1480 60
info score 1385 depth 6 nodes 8116 time 8
1330 1480 120
info score 1394 depth 7 nodes 26951 time 19
1355 1415 30
info score 1364 depth 8 nodes 48436 time 32
1364 1424 30
info score 1339 depth 8 nodes 63940 time 42
1334 1424 60
info score 1355 depth 9 nodes 295402 time 189
1309 1369 30
info score 1325 depth 10 nodes 508059 time 328
1325 1385 30
info score 1315 depth 10 nodes 638444 time 419
1295 1385 60
info score 1337 depth 11 nodes 2110666 time 1365
1285 1345 30
info score 1339 depth 12 nodes 4885079 time 3392
1307 1367 30
info score 1369 depth 13 nodes 8012831 time 5758
1309 1369 30
info score 1399 depth 13 nodes 11293343 time 8171
1309 1399 60
bestmove h4g3
[32;1m[Game] [0mPlayer's error code: 0
[32;1m[Game] [0mChecking move validity...
[32;1m[Board] [0mInitializing board...
[32;1m[Board] [0mLoading history file `stats/Black/game-1/history.csv`...
[32;1m[Board] [0mLoaded 7 move(s).
[32;1m[Board] [0mLoading move file `stats/Black/game-1/move.csv`...
[32;1m[Board] [0mBlack player is playing h4 to g3.
[32;1m[Board] [0m[5;1mBlack Queen is taking White Pawn.[0m
[32;1m[Board] [0m
[32;1m[Board] [0m    a b c d e f g h 
[32;1m[Board] [0m  -------------------
[32;1m[Board] [0m8 ||[30;1mr[0m|[30;1mk[0m|[30;1mb[0m| |[30;1mK[0m|[30;1mb[0m|[30;1mk[0m|[30;1mr[0m|| 8
[32;1m[Board] [0m  -------------------
[32;1m[Board] [0m7 ||[30;1mp[0m|[30;1mp[0m|[30;1mp[0m|[7;1m [0m| |[30;1mp[0m|[30;1mp[0m|[30;1mp[0m|| 7
[32;1m[Board] [0m  -------------------
[32;1m[Board] [0m6 ||[7;1m [0m| |[7;1m [0m| |[7;1m [0m| |[7;1m [0m| || 6
[32;1m[Board] [0m  -------------------
[32;1m[Board] [0m5 || |[7;1m [0m| |[30;1mp[0m|[30;1mp[0m|[7;1m [0m| |[7;1m [0m|| 5
[32;1m[Board] [0m  -------------------
[32;1m[Board] [0m4 ||[7;1m [0m| |[7;1m [0m| |[7;1m [0m|[0;1mp[0m|[7;1m [0m| || 4
[32;1m[Board] [0m  -------------------
[32;1m[Board] [0m3 || |[7;1m [0m| |[7;1m [0m| |[7;1m [0m|[30;1mQ[0m|[0;1mp[0m|| 3
[32;1m[Board] [0m  -------------------
[32;1m[Board] [0m2 ||[0;1mp[0m|[0;1mp[0m|[0;1mp[0m|[0;1mp[0m|[0;1mp[0m| |[7;1m [0m|[0;1mr[0m|| 2
[32;1m[Board] [0m  -------------------
[32;1m[Board] [0m1 ||[0;1mr[0m|[0;1mk[0m|[0;1mb[0m|[0;1mQ[0m|[0;1mK[0m|[0;1mb[0m|[0;1mk[0m|[7;1m [0m|| 1
[32;1m[Board] [0m  -------------------
[32;1m[Board] [0m    a b c d e f g h
[32;1m[Board] [0m
[32;1m[Referee] [0mThis is the turn of the White player...
[32;1m[Board] [0mInitializing board...
[32;1m[Board] [0mLoading history file `stats/Black/game-1/history.csv`...
[32;1m[Board] [0mLoaded 8 move(s).
[32;1m[RandomPlayer] [0mComputing possible moves...
[32;1m[RandomPlayer] [0m1 possible move(s)
[32;1m[Game] [0mPlayer's error code: 0
[32;1m[Game] [0mChecking move validity...
[32;1m[Board] [0mInitializing board...
[32;1m[Board] [0mLoading history file `stats/Black/game-1/history.csv`...
[32;1m[Board] [0mLoaded 8 move(s).
[32;1m[Board] [0mLoading move file `stats/Black/game-1/move.csv`...
[32;1m[Board] [0mWhite player is playing h2 to f2.
[32;1m[Board] [0m
[32;1m[Board] [0m    a b c d e f g h 
[32;1m[Board] [0m  -------------------
[32;1m[Board] [0m8 ||[30;1mr[0m|[30;1mk[0m|[30;1mb[0m| |[30;1mK[0m|[30;1mb[0m|[30;1mk[0m|[30;1mr[0m|| 8
[32;1m[Board] [0m  -------------------
[32;1m[Board] [0m7 ||[30;1mp[0m|[30;1mp[0m|[30;1mp[0m|[7;1m [0m| |[30;1mp[0m|[30;1mp[0m|[30;1mp[0m|| 7
[32;1m[Board] [0m  -------------------
[32;1m[Board] [0m6 ||[7;1m [0m| |[7;1m [0m| |[7;1m [0m| |[7;1m [0m| || 6
[32;1m[Board] [0m  -------------------
[32;1m[Board] [0m5 || |[7;1m [0m| |[30;1mp[0m|[30;1mp[0m|[7;1m [0m| |[7;1m [0m|| 5
[32;1m[Board] [0m  -------------------
[32;1m[Board] [0m4 ||[7;1m [0m| |[7;1m [0m| |[7;1m [0m|[0;1mp[0m|[7;1m [0m| || 4
[32;1m[Board] [0m  -------------------
[32;1m[Board] [0m3 || |[7;1m [0m| |[7;1m [0m| |[7;1m [0m|[30;1mQ[0m|[0;1mp[0m|| 3
[32;1m[Board] [0m  -------------------
[32;1m[Board] [0m2 ||[0;1mp[0m|[0;1mp[0m|[0;1mp[0m|[0;1mp[0m|[0;1mp[0m|[0;1mr[0m|[7;1m [0m| || 2
[32;1m[Board] [0m  -------------------
[32;1m[Board] [0m1 ||[0;1mr[0m|[0;1mk[0m|[0;1mb[0m|[0;1mQ[0m|[0;1mK[0m|[0;1mb[0m|[0;1mk[0m|[7;1m [0m|| 1
[32;1m[Board] [0m  -------------------
[32;1m[Board] [0m    a b c d e f g h
[32;1m[Board] [0m
[32;1m[Referee] [0mThis is the turn of the Black player...
Succesfully loaded network via incbin!
info score 1249 depth 1 nodes 66 time 3
-32000 32000 30
info score 1249 depth 2 nodes 145 time 3
-32000 32000 30
info score 1450 depth 3 nodes 1099 time 4
-32000 32000 30
info score 1385 depth 4 nodes 2581 time 5
-32000 32000 30
info score 1394 depth 5 nodes 10749 time 10
1355 1415 30
info score 1364 depth 6 nodes 18060 time 15
1364 1424 30
info score 1339 depth 6 nodes 29184 time 23
1334 1424 60
info score 1355 depth 7 nodes 212493 time 141
1309 1369 30
info score 1325 depth 8 nodes 386788 time 260
1325 1385 30
info score 1315 depth 8 nodes 494918 time 335
1295 1385 60
info score 1337 depth 9 nodes 1636875 time 1101
1285 1345 30
info score 1339 depth 10 nodes 3944311 time 2819
1307 1367 30
info score 1369 depth 11 nodes 7331515 time 5331
1309 1369 30
info score 1399 depth 11 nodes 10036132 time 7271
1309 1399 60
bestmove g3g1
[32;1m[Game] [0mPlayer's error code: 0
[32;1m[Game] [0mChecking move validity...
[32;1m[Board] [0mInitializing board...
[32;1m[Board] [0mLoading history file `stats/Black/game-1/history.csv`...
[32;1m[Board] [0mLoaded 9 move(s).
[32;1m[Board] [0mLoading move file `stats/Black/game-1/move.csv`...
[32;1m[Board] [0mBlack player is playing g3 to g1.
[32;1m[Board] [0m[5;1mBlack Queen is taking White Knight.[0m
[32;1m[Board] [0m
[32;1m[Board] [0m    a b c d e f g h 
[32;1m[Board] [0m  -------------------
[32;1m[Board] [0m8 ||[30;1mr[0m|[30;1mk[0m|[30;1mb[0m| |[30;1mK[0m|[30;1mb[0m|[30;1mk[0m|[30;1mr[0m|| 8
[32;1m[Board] [0m  -------------------
[32;1m[Board] [0m7 ||[30;1mp[0m|[30;1mp[0m|[30;1mp[0m|[7;1m [0m| |[30;1mp[0m|[30;1mp[0m|[30;1mp[0m|| 7
[32;1m[Board] [0m  -------------------
[32;1m[Board] [0m6 ||[7;1m [0m| |[7;1m [0m| |[7;1m [0m| |[7;1m [0m| || 6
[32;1m[Board] [0m  -------------------
[32;1m[Board] [0m5 || |[7;1m [0m| |[30;1mp[0m|[30;1mp[0m|[7;1m [0m| |[7;1m [0m|| 5
[32;1m[Board] [0m  -------------------
[32;1m[Board] [0m4 ||[7;1m [0m| |[7;1m [0m| |[7;1m [0m|[0;1mp[0m|[7;1m [0m| || 4
[32;1m[Board] [0m  -------------------
[32;1m[Board] [0m3 || |[7;1m [0m| |[7;1m [0m| |[7;1m [0m| |[0;1mp[0m|| 3
[32;1m[Board] [0m  -------------------
[32;1m[Board] [0m2 ||[0;1mp[0m|[0;1mp[0m|[0;1mp[0m|[0;1mp[0m|[0;1mp[0m|[0;1mr[0m|[7;1m [0m| || 2
[32;1m[Board] [0m  -------------------
[32;1m[Board] [0m1 ||[0;1mr[0m|[0;1mk[0m|[0;1mb[0m|[0;1mQ[0m|[0;1mK[0m|[0;1mb[0m|[30;1mQ[0m|[7;1m [0m|| 1
[32;1m[Board] [0m  -------------------
[32;1m[Board] [0m    a b c d e f g h
[32;1m[Board] [0m
[32;1m[Referee] [0mThis is the turn of the White player...
[32;1m[Board] [0mInitializing board...
[32;1m[Board] [0mLoading history file `stats/Black/game-1/history.csv`...
[32;1m[Board] [0mLoaded 10 move(s).
[32;1m[RandomPlayer] [0mComputing possible moves...
[32;1m[RandomPlayer] [0m18 possible move(s)
[32;1m[RandomPlayer] [0mPlaying random move 12 out of 18
[32;1m[Game] [0mPlayer's error code: 0
[32;1m[Game] [0mChecking move validity...
[32;1m[Board] [0mInitializing board...
[32;1m[Board] [0mLoading history file `stats/Black/game-1/history.csv`...
[32;1m[Board] [0mLoaded 10 move(s).
[32;1m[Board] [0mLoading move file `stats/Black/game-1/move.csv`...
[32;1m[Board] [0mWhite player is playing h3 to h4.
[32;1m[Board] [0m
[32;1m[Board] [0m    a b c d e f g h 
[32;1m[Board] [0m  -------------------
[32;1m[Board] [0m8 ||[30;1mr[0m|[30;1mk[0m|[30;1mb[0m| |[30;1mK[0m|[30;1mb[0m|[30;1mk[0m|[30;1mr[0m|| 8
[32;1m[Board] [0m  -------------------
[32;1m[Board] [0m7 ||[30;1mp[0m|[30;1mp[0m|[30;1mp[0m|[7;1m [0m| |[30;1mp[0m|[30;1mp[0m|[30;1mp[0m|| 7
[32;1m[Board] [0m  -------------------
[32;1m[Board] [0m6 ||[7;1m [0m| |[7;1m [0m| |[7;1m [0m| |[7;1m [0m| || 6
[32;1m[Board] [0m  -------------------
[32;1m[Board] [0m5 || |[7;1m [0m| |[30;1mp[0m|[30;1mp[0m|[7;1m [0m| |[7;1m [0m|| 5
[32;1m[Board] [0m  -------------------
[32;1m[Board] [0m4 ||[7;1m [0m| |[7;1m [0m| |[7;1m [0m|[0;1mp[0m|[7;1m [0m|[0;1mp[0m|| 4
[32;1m[Board] [0m  -------------------
[32;1m[Board] [0m3 || |[7;1m [0m| |[7;1m [0m| |[7;1m [0m| |[7;1m [0m|| 3
[32;1m[Board] [0m  -------------------
[32;1m[Board] [0m2 ||[0;1mp[0m|[0;1mp[0m|[0;1mp[0m|[0;1mp[0m|[0;1mp[0m|[0;1mr[0m|[7;1m [0m| || 2
[32;1m[Board] [0m  -------------------
[32;1m[Board] [0m1 ||[0;1mr[0m|[0;1mk[0m|[0;1mb[0m|[0;1mQ[0m|[0;1mK[0m|[0;1mb[0m|[30;1mQ[0m|[7;1m [0m|| 1
[32;1m[Board] [0m  -------------------
[32;1m[Board] [0m    a b c d e f g h
[32;1m[Board] [0m
[32;1m[Referee] [0mThis is the turn of the Black player...
Succesfully loaded network via incbin!
info score 1736 depth 1 nodes 127 time 2
-32000 32000 30
info score 1632 depth 2 nodes 484 time 3
-32000 32000 30
info score 1657 depth 3 nodes 4412 time 5
-32000 32000 30
info score 1598 depth 4 nodes 11131 time 10
-32000 32000 30
info score 1628 depth 5 nodes 41546 time 29
1568 1628 30
info score 1658 depth 5 nodes 42076 time 30
1568 1658 60
info score 1718 depth 5 nodes 42149 time 30
1568 1718 120
info score 1847 depth 5 nodes 42306 time 30
1568 1838 240
info score 1847 depth 5 nodes 45059 time 32
1568 2078 480
info score 1878 depth 6 nodes 45953 time 33
1817 1877 30
info score 1908 depth 6 nodes 46150 time 33
1817 1907 60
info score 1908 depth 6 nodes 53663 time 38
1817 1967 120
info score 1938 depth 7 nodes 55684 time 40
1878 1938 30
info score 1968 depth 7 nodes 56212 time 40
1878 1968 60
info score 1989 depth 7 nodes 98062 time 65
1878 2028 120
info score 2019 depth 8 nodes 100699 time 67
1959 2019 30
info score 2049 depth 8 nodes 101536 time 68
1959 2049 60
info score 2109 depth 8 nodes 103011 time 69
1959 2109 120
info score 2212 depth 8 nodes 126844 time 84
1959 2229 240
info score 2242 depth 9 nodes 132267 time 88
2182 2242 30
info score 2250 depth 9 nodes 224947 time 141
2182 2272 60
info score 2280 depth 10 nodes 241461 time 154
2220 2280 30
info score 2310 depth 10 nodes 243519 time 156
2220 2310 60
info score 2312 depth 10 nodes 362546 time 219
2220 2370 120
info score 2342 depth 11 nodes 406140 time 241
2282 2342 30
info score 2372 depth 11 nodes 419338 time 246
2282 2372 60
info score 2432 depth 11 nodes 442615 time 256
2282 2432 120
info score 2552 depth 11 nodes 466563 time 267
2282 2552 240
info score 2552 depth 11 nodes 878530 time 425
2282 2792 480
info score 2582 depth 12 nodes 990947 time 476
2522 2582 30
info score 2612 depth 12 nodes 1013040 time 486
2522 2612 60
info score 2672 depth 12 nodes 1054376 time 505
2522 2672 120
info score 2792 depth 12 nodes 1122463 time 539
2522 2792 240
info score 2974 depth 12 nodes 1857184 time 989
2522 3032 480
info score 3004 depth 13 nodes 2883756 time 1705
2944 3004 30
info score 3034 depth 13 nodes 3228515 time 1951
2944 3034 60
info score 3039 depth 13 nodes 5681010 time 3414
2944 3094 120
info score 3069 depth 14 nodes 8565887 time 5393
3009 3069 30
bestmove f8e7
[32;1m[Game] [0mPlayer's error code: 0
[32;1m[Game] [0mChecking move validity...
[32;1m[Board] [0mInitializing board...
[32;1m[Board] [0mLoading history file `stats/Black/game-1/history.csv`...
[32;1m[Board] [0mLoaded 11 move(s).
[32;1m[Board] [0mLoading move file `stats/Black/game-1/move.csv`...
[32;1m[Board] [0mBlack player is playing f8 to e7.
[32;1m[Board] [0m
[32;1m[Board] [0m    a b c d e f g h 
[32;1m[Board] [0m  -------------------
[32;1m[Board] [0m8 ||[30;1mr[0m|[30;1mk[0m|[30;1mb[0m| |[30;1mK[0m| |[30;1mk[0m|[30;1mr[0m|| 8
[32;1m[Board] [0m  -------------------
[32;1m[Board] [0m7 ||[30;1mp[0m|[30;1mp[0m|[30;1mp[0m|[7;1m [0m|[30;1mb[0m|[30;1mp[0m|[30;1mp[0m|[30;1mp[0m|| 7
[32;1m[Board] [0m  -------------------
[32;1m[Board] [0m6 ||[7;1m [0m| |[7;1m [0m| |[7;1m [0m| |[7;1m [0m| || 6
[32;1m[Board] [0m  -------------------
[32;1m[Board] [0m5 || |[7;1m [0m| |[30;1mp[0m|[30;1mp[0m|[7;1m [0m| |[7;1m [0m|| 5
[32;1m[Board] [0m  -------------------
[32;1m[Board] [0m4 ||[7;1m [0m| |[7;1m [0m| |[7;1m [0m|[0;1mp[0m|[7;1m [0m|[0;1mp[0m|| 4
[32;1m[Board] [0m  -------------------
[32;1m[Board] [0m3 || |[7;1m [0m| |[7;1m [0m| |[7;1m [0m| |[7;1m [0m|| 3
[32;1m[Board] [0m  -------------------
[32;1m[Board] [0m2 ||[0;1mp[0m|[0;1mp[0m|[0;1mp[0m|[0;1mp[0m|[0;1mp[0m|[0;1mr[0m|[7;1m [0m| || 2
[32;1m[Board] [0m  -------------------
[32;1m[Board] [0m1 ||[0;1mr[0m|[0;1mk[0m|[0;1mb[0m|[0;1mQ[0m|[0;1mK[0m|[0;1mb[0m|[30;1mQ[0m|[7;1m [0m|| 1
[32;1m[Board] [0m  -------------------
[32;1m[Board] [0m    a b c d e f g h
[32;1m[Board] [0m
[32;1m[Referee] [0mThis is the turn of the White player...
[32;1m[Board] [0mInitializing board...
[32;1m[Board] [0mLoading history file `stats/Black/game-1/history.csv`...
[32;1m[Board] [0mLoaded 12 move(s).
[32;1m[RandomPlayer] [0mComputing possible moves...
[32;1m[RandomPlayer] [0m18 possible move(s)
[32;1m[RandomPlayer] [0mPlaying random move 5 out of 18
[32;1m[Game] [0mPlayer's error code: 0
[32;1m[Game] [0mChecking move validity...
[32;1m[Board] [0mInitializing board...
[32;1m[Board] [0mLoading history file `stats/Black/game-1/history.csv`...
[32;1m[Board] [0mLoaded 12 move(s).
[32;1m[Board] [0mLoading move file `stats/Black/game-1/move.csv`...
[32;1m[Board] [0mWhite player is playing c2 to c4.
[32;1m[Board] [0m
[32;1m[Board] [0m    a b c d e f g h 
[32;1m[Board] [0m  -------------------
[32;1m[Board] [0m8 ||[30;1mr[0m|[30;1mk[0m|[30;1mb[0m| |[30;1mK[0m| |[30;1mk[0m|[30;1mr[0m|| 8
[32;1m[Board] [0m  -------------------
[32;1m[Board] [0m7 ||[30;1mp[0m|[30;1mp[0m|[30;1mp[0m|[7;1m [0m|[30;1mb[0m|[30;1mp[0m|[30;1mp[0m|[30;1mp[0m|| 7
[32;1m[Board] [0m  -------------------
[32;1m[Board] [0m6 ||[7;1m [0m| |[7;1m [0m| |[7;1m [0m| |[7;1m [0m| || 6
[32;1m[Board] [0m  -------------------
[32;1m[Board] [0m5 || |[7;1m [0m| |[30;1mp[0m|[30;1mp[0m|[7;1m [0m| |[7;1m [0m|| 5
[32;1m[Board] [0m  -------------------
[32;1m[Board] [0m4 ||[7;1m [0m| |[0;1mp[0m| |[7;1m [0m|[0;1mp[0m|[7;1m [0m|[0;1mp[0m|| 4
[32;1m[Board] [0m  -------------------
[32;1m[Board] [0m3 || |[7;1m [0m| |[7;1m [0m| |[7;1m [0m| |[7;1m [0m|| 3
[32;1m[Board] [0m  -------------------
[32;1m[Board] [0m2 ||[0;1mp[0m|[0;1mp[0m|[7;1m [0m|[0;1mp[0m|[0;1mp[0m|[0;1mr[0m|[7;1m [0m| || 2
[32;1m[Board] [0m  -------------------
[32;1m[Board] [0m1 ||[0;1mr[0m|[0;1mk[0m|[0;1mb[0m|[0;1mQ[0m|[0;1mK[0m|[0;1mb[0m|[30;1mQ[0m|[7;1m [0m|| 1
[32;1m[Board] [0m  -------------------
[32;1m[Board] [0m    a b c d e f g h
[32;1m[Board] [0m
[32;1m[Referee] [0mThis is the turn of the Black player...
Succesfully loaded network via incbin!
info score 1764 depth 1 nodes 306 time 2
-32000 32000 30
info score 1815 depth 2 nodes 859 time 2
-32000 32000 30
info score 1915 depth 3 nodes 3279 time 3
-32000 32000 30
info score 2314 depth 4 nodes 3951 time 4
-32000 32000 30
info score 2314 depth 5 nodes 6806 time 5
2284 2344 30
info score 2455 depth 6 nodes 7050 time 5
2284 2344 30
info score 2455 depth 6 nodes 7067 time 5
2284 2374 60
info score 2455 depth 6 nodes 7070 time 5
2284 2434 120
info score 2655 depth 6 nodes 7151 time 5
2284 2554 240
info score 2284 depth 6 nodes 10239 time 6
2284 2794 480
info score 1915 depth 6 nodes 33067 time 16
1804 2794 960
info score 1945 depth 7 nodes 33621 time 16
1885 1945 30
info score 1975 depth 7 nodes 33761 time 16
1885 1975 60
info score 2035 depth 7 nodes 33845 time 16
1885 2035 120
info score 2155 depth 7 nodes 33925 time 16
1885 2155 240
info score 2455 depth 7 nodes 34009 time 16
1885 2395 480
info score 2886 depth 7 nodes 34198 time 17
1885 2875 960
info score 3241 depth 7 nodes 49089 time 21
1885 3835 1920
info score 3211 depth 8 nodes 66283 time 28
3211 3271 30
info score 3181 depth 8 nodes 69257 time 29
3181 3271 60
info score 3121 depth 8 nodes 73396 time 30
3121 3271 120
info score 3051 depth 8 nodes 79661 time 32
3001 3271 240
info score 3037 depth 9 nodes 295785 time 105
3021 3081 30
info score 3007 depth 10 nodes 695087 time 259
3007 3067 30
info score 2977 depth 10 nodes 780381 time 291
2977 3067 60
info score 2974 depth 10 nodes 863890 time 322
2917 3067 120
info score 3004 depth 11 nodes 1031884 time 392
2944 3004 30
info score 3034 depth 11 nodes 1117087 time 429
2944 3034 60
info score 3039 depth 11 nodes 4119322 time 1545
2944 3094 120
info score 3069 depth 12 nodes 4296261 time 1629
3009 3069 30
info score 3076 depth 12 nodes 7805316 time 3086
3009 3099 60
info score 3106 depth 13 nodes 8761243 time 3491
3046 3106 30
info score 3136 depth 13 nodes 9752536 time 3917
3046 3136 60
info score 3165 depth 13 nodes 22606338 time 8904
3046 3196 120
bestmove e7h4
[32;1m[Game] [0mPlayer's error code: 0
[32;1m[Game] [0mChecking move validity...
[32;1m[Board] [0mInitializing board...
[32;1m[Board] [0mLoading history file `stats/Black/game-1/history.csv`...
[32;1m[Board] [0mLoaded 13 move(s).
[32;1m[Board] [0mLoading move file `stats/Black/game-1/move.csv`...
[32;1m[Board] [0mBlack player is playing e7 to h4.
[32;1m[Board] [0m[5;1mBlack Bishop is taking White Pawn.[0m
[32;1m[Board] [0m
[32;1m[Board] [0m    a b c d e f g h 
[32;1m[Board] [0m  -------------------
[32;1m[Board] [0m8 ||[30;1mr[0m|[30;1mk[0m|[30;1mb[0m| |[30;1mK[0m| |[30;1mk[0m|[30;1mr[0m|| 8
[32;1m[Board] [0m  -------------------
[32;1m[Board] [0m7 ||[30;1mp[0m|[30;1mp[0m|[30;1mp[0m|[7;1m [0m| |[30;1mp[0m|[30;1mp[0m|[30;1mp[0m|| 7
[32;1m[Board] [0m  -------------------
[32;1m[Board] [0m6 ||[7;1m [0m| |[7;1m [0m| |[7;1m [0m| |[7;1m [0m| || 6
[32;1m[Board] [0m  -------------------
[32;1m[Board] [0m5 || |[7;1m [0m| |[30;1mp[0m|[30;1mp[0m|[7;1m [0m| |[7;1m [0m|| 5
[32;1m[Board] [0m  -------------------
[32;1m[Board] [0m4 ||[7;1m [0m| |[0;1mp[0m| |[7;1m [0m|[0;1mp[0m|[7;1m [0m|[30;1mb[0m|| 4
[32;1m[Board] [0m  -------------------
[32;1m[Board] [0m3 || |[7;1m [0m| |[7;1m [0m| |[7;1m [0m| |[7;1m [0m|| 3
[32;1m[Board] [0m  -------------------
[32;1m[Board] [0m2 ||[0;1mp[0m|[0;1mp[0m|[7;1m [0m|[0;1mp[0m|[0;1mp[0m|[0;1mr[0m|[7;1m [0m| || 2
[32;1m[Board] [0m  -------------------
[32;1m[Board] [0m1 ||[0;1mr[0m|[0;1mk[0m|[0;1mb[0m|[0;1mQ[0m|[0;1mK[0m|[0;1mb[0m|[30;1mQ[0m|[7;1m [0m|| 1
[32;1m[Board] [0m  -------------------
[32;1m[Board] [0m    a b c d e f g h
[32;1m[Board] [0m
[32;1m[Referee] [0mThis is the turn of the White player...
[32;1m[Board] [0mInitializing board...
[32;1m[Board] [0mLoading history file `stats/Black/game-1/history.csv`...
[32;1m[Board] [0mLoaded 14 move(s).
[32;1m[RandomPlayer] [0mComputing possible moves...
[32;1m[RandomPlayer] [0m17 possible move(s)
[32;1m[RandomPlayer] [0mPlaying random move 7 out of 17
[32;1m[Game] [0mPlayer's error code: 0
[32;1m[Game] [0mChecking move validity...
[32;1m[Board] [0mInitializing board...
[32;1m[Board] [0mLoading history file `stats/Black/game-1/history.csv`...
[32;1m[Board] [0mLoaded 14 move(s).
[32;1m[Board] [0mLoading move file `stats/Black/game-1/move.csv`...
[32;1m[Board] [0mWhite player is playing d2 to d4.
[32;1m[Board] [0m
[32;1m[Board] [0m    a b c d e f g h 
[32;1m[Board] [0m  -------------------
[32;1m[Board] [0m8 ||[30;1mr[0m|[30;1mk[0m|[30;1mb[0m| |[30;1mK[0m| |[30;1mk[0m|[30;1mr[0m|| 8
[32;1m[Board] [0m  -------------------
[32;1m[Board] [0m7 ||[30;1mp[0m|[30;1mp[0m|[30;1mp[0m|[7;1m [0m| |[30;1mp[0m|[30;1mp[0m|[30;1mp[0m|| 7
[32;1m[Board] [0m  -------------------
[32;1m[Board] [0m6 ||[7;1m [0m| |[7;1m [0m| |[7;1m [0m| |[7;1m [0m| || 6
[32;1m[Board] [0m  -------------------
[32;1m[Board] [0m5 || |[7;1m [0m| |[30;1mp[0m|[30;1mp[0m|[7;1m [0m| |[7;1m [0m|| 5
[32;1m[Board] [0m  -------------------
[32;1m[Board] [0m4 ||[7;1m [0m| |[0;1mp[0m|[0;1mp[0m|[7;1m [0m|[0;1mp[0m|[7;1m [0m|[30;1mb[0m|| 4
[32;1m[Board] [0m  -------------------
[32;1m[Board] [0m3 || |[7;1m [0m| |[7;1m [0m| |[7;1m [0m| |[7;1m [0m|| 3
[32;1m[Board] [0m  -------------------
[32;1m[Board] [0m2 ||[0;1mp[0m|[0;1mp[0m|[7;1m [0m| |[0;1mp[0m|[0;1mr[0m|[7;1m [0m| || 2
[32;1m[Board] [0m  -------------------
[32;1m[Board] [0m1 ||[0;1mr[0m|[0;1mk[0m|[0;1mb[0m|[0;1mQ[0m|[0;1mK[0m|[0;1mb[0m|[30;1mQ[0m|[7;1m [0m|| 1
[32;1m[Board] [0m  -------------------
[32;1m[Board] [0m    a b c d e f g h
[32;1m[Board] [0m
[32;1m[Referee] [0mThis is the turn of the Black player...
Succesfully loaded network via incbin!
info score 2726 depth 1 nodes 47 time 2
-32000 32000 30
info score 3221 depth 2 nodes 122 time 2
-32000 32000 30
info score 3221 depth 3 nodes 340 time 2
-32000 32000 30
info score 3980 depth 4 nodes 588 time 3
-32000 32000 30
info score 3980 depth 5 nodes 3114 time 4
3950 4010 30
info score 4098 depth 6 nodes 3189 time 4
3950 4010 30
info score 4098 depth 6 nodes 3192 time 4
3950 4040 60
info score 4098 depth 6 nodes 6936 time 6
3950 4100 120
info score 4098 depth 7 nodes 19038 time 13
4068 4128 30
info score 4349 depth 8 nodes 19094 time 13
4068 4128 30
info score 4349 depth 8 nodes 19311 time 13
4068 4158 60
info score 4349 depth 8 nodes 19314 time 13
4068 4218 120
info score 4349 depth 8 nodes 19317 time 13
4068 4338 240
info score 4371 depth 8 nodes 34131 time 21
4068 4578 480
info score 4371 depth 9 nodes 119461 time 68
4341 4401 30
info score 4858 depth 10 nodes 119504 time 68
4341 4401 30
info score 4858 depth 10 nodes 122423 time 70
4341 4431 60
info score 4858 depth 10 nodes 122426 time 70
4341 4491 120
info score 4858 depth 10 nodes 122429 time 70
4341 4611 240
info score 4858 depth 10 nodes 122432 time 70
4341 4851 480
info score 4858 depth 10 nodes 280655 time 163
4341 5331 960
info score 4858 depth 11 nodes 971570 time 550
4828 4888 30
info score 4888 depth 12 nodes 971903 time 550
4828 4888 30
info score 4918 depth 12 nodes 985228 time 558
4828 4918 60
info score 4978 depth 12 nodes 985497 time 558
4828 4978 120
info score 5098 depth 12 nodes 985766 time 559
4828 5098 240
info score 5193 depth 12 nodes 1811332 time 1042
4828 5338 480
info score 5193 depth 13 nodes 5051953 time 2896
5163 5223 30
info score 5193 depth 14 nodes 11953936 time 7333
5163 5223 30
bestmove g1f2
[32;1m[Game] [0mPlayer's error code: 0
[32;1m[Game] [0mChecking move validity...
[32;1m[Board] [0mInitializing board...
[32;1m[Board] [0mLoading history file `stats/Black/game-1/history.csv`...
[32;1m[Board] [0mLoaded 15 move(s).
[32;1m[Board] [0mLoading move file `stats/Black/game-1/move.csv`...
[32;1m[Board] [0mBlack player is playing g1 to f2.
[32;1m[Board] [0m[5;1mBlack Queen is taking White Rook.[0m
[32;1m[Board] [0m
[32;1m[Board] [0m    a b c d e f g h 
[32;1m[Board] [0m  -------------------
[32;1m[Board] [0m8 ||[30;1mr[0m|[30;1mk[0m|[30;1mb[0m| |[30;1mK[0m| |[30;1mk[0m|[30;1mr[0m|| 8
[32;1m[Board] [0m  -------------------
[32;1m[Board] [0m7 ||[30;1mp[0m|[30;1mp[0m|[30;1mp[0m|[7;1m [0m| |[30;1mp[0m|[30;1mp[0m|[30;1mp[0m|| 7
[32;1m[Board] [0m  -------------------
[32;1m[Board] [0m6 ||[7;1m [0m| |[7;1m [0m| |[7;1m [0m| |[7;1m [0m| || 6
[32;1m[Board] [0m  -------------------
[32;1m[Board] [0m5 || |[7;1m [0m| |[30;1mp[0m|[30;1mp[0m|[7;1m [0m| |[7;1m [0m|| 5
[32;1m[Board] [0m  -------------------
[32;1m[Board] [0m4 ||[7;1m [0m| |[0;1mp[0m|[0;1mp[0m|[7;1m [0m|[0;1mp[0m|[7;1m [0m|[30;1mb[0m|| 4
[32;1m[Board] [0m  -------------------
[32;1m[Board] [0m3 || |[7;1m [0m| |[7;1m [0m| |[7;1m [0m| |[7;1m [0m|| 3
[32;1m[Board] [0m  -------------------
[32;1m[Board] [0m2 ||[0;1mp[0m|[0;1mp[0m|[7;1m [0m| |[0;1mp[0m|[30;1mQ[0m|[7;1m [0m| || 2
[32;1m[Board] [0m  -------------------
[32;1m[Board] [0m1 ||[0;1mr[0m|[0;1mk[0m|[0;1mb[0m|[0;1mQ[0m|[0;1mK[0m|[0;1mb[0m| |[7;1m [0m|| 1
[32;1m[Board] [0m  -------------------
[32;1m[Board] [0m    a b c d e f g h
[32;1m[Board] [0m
[32;1m[Referee] [0mThis is the turn of the White player...
[32;1m[Board] [0mInitializing board...
[32;1m[Board] [0mLoading history file `stats/Black/game-1/history.csv`...
[32;1m[Board] [0mLoaded 16 move(s).
[32;1m[RandomPlayer] [0mComputing possible moves...
[32;1m[RandomPlayer] [0m1 possible move(s)
[32;1m[Game] [0mPlayer's error code: 0
[32;1m[Game] [0mChecking move validity...
[32;1m[Board] [0mInitializing board...
[32;1m[Board] [0mLoading history file `stats/Black/game-1/history.csv`...
[32;1m[Board] [0mLoaded 16 move(s).
[32;1m[Board] [0mLoading move file `stats/Black/game-1/move.csv`...
[32;1m[Board] [0mWhite player is playing e1 to d2.
[32;1m[Board] [0m
[32;1m[Board] [0m    a b c d e f g h 
[32;1m[Board] [0m  -------------------
[32;1m[Board] [0m8 ||[30;1mr[0m|[30;1mk[0m|[30;1mb[0m| |[30;1mK[0m| |[30;1mk[0m|[30;1mr[0m|| 8
[32;1m[Board] [0m  -------------------
[32;1m[Board] [0m7 ||[30;1mp[0m|[30;1mp[0m|[30;1mp[0m|[7;1m [0m| |[30;1mp[0m|[30;1mp[0m|[30;1mp[0m|| 7
[32;1m[Board] [0m  -------------------
[32;1m[Board] [0m6 ||[7;1m [0m| |[7;1m [0m| |[7;1m [0m| |[7;1m [0m| || 6
[32;1m[Board] [0m  -------------------
[32;1m[Board] [0m5 || |[7;1m [0m| |[30;1mp[0m|[30;1mp[0m|[7;1m [0m| |[7;1m [0m|| 5
[32;1m[Board] [0m  -------------------
[32;1m[Board] [0m4 ||[7;1m [0m| |[0;1mp[0m|[0;1mp[0m|[7;1m [0m|[0;1mp[0m|[7;1m [0m|[30;1mb[0m|| 4
[32;1m[Board] [0m  -------------------
[32;1m[Board] [0m3 || |[7;1m [0m| |[7;1m [0m| |[7;1m [0m| |[7;1m [0m|| 3
[32;1m[Board] [0m  -------------------
[32;1m[Board] [0m2 ||[0;1mp[0m|[0;1mp[0m|[7;1m [0m|[0;1mK[0m|[0;1mp[0m|[30;1mQ[0m|[7;1m [0m| || 2
[32;1m[Board] [0m  -------------------
[32;1m[Board] [0m1 ||[0;1mr[0m|[0;1mk[0m|[0;1mb[0m|[0;1mQ[0m| |[0;1mb[0m| |[7;1m [0m|| 1
[32;1m[Board] [0m  -------------------
[32;1m[Board] [0m    a b c d e f g h
[32;1m[Board] [0m
[32;1m[Referee] [0mThis is the turn of the Black player...
Succesfully loaded network via incbin!
info score 3221 depth 1 nodes 82 time 3
-32000 32000 30
info score 3980 depth 2 nodes 180 time 3
-32000 32000 30
info score 3980 depth 3 nodes 453 time 3
-32000 32000 30
info score 4098 depth 4 nodes 873 time 3
-32000 32000 30
info score 4098 depth 5 nodes 4010 time 5
4068 4128 30
info score 4349 depth 6 nodes 4062 time 5
4068 4128 30
info score 4349 depth 6 nodes 4065 time 5
4068 4158 60
info score 4349 depth 6 nodes 4068 time 5
4068 4218 120
info score 4349 depth 6 nodes 4071 time 5
4068 4338 240
info score 4371 depth 6 nodes 9082 time 8
4068 4578 480
info score 4371 depth 7 nodes 29461 time 19
4341 4401 30
info score 4858 depth 8 nodes 29500 time 19
4341 4401 30
info score 4858 depth 8 nodes 29898 time 20
4341 4431 60
info score 4858 depth 8 nodes 29901 time 20
4341 4491 120
info score 4858 depth 8 nodes 29904 time 20
4341 4611 240
info score 4858 depth 8 nodes 29907 time 20
4341 4851 480
info score 4858 depth 8 nodes 74188 time 47
4341 5331 960
info score 4858 depth 9 nodes 271887 time 157
4828 4888 30
info score 4888 depth 10 nodes 272228 time 157
4828 4888 30
info score 4918 depth 10 nodes 282352 time 163
4828 4918 60
info score 4978 depth 10 nodes 284468 time 164
4828 4978 120
info score 5098 depth 10 nodes 286468 time 166
4828 5098 240
info score 5193 depth 10 nodes 530070 time 312
4828 5338 480
info score 5193 depth 11 nodes 1557645 time 895
5163 5223 30
info score 5193 depth 12 nodes 3433716 time 2063
5163 5223 30
info score 5163 depth 13 nodes 11425756 time 6884
5163 5223 30
info score 5133 depth 13 nodes 14592292 time 8793
5133 5223 60
info score 5133 depth 13 nodes 14631186 time 8820
5073 5223 120
info score 5163 depth 14 nodes 14676090 time 8852
5103 5163 30
bestmove f2d4
[32;1m[Game] [0mPlayer's error code: 0
[32;1m[Game] [0mChecking move validity...
[32;1m[Board] [0mInitializing board...
[32;1m[Board] [0mLoading history file `stats/Black/game-1/history.csv`...
[32;1m[Board] [0mLoaded 17 move(s).
[32;1m[Board] [0mLoading move file `stats/Black/game-1/move.csv`...
[32;1m[Board] [0mBlack player is playing f2 to d4.
[32;1m[Board] [0m[5;1mBlack Queen is taking White Pawn.[0m
[32;1m[Board] [0m
[32;1m[Board] [0m    a b c d e f g h 
[32;1m[Board] [0m  -------------------
[32;1m[Board] [0m8 ||[30;1mr[0m|[30;1mk[0m|[30;1mb[0m| |[30;1mK[0m| |[30;1mk[0m|[30;1mr[0m|| 8
[32;1m[Board] [0m  -------------------
[32;1m[Board] [0m7 ||[30;1mp[0m|[30;1mp[0m|[30;1mp[0m|[7;1m [0m| |[30;1mp[0m|[30;1mp[0m|[30;1mp[0m|| 7
[32;1m[Board] [0m  -------------------
[32;1m[Board] [0m6 ||[7;1m [0m| |[7;1m [0m| |[7;1m [0m| |[7;1m [0m| || 6
[32;1m[Board] [0m  -------------------
[32;1m[Board] [0m5 || |[7;1m [0m| |[30;1mp[0m|[30;1mp[0m|[7;1m [0m| |[7;1m [0m|| 5
[32;1m[Board] [0m  -------------------
[32;1m[Board] [0m4 ||[7;1m [0m| |[0;1mp[0m|[30;1mQ[0m|[7;1m [0m|[0;1mp[0m|[7;1m [0m|[30;1mb[0m|| 4
[32;1m[Board] [0m  -------------------
[32;1m[Board] [0m3 || |[7;1m [0m| |[7;1m [0m| |[7;1m [0m| |[7;1m [0m|| 3
[32;1m[Board] [0m  -------------------
[32;1m[Board] [0m2 ||[0;1mp[0m|[0;1mp[0m|[7;1m [0m|[0;1mK[0m|[0;1mp[0m| |[7;1m [0m| || 2
[32;1m[Board] [0m  -------------------
[32;1m[Board] [0m1 ||[0;1mr[0m|[0;1mk[0m|[0;1mb[0m|[0;1mQ[0m| |[0;1mb[0m| |[7;1m [0m|| 1
[32;1m[Board] [0m  -------------------
[32;1m[Board] [0m    a b c d e f g h
[32;1m[Board] [0m
[32;1m[Referee] [0mThis is the turn of the White player...
[32;1m[Board] [0mInitializing board...
[32;1m[Board] [0mLoading history file `stats/Black/game-1/history.csv`...
[32;1m[Board] [0mLoaded 18 move(s).
[32;1m[RandomPlayer] [0mComputing possible moves...
[32;1m[RandomPlayer] [0m1 possible move(s)
[32;1m[Game] [0mPlayer's error code: 0
[32;1m[Game] [0mChecking move validity...
[32;1m[Board] [0mInitializing board...
[32;1m[Board] [0mLoading history file `stats/Black/game-1/history.csv`...
[32;1m[Board] [0mLoaded 18 move(s).
[32;1m[Board] [0mLoading move file `stats/Black/game-1/move.csv`...
[32;1m[Board] [0mWhite player is playing d2 to c2.
[32;1m[Board] [0m
[32;1m[Board] [0m    a b c d e f g h 
[32;1m[Board] [0m  -------------------
[32;1m[Board] [0m8 ||[30;1mr[0m|[30;1mk[0m|[30;1mb[0m| |[30;1mK[0m| |[30;1mk[0m|[30;1mr[0m|| 8
[32;1m[Board] [0m  -------------------
[32;1m[Board] [0m7 ||[30;1mp[0m|[30;1mp[0m|[30;1mp[0m|[7;1m [0m| |[30;1mp[0m|[30;1mp[0m|[30;1mp[0m|| 7
[32;1m[Board] [0m  -------------------
[32;1m[Board] [0m6 ||[7;1m [0m| |[7;1m [0m| |[7;1m [0m| |[7;1m [0m| || 6
[32;1m[Board] [0m  -------------------
[32;1m[Board] [0m5 || |[7;1m [0m| |[30;1mp[0m|[30;1mp[0m|[7;1m [0m| |[7;1m [0m|| 5
[32;1m[Board] [0m  -------------------
[32;1m[Board] [0m4 ||[7;1m [0m| |[0;1mp[0m|[30;1mQ[0m|[7;1m [0m|[0;1mp[0m|[7;1m [0m|[30;1mb[0m|| 4
[32;1m[Board] [0m  -------------------
[32;1m[Board] [0m3 || |[7;1m [0m| |[7;1m [0m| |[7;1m [0m| |[7;1m [0m|| 3
[32;1m[Board] [0m  -------------------
[32;1m[Board] [0m2 ||[0;1mp[0m|[0;1mp[0m|[0;1mK[0m| |[0;1mp[0m| |[7;1m [0m| || 2
[32;1m[Board] [0m  -------------------
[32;1m[Board] [0m1 ||[0;1mr[0m|[0;1mk[0m|[0;1mb[0m|[0;1mQ[0m| |[0;1mb[0m| |[7;1m [0m|| 1
[32;1m[Board] [0m  -------------------
[32;1m[Board] [0m    a b c d e f g h
[32;1m[Board] [0m
[32;1m[Referee] [0mThis is the turn of the Black player...
Succesfully loaded network via incbin!
info score 3980 depth 1 nodes 54 time 3
-32000 32000 30
info score 4098 depth 2 nodes 167 time 3
-32000 32000 30
info score 4098 depth 3 nodes 601 time 3
-32000 32000 30
info score 4371 depth 4 nodes 1181 time 4
-32000 32000 30
info score 4371 depth 5 nodes 5470 time 6
4341 4401 30
info score 4858 depth 6 nodes 5505 time 6
4341 4401 30
info score 4858 depth 6 nodes 5508 time 6
4341 4431 60
info score 4858 depth 6 nodes 5511 time 6
4341 4491 120
info score 4858 depth 6 nodes 5514 time 6
4341 4611 240
info score 4858 depth 6 nodes 5517 time 6
4341 4851 480
info score 4858 depth 6 nodes 11292 time 10
4341 5331 960
info score 4858 depth 7 nodes 38848 time 25
4828 4888 30
info score 4888 depth 8 nodes 39185 time 25
4828 4888 30
info score 4918 depth 8 nodes 39276 time 25
4828 4918 60
info score 4978 depth 8 nodes 39367 time 25
4828 4978 120
info score 5098 depth 8 nodes 39458 time 25
4828 5098 240
info score 5193 depth 8 nodes 74639 time 46
4828 5338 480
info score 5193 depth 9 nodes 233917 time 136
5163 5223 30
info score 5193 depth 10 nodes 475964 time 284
5163 5223 30
info score 5163 depth 11 nodes 1598099 time 931
5163 5223 30
info score 5133 depth 11 nodes 1712891 time 989
5133 5223 60
info score 5133 depth 11 nodes 1733636 time 1004
5073 5223 120
info score 5163 depth 12 nodes 1752763 time 1018
5103 5163 30
info score 5193 depth 12 nodes 1775680 time 1033
5103 5193 60
info score 5253 depth 12 nodes 1784862 time 1040
5103 5253 120
info score 5362 depth 12 nodes 2972962 time 1771
5103 5373 240
info score 5350 depth 13 nodes 8263497 time 4139
5332 5392 30
info score 5380 depth 14 nodes 8541506 time 4256
5320 5380 30
info score 5410 depth 14 nodes 8652748 time 4301
5320 5410 60
info score 5470 depth 14 nodes 8705590 time 4325
5320 5470 120
info score 5590 depth 14 nodes 8761584 time 4352
5320 5590 240
info score 5730 depth 14 nodes 16443336 time 7427
5320 5830 480
bestmove c8f5
[32;1m[Game] [0mPlayer's error code: 0
[32;1m[Game] [0mChecking move validity...
[32;1m[Board] [0mInitializing board...
[32;1m[Board] [0mLoading history file `stats/Black/game-1/history.csv`...
[32;1m[Board] [0mLoaded 19 move(s).
[32;1m[Board] [0mLoading move file `stats/Black/game-1/move.csv`...
[32;1m[Board] [0mBlack player is playing c8 to f5.
[32;1m[Board] [0m
[32;1m[Board] [0m    a b c d e f g h 
[32;1m[Board] [0m  -------------------
[32;1m[Board] [0m8 ||[30;1mr[0m|[30;1mk[0m|[7;1m [0m| |[30;1mK[0m| |[30;1mk[0m|[30;1mr[0m|| 8
[32;1m[Board] [0m  -------------------
[32;1m[Board] [0m7 ||[30;1mp[0m|[30;1mp[0m|[30;1mp[0m|[7;1m [0m| |[30;1mp[0m|[30;1mp[0m|[30;1mp[0m|| 7
[32;1m[Board] [0m  -------------------
[32;1m[Board] [0m6 ||[7;1m [0m| |[7;1m [0m| |[7;1m [0m| |[7;1m [0m| || 6
[32;1m[Board] [0m  -------------------
[32;1m[Board] [0m5 || |[7;1m [0m| |[30;1mp[0m|[30;1mp[0m|[30;1mb[0m| |[7;1m [0m|| 5
[32;1m[Board] [0m  -------------------
[32;1m[Board] [0m4 ||[7;1m [0m| |[0;1mp[0m|[30;1mQ[0m|[7;1m [0m|[0;1mp[0m|[7;1m [0m|[30;1mb[0m|| 4
[32;1m[Board] [0m  -------------------
[32;1m[Board] [0m3 || |[7;1m [0m| |[7;1m [0m| |[7;1m [0m| |[7;1m [0m|| 3
[32;1m[Board] [0m  -------------------
[32;1m[Board] [0m2 ||[0;1mp[0m|[0;1mp[0m|[0;1mK[0m| |[0;1mp[0m| |[7;1m [0m| || 2
[32;1m[Board] [0m  -------------------
[32;1m[Board] [0m1 ||[0;1mr[0m|[0;1mk[0m|[0;1mb[0m|[0;1mQ[0m| |[0;1mb[0m| |[7;1m [0m|| 1
[32;1m[Board] [0m  -------------------
[32;1m[Board] [0m    a b c d e f g h
[32;1m[Board] [0m
[32;1m[Referee] [0mThis is the turn of the White player...
[32;1m[Board] [0mInitializing board...
[32;1m[Board] [0mLoading history file `stats/Black/game-1/history.csv`...
[32;1m[Board] [0mLoaded 20 move(s).
[32;1m[RandomPlayer] [0mComputing possible moves...
[32;1m[RandomPlayer] [0m3 possible move(s)
[32;1m[RandomPlayer] [0mPlaying random move 0 out of 3
[32;1m[Game] [0mPlayer's error code: 0
[32;1m[Game] [0mChecking move validity...
[32;1m[Board] [0mInitializing board...
[32;1m[Board] [0mLoading history file `stats/Black/game-1/history.csv`...
[32;1m[Board] [0mLoaded 20 move(s).
[32;1m[Board] [0mLoading move file `stats/Black/game-1/move.csv`...
[32;1m[Board] [0mWhite player is playing e2 to e4.
[32;1m[Board] [0m
[32;1m[Board] [0m    a b c d e f g h 
[32;1m[Board] [0m  -------------------
[32;1m[Board] [0m8 ||[30;1mr[0m|[30;1mk[0m|[7;1m [0m| |[30;1mK[0m| |[30;1mk[0m|[30;1mr[0m|| 8
[32;1m[Board] [0m  -------------------
[32;1m[Board] [0m7 ||[30;1mp[0m|[30;1mp[0m|[30;1mp[0m|[7;1m [0m| |[30;1mp[0m|[30;1mp[0m|[30;1mp[0m|| 7
[32;1m[Board] [0m  -------------------
[32;1m[Board] [0m6 ||[7;1m [0m| |[7;1m [0m| |[7;1m [0m| |[7;1m [0m| || 6
[32;1m[Board] [0m  -------------------
[32;1m[Board] [0m5 || |[7;1m [0m| |[30;1mp[0m|[30;1mp[0m|[30;1mb[0m| |[7;1m [0m|| 5
[32;1m[Board] [0m  -------------------
[32;1m[Board] [0m4 ||[7;1m [0m| |[0;1mp[0m|[30;1mQ[0m|[0;1mp[0m|[0;1mp[0m|[7;1m [0m|[30;1mb[0m|| 4
[32;1m[Board] [0m  -------------------
[32;1m[Board] [0m3 || |[7;1m [0m| |[7;1m [0m| |[7;1m [0m| |[7;1m [0m|| 3
[32;1m[Board] [0m  -------------------
[32;1m[Board] [0m2 ||[0;1mp[0m|[0;1mp[0m|[0;1mK[0m| |[7;1m [0m| |[7;1m [0m| || 2
[32;1m[Board] [0m  -------------------
[32;1m[Board] [0m1 ||[0;1mr[0m|[0;1mk[0m|[0;1mb[0m|[0;1mQ[0m| |[0;1mb[0m| |[7;1m [0m|| 1
[32;1m[Board] [0m  -------------------
[32;1m[Board] [0m    a b c d e f g h
[32;1m[Board] [0m
[32;1m[Referee] [0mThis is the turn of the Black player...
Succesfully loaded network via incbin!
info score 4098 depth 1 nodes 64 time 3
-32000 32000 30
info score 4371 depth 2 nodes 194 time 3
-32000 32000 30
info score 4371 depth 3 nodes 652 time 3
-32000 32000 30
info score 4858 depth 4 nodes 1277 time 3
-32000 32000 30
info score 4858 depth 5 nodes 5245 time 4
4828 4888 30
info score 5193 depth 6 nodes 5435 time 4
4828 4888 30
info score 5193 depth 6 nodes 5438 time 4
4828 4918 60
info score 5193 depth 6 nodes 5441 time 4
4828 4978 120
info score 5193 depth 6 nodes 5444 time 4
4828 5098 240
info score 5193 depth 6 nodes 11124 time 6
4828 5338 480
info score 5193 depth 7 nodes 39745 time 16
5163 5223 30
info score 5193 depth 8 nodes 76803 time 29
5163 5223 30
info score 5163 depth 9 nodes 250851 time 86
5163 5223 30
info score 5133 depth 9 nodes 265580 time 90
5133 5223 60
info score 5133 depth 9 nodes 282490 time 97
5073 5223 120
info score 5163 depth 10 nodes 292200 time 102
5103 5163 30
info score 5193 depth 10 nodes 294621 time 103
5103 5193 60
info score 5253 depth 10 nodes 297655 time 105
5103 5253 120
info score 5362 depth 10 nodes 567112 time 207
5103 5373 240
info score 5350 depth 11 nodes 1800590 time 644
5332 5392 30
info score 5380 depth 12 nodes 1864139 time 675
5320 5380 30
info score 5410 depth 12 nodes 1882380 time 683
5320 5410 60
info score 5470 depth 12 nodes 1906751 time 695
5320 5470 120
info score 5590 depth 12 nodes 1945153 time 714
5320 5590 240
info score 5730 depth 12 nodes 3263540 time 1229
5320 5830 480
info score 5700 depth 13 nodes 8589359 time 3189
5700 5760 30
info score 5670 depth 13 nodes 9821491 time 3629
5670 5760 60
info score 5646 depth 13 nodes 11347624 time 4202
5610 5760 120
info score 5676 depth 14 nodes 11818523 time 4432
5616 5676 30
info score 5706 depth 14 nodes 11973290 time 4505
5616 5706 60
info score 5766 depth 14 nodes 12283872 time 4653
5616 5766 120
info score 5886 depth 14 nodes 12878676 time 4947
5616 5886 240
info score 6126 depth 14 nodes 13523169 time 5264
5616 6126 480
info score 6606 depth 14 nodes 14575988 time 5776
5616 6606 960
bestmove f5e4
[32;1m[Game] [0mPlayer's error code: 0
[32;1m[Game] [0mChecking move validity...
[32;1m[Board] [0mInitializing board...
[32;1m[Board] [0mLoading history file `stats/Black/game-1/history.csv`...
[32;1m[Board] [0mLoaded 21 move(s).
[32;1m[Board] [0mLoading move file `stats/Black/game-1/move.csv`...
[32;1m[Board] [0mBlack player is playing f5 to e4.
[32;1m[Board] [0m[5;1mBlack Bishop is taking White Pawn.[0m
[32;1m[Board] [0m
[32;1m[Board] [0m    a b c d e f g h 
[32;1m[Board] [0m  -------------------
[32;1m[Board] [0m8 ||[30;1mr[0m|[30;1mk[0m|[7;1m [0m| |[30;1mK[0m| |[30;1mk[0m|[30;1mr[0m|| 8
[32;1m[Board] [0m  -------------------
[32;1m[Board] [0m7 ||[30;1mp[0m|[30;1mp[0m|[30;1mp[0m|[7;1m [0m| |[30;1mp[0m|[30;1mp[0m|[30;1mp[0m|| 7
[32;1m[Board] [0m  -------------------
[32;1m[Board] [0m6 ||[7;1m [0m| |[7;1m [0m| |[7;1m [0m| |[7;1m [0m| || 6
[32;1m[Board] [0m  -------------------
[32;1m[Board] [0m5 || |[7;1m [0m| |[30;1mp[0m|[30;1mp[0m|[7;1m [0m| |[7;1m [0m|| 5
[32;1m[Board] [0m  -------------------
[32;1m[Board] [0m4 ||[7;1m [0m| |[0;1mp[0m|[30;1mQ[0m|[30;1mb[0m|[0;1mp[0m|[7;1m [0m|[30;1mb[0m|| 4
[32;1m[Board] [0m  -------------------
[32;1m[Board] [0m3 || |[7;1m [0m| |[7;1m [0m| |[7;1m [0m| |[7;1m [0m|| 3
[32;1m[Board] [0m  -------------------
[32;1m[Board] [0m2 ||[0;1mp[0m|[0;1mp[0m|[0;1mK[0m| |[7;1m [0m| |[7;1m [0m| || 2
[32;1m[Board] [0m  -------------------
[32;1m[Board] [0m1 ||[0;1mr[0m|[0;1mk[0m|[0;1mb[0m|[0;1mQ[0m| |[0;1mb[0m| |[7;1m [0m|| 1
[32;1m[Board] [0m  -------------------
[32;1m[Board] [0m    a b c d e f g h
[32;1m[Board] [0m
[32;1m[Referee] [0mThis is the turn of the White player...
[32;1m[Board] [0mInitializing board...
[32;1m[Board] [0mLoading history file `stats/Black/game-1/history.csv`...
[32;1m[Board] [0mLoaded 22 move(s).
[32;1m[RandomPlayer] [0mComputing possible moves...
[32;1m[RandomPlayer] [0m3 possible move(s)
[32;1m[RandomPlayer] [0mPlaying random move 1 out of 3
[32;1m[Game] [0mPlayer's error code: 0
[32;1m[Game] [0mChecking move validity...
[32;1m[Board] [0mInitializing board...
[32;1m[Board] [0mLoading history file `stats/Black/game-1/history.csv`...
[32;1m[Board] [0mLoaded 22 move(s).
[32;1m[Board] [0mLoading move file `stats/Black/game-1/move.csv`...
[32;1m[Board] [0mWhite player is playing d1 to d3.
[32;1m[Board] [0m
[32;1m[Board] [0m    a b c d e f g h 
[32;1m[Board] [0m  -------------------
[32;1m[Board] [0m8 ||[30;1mr[0m|[30;1mk[0m|[7;1m [0m| |[30;1mK[0m| |[30;1mk[0m|[30;1mr[0m|| 8
[32;1m[Board] [0m  -------------------
[32;1m[Board] [0m7 ||[30;1mp[0m|[30;1mp[0m|[30;1mp[0m|[7;1m [0m| |[30;1mp[0m|[30;1mp[0m|[30;1mp[0m|| 7
[32;1m[Board] [0m  -------------------
[32;1m[Board] [0m6 ||[7;1m [0m| |[7;1m [0m| |[7;1m [0m| |[7;1m [0m| || 6
[32;1m[Board] [0m  -------------------
[32;1m[Board] [0m5 || |[7;1m [0m| |[30;1mp[0m|[30;1mp[0m|[7;1m [0m| |[7;1m [0m|| 5
[32;1m[Board] [0m  -------------------
[32;1m[Board] [0m4 ||[7;1m [0m| |[0;1mp[0m|[30;1mQ[0m|[30;1mb[0m|[0;1mp[0m|[7;1m [0m|[30;1mb[0m|| 4
[32;1m[Board] [0m  -------------------
[32;1m[Board] [0m3 || |[7;1m [0m| |[0;1mQ[0m| |[7;1m [0m| |[7;1m [0m|| 3
[32;1m[Board] [0m  -------------------
[32;1m[Board] [0m2 ||[0;1mp[0m|[0;1mp[0m|[0;1mK[0m| |[7;1m [0m| |[7;1m [0m| || 2
[32;1m[Board] [0m  -------------------
[32;1m[Board] [0m1 ||[0;1mr[0m|[0;1mk[0m|[0;1mb[0m|[7;1m [0m| |[0;1mb[0m| |[7;1m [0m|| 1
[32;1m[Board] [0m  -------------------
[32;1m[Board] [0m    a b c d e f g h
[32;1m[Board] [0m
[32;1m[Referee] [0mThis is the turn of the Black player...
Succesfully loaded network via incbin!
info score 6547 depth 1 nodes 64 time 3
-32000 32000 30
info score 6708 depth 2 nodes 258 time 3
-32000 32000 30
info score 6708 depth 3 nodes 617 time 3
-32000 32000 30
info score 6708 depth 4 nodes 1155 time 3
-32000 32000 30
info score 6678 depth 5 nodes 8685 time 7
6678 6738 30
info score 6648 depth 5 nodes 10931 time 8
6648 6738 60
info score 6637 depth 5 nodes 12768 time 9
6588 6738 120
info score 6667 depth 6 nodes 14983 time 10
6607 6667 30
info score 6697 depth 6 nodes 15429 time 10
6607 6697 60
info score 6767 depth 6 nodes 17754 time 12
6607 6757 120
info score 6879 depth 6 nodes 18304 time 12
6607 6877 240
info score 6899 depth 6 nodes 26347 time 16
6607 7117 480
info score 6899 depth 7 nodes 66025 time 31
6869 6929 30
info score 6929 depth 8 nodes 109326 time 52
6869 6929 30
info score 6959 depth 8 nodes 113157 time 54
6869 6959 60
info score 7019 depth 8 nodes 116003 time 56
6869 7019 120
info score 7139 depth 8 nodes 120648 time 58
6869 7139 240
info score 7190 depth 8 nodes 153399 time 73
6869 7379 480
info score 7190 depth 9 nodes 359146 time 149
7160 7220 30
info score 7220 depth 10 nodes 395689 time 169
7160 7220 30
info score 7250 depth 10 nodes 414105 time 178
7160 7250 60
info score 7250 depth 10 nodes 815445 time 351
7160 7310 120
info score 7280 depth 11 nodes 1046557 time 462
7220 7280 30
info score 7310 depth 11 nodes 1098140 time 488
7220 7310 60
info score 7357 depth 11 nodes 2476678 time 1040
7220 7370 120
info score 7387 depth 12 nodes 2866578 time 1238
7327 7387 30
info score 7417 depth 12 nodes 2976645 time 1297
7327 7417 60
info score 7476 depth 12 nodes 4936884 time 2165
7327 7477 120
info score 7506 depth 13 nodes 6499141 time 2890
7446 7506 30
info score 7536 depth 13 nodes 6822889 time 3056
7446 7536 60
info score 7576 depth 13 nodes 13956084 time 5933
7446 7596 120
info score 7606 depth 14 nodes 16273870 time 7080
7546 7606 30
info score 7636 depth 14 nodes 17724296 time 7804
7546 7636 60
bestmove b8c6
[32;1m[Game] [0mPlayer's error code: 0
[32;1m[Game] [0mChecking move validity...
[32;1m[Board] [0mInitializing board...
[32;1m[Board] [0mLoading history file `stats/Black/game-1/history.csv`...
[32;1m[Board] [0mLoaded 23 move(s).
[32;1m[Board] [0mLoading move file `stats/Black/game-1/move.csv`...
[32;1m[Board] [0mBlack player is playing b8 to c6.
[32;1m[Board] [0m
[32;1m[Board] [0m    a b c d e f g h 
[32;1m[Board] [0m  -------------------
[32;1m[Board] [0m8 ||[30;1mr[0m| |[7;1m [0m| |[30;1mK[0m| |[30;1mk[0m|[30;1mr[0m|| 8
[32;1m[Board] [0m  -------------------
[32;1m[Board] [0m7 ||[30;1mp[0m|[30;1mp[0m|[30;1mp[0m|[7;1m [0m| |[30;1mp[0m|[30;1mp[0m|[30;1mp[0m|| 7
[32;1m[Board] [0m  -------------------
[32;1m[Board] [0m6 ||[7;1m [0m| |[30;1mk[0m| |[7;1m [0m| |[7;1m [0m| || 6
[32;1m[Board] [0m  -------------------
[32;1m[Board] [0m5 || |[7;1m [0m| |[30;1mp[0m|[30;1mp[0m|[7;1m [0m| |[7;1m [0m|| 5
[32;1m[Board] [0m  -------------------
[32;1m[Board] [0m4 ||[7;1m [0m| |[0;1mp[0m|[30;1mQ[0m|[30;1mb[0m|[0;1mp[0m|[7;1m [0m|[30;1mb[0m|| 4
[32;1m[Board] [0m  -------------------
[32;1m[Board] [0m3 || |[7;1m [0m| |[0;1mQ[0m| |[7;1m [0m| |[7;1m [0m|| 3
[32;1m[Board] [0m  -------------------
[32;1m[Board] [0m2 ||[0;1mp[0m|[0;1mp[0m|[0;1mK[0m| |[7;1m [0m| |[7;1m [0m| || 2
[32;1m[Board] [0m  -------------------
[32;1m[Board] [0m1 ||[0;1mr[0m|[0;1mk[0m|[0;1mb[0m|[7;1m [0m| |[0;1mb[0m| |[7;1m [0m|| 1
[32;1m[Board] [0m  -------------------
[32;1m[Board] [0m    a b c d e f g h
[32;1m[Board] [0m
[32;1m[Referee] [0mThis is the turn of the White player...
[32;1m[Board] [0mInitializing board...
[32;1m[Board] [0mLoading history file `stats/Black/game-1/history.csv`...
[32;1m[Board] [0mLoaded 24 move(s).
[32;1m[RandomPlayer] [0mComputing possible moves...
[32;1m[RandomPlayer] [0m20 possible move(s)
[32;1m[RandomPlayer] [0mPlaying random move 6 out of 20
[32;1m[Game] [0mPlayer's error code: 0
[32;1m[Game] [0mChecking move validity...
[32;1m[Board] [0mInitializing board...
[32;1m[Board] [0mLoading history file `stats/Black/game-1/history.csv`...
[32;1m[Board] [0mLoaded 24 move(s).
[32;1m[Board] [0mLoading move file `stats/Black/game-1/move.csv`...
[32;1m[Board] [0mWhite player is playing f4 to f5.
[32;1m[Board] [0m
[32;1m[Board] [0m    a b c d e f g h 
[32;1m[Board] [0m  -------------------
[32;1m[Board] [0m8 ||[30;1mr[0m| |[7;1m [0m| |[30;1mK[0m| |[30;1mk[0m|[30;1mr[0m|| 8
[32;1m[Board] [0m  -------------------
[32;1m[Board] [0m7 ||[30;1mp[0m|[30;1mp[0m|[30;1mp[0m|[7;1m [0m| |[30;1mp[0m|[30;1mp[0m|[30;1mp[0m|| 7
[32;1m[Board] [0m  -------------------
[32;1m[Board] [0m6 ||[7;1m [0m| |[30;1mk[0m| |[7;1m [0m| |[7;1m [0m| || 6
[32;1m[Board] [0m  -------------------
[32;1m[Board] [0m5 || |[7;1m [0m| |[30;1mp[0m|[30;1mp[0m|[0;1mp[0m| |[7;1m [0m|| 5
[32;1m[Board] [0m  -------------------
[32;1m[Board] [0m4 ||[7;1m [0m| |[0;1mp[0m|[30;1mQ[0m|[30;1mb[0m| |[7;1m [0m|[30;1mb[0m|| 4
[32;1m[Board] [0m  -------------------
[32;1m[Board] [0m3 || |[7;1m [0m| |[0;1mQ[0m| |[7;1m [0m| |[7;1m [0m|| 3
[32;1m[Board] [0m  -------------------
[32;1m[Board] [0m2 ||[0;1mp[0m|[0;1mp[0m|[0;1mK[0m| |[7;1m [0m| |[7;1m [0m| || 2
[32;1m[Board] [0m  -------------------
[32;1m[Board] [0m1 ||[0;1mr[0m|[0;1mk[0m|[0;1mb[0m|[7;1m [0m| |[0;1mb[0m| |[7;1m [0m|| 1
[32;1m[Board] [0m  -------------------
[32;1m[Board] [0m    a b c d e f g h
[32;1m[Board] [0m
[32;1m[Referee] [0mThis is the turn of the Black player...
Succesfully loaded network via incbin!
info score 6678 depth 1 nodes 61 time 2
-32000 32000 30
info score 6852 depth 2 nodes 239 time 2
-32000 32000 30
info score 6852 depth 3 nodes 643 time 2
-32000 32000 30
info score 7249 depth 4 nodes 1999 time 3
-32000 32000 30
info score 7249 depth 5 nodes 5525 time 4
7219 7279 30
info score 7302 depth 6 nodes 5826 time 4
7219 7279 30
info score 7311 depth 6 nodes 5935 time 4
7219 7309 60
info score 7364 depth 6 nodes 13886 time 7
7219 7369 120
info score 7406 depth 7 nodes 15395 time 8
7334 7394 30
info score 7425 depth 7 nodes 15522 time 9
7334 7424 60
info score 7476 depth 7 nodes 44745 time 19
7334 7484 120
info score 7506 depth 8 nodes 50415 time 23
7446 7506 30
info score 7536 depth 8 nodes 52187 time 23
7446 7536 60
info score 7596 depth 8 nodes 65467 time 30
7446 7596 120
info score 7652 depth 8 nodes 111012 time 48
7446 7716 240
info score 7682 depth 9 nodes 168832 time 74
7622 7682 30
info score 7712 depth 9 nodes 172902 time 76
7622 7712 60
info score 7726 depth 9 nodes 349413 time 142
7622 7772 120
info score 7756 depth 10 nodes 389479 time 165
7696 7756 30
info score 7786 depth 10 nodes 400058 time 170
7696 7786 60
info score 7846 depth 10 nodes 428640 time 185
7696 7846 120
info score 7966 depth 10 nodes 498382 time 218
7696 7966 240
info score 8000 depth 10 nodes 787848 time 344
7696 8206 480
info score 8030 depth 11 nodes 825417 time 366
7970 8030 30
info score 8060 depth 11 nodes 842522 time 375
7970 8060 60
info score 8120 depth 11 nodes 869629 time 389
7970 8120 120
info score 8145 depth 11 nodes 2105755 time 866
7970 8240 240
info score 8175 depth 12 nodes 2186770 time 914
8115 8175 30
info score 8205 depth 12 nodes 2239894 time 940
8115 8205 60
info score 8265 depth 12 nodes 2326064 time 983
8115 8265 120
info score 8385 depth 12 nodes 2438860 time 1042
8115 8385 240
info score 8625 depth 12 nodes 2918619 time 1271
8115 8625 480
info score 9105 depth 12 nodes 3214686 time 1403
8115 9105 960
info score 10065 depth 12 nodes 3240659 time 1415
8115 10065 1920
info score 11985 depth 12 nodes 3244116 time 1417
8115 11985 3840
info score 15825 depth 12 nodes 3249182 time 1419
8115 15825 7680
info score 23505 depth 12 nodes 3275301 time 1430
8115 23505 15360
info score 31989 depth 12 nodes 4959964 time 2126
8115 32000 30720
info score 31989 depth 13 nodes 13027349 time 5240
31959 32000 30
bestmove e4d3
[32;1m[Game] [0mPlayer's error code: 0
[32;1m[Game] [0mChecking move validity...
[32;1m[Board] [0mInitializing board...
[32;1m[Board] [0mLoading history file `stats/Black/game-1/history.csv`...
[32;1m[Board] [0mLoaded 25 move(s).
[32;1m[Board] [0mLoading move file `stats/Black/game-1/move.csv`...
[32;1m[Board] [0mBlack player is playing e4 to d3.
[32;1m[Board] [0m[5;1mBlack Bishop is taking White Queen.[0m
[32;1m[Board] [0m
[32;1m[Board] [0m    a b c d e f g h 
[32;1m[Board] [0m  -------------------
[32;1m[Board] [0m8 ||[30;1mr[0m| |[7;1m [0m| |[30;1mK[0m| |[30;1mk[0m|[30;1mr[0m|| 8
[32;1m[Board] [0m  -------------------
[32;1m[Board] [0m7 ||[30;1mp[0m|[30;1mp[0m|[30;1mp[0m|[7;1m [0m| |[30;1mp[0m|[30;1mp[0m|[30;1mp[0m|| 7
[32;1m[Board] [0m  -------------------
[32;1m[Board] [0m6 ||[7;1m [0m| |[30;1mk[0m| |[7;1m [0m| |[7;1m [0m| || 6
[32;1m[Board] [0m  -------------------
[32;1m[Board] [0m5 || |[7;1m [0m| |[30;1mp[0m|[30;1mp[0m|[0;1mp[0m| |[7;1m [0m|| 5
[32;1m[Board] [0m  -------------------
[32;1m[Board] [0m4 ||[7;1m [0m| |[0;1mp[0m|[30;1mQ[0m|[7;1m [0m| |[7;1m [0m|[30;1mb[0m|| 4
[32;1m[Board] [0m  -------------------
[32;1m[Board] [0m3 || |[7;1m [0m| |[30;1mb[0m| |[7;1m [0m| |[7;1m [0m|| 3
[32;1m[Board] [0m  -------------------
[32;1m[Board] [0m2 ||[0;1mp[0m|[0;1mp[0m|[0;1mK[0m| |[7;1m [0m| |[7;1m [0m| || 2
[32;1m[Board] [0m  -------------------
[32;1m[Board] [0m1 ||[0;1mr[0m|[0;1mk[0m|[0;1mb[0m|[7;1m [0m| |[0;1mb[0m| |[7;1m [0m|| 1
[32;1m[Board] [0m  -------------------
[32;1m[Board] [0m    a b c d e f g h
[32;1m[Board] [0m
[32;1m[Referee] [0mThis is the turn of the White player...
[32;1m[Board] [0mInitializing board...
[32;1m[Board] [0mLoading history file `stats/Black/game-1/history.csv`...
[32;1m[Board] [0mLoaded 26 move(s).
[32;1m[RandomPlayer] [0mComputing possible moves...
[32;1m[RandomPlayer] [0m4 possible move(s)
[32;1m[RandomPlayer] [0mPlaying random move 0 out of 4
[32;1m[Game] [0mPlayer's error code: 0
[32;1m[Game] [0mChecking move validity...
[32;1m[Board] [0mInitializing board...
[32;1m[Board] [0mLoading history file `stats/Black/game-1/history.csv`...
[32;1m[Board] [0mLoaded 26 move(s).
[32;1m[Board] [0mLoading move file `stats/Black/game-1/move.csv`...
[32;1m[Board] [0mWhite player is playing f1 to d3.
[32;1m[Board] [0m[5;1mWhite Bishop is taking Black Bishop.[0m
[32;1m[Board] [0m
[32;1m[Board] [0m    a b c d e f g h 
[32;1m[Board] [0m  -------------------
[32;1m[Board] [0m8 ||[30;1mr[0m| |[7;1m [0m| |[30;1mK[0m| |[30;1mk[0m|[30;1mr[0m|| 8
[32;1m[Board] [0m  -------------------
[32;1m[Board] [0m7 ||[30;1mp[0m|[30;1mp[0m|[30;1mp[0m|[7;1m [0m| |[30;1mp[0m|[30;1mp[0m|[30;1mp[0m|| 7
[32;1m[Board] [0m  -------------------
[32;1m[Board] [0m6 ||[7;1m [0m| |[30;1mk[0m| |[7;1m [0m| |[7;1m [0m| || 6
[32;1m[Board] [0m  -------------------
[32;1m[Board] [0m5 || |[7;1m [0m| |[30;1mp[0m|[30;1mp[0m|[0;1mp[0m| |[7;1m [0m|| 5
[32;1m[Board] [0m  -------------------
[32;1m[Board] [0m4 ||[7;1m [0m| |[0;1mp[0m|[30;1mQ[0m|[7;1m [0m| |[7;1m [0m|[30;1mb[0m|| 4
[32;1m[Board] [0m  -------------------
[32;1m[Board] [0m3 || |[7;1m [0m| |[0;1mb[0m| |[7;1m [0m| |[7;1m [0m|| 3
[32;1m[Board] [0m  -------------------
[32;1m[Board] [0m2 ||[0;1mp[0m|[0;1mp[0m|[0;1mK[0m| |[7;1m [0m| |[7;1m [0m| || 2
[32;1m[Board] [0m  -------------------
[32;1m[Board] [0m1 ||[0;1mr[0m|[0;1mk[0m|[0;1mb[0m|[7;1m [0m| |[7;1m [0m| |[7;1m [0m|| 1
[32;1m[Board] [0m  -------------------
[32;1m[Board] [0m    a b c d e f g h
[32;1m[Board] [0m
[32;1m[Referee] [0mThis is the turn of the Black player...
Succesfully loaded network via incbin!
info score 6709 depth 1 nodes 130 time 2
-32000 32000 30
info score 7249 depth 2 nodes 360 time 2
-32000 32000 30
info score 7249 depth 3 nodes 669 time 2
-32000 32000 30
info score 7352 depth 4 nodes 1137 time 2
-32000 32000 30
info score 7389 depth 5 nodes 1382 time 2
7322 7382 30
info score 7416 depth 5 nodes 1478 time 3
7322 7412 60
info score 7474 depth 5 nodes 2473 time 3
7322 7472 120
info score 7474 depth 5 nodes 4876 time 4
7322 7592 240
info score 7507 depth 6 nodes 5803 time 4
7444 7504 30
info score 7536 depth 6 nodes 6067 time 4
7444 7534 60
info score 7594 depth 6 nodes 7045 time 5
7444 7594 120
info score 7652 depth 6 nodes 13773 time 8
7444 7714 240
info score 7645 depth 7 nodes 45443 time 19
7622 7682 30
info score 7678 depth 8 nodes 48190 time 20
7615 7675 30
info score 7706 depth 8 nodes 49515 time 21
7615 7705 60
info score 7765 depth 8 nodes 51361 time 22
7615 7765 120
info score 7833 depth 8 nodes 89176 time 37
7615 7885 240
info score 7857 depth 9 nodes 272209 time 103
7803 7863 30
info score 7887 depth 10 nodes 290480 time 112
7827 7887 30
info score 7917 depth 10 nodes 295811 time 115
7827 7917 60
info score 7977 depth 10 nodes 314865 time 124
7827 7977 120
info score 8097 depth 10 nodes 340868 time 136
7827 8097 240
info score 8337 depth 10 nodes 358091 time 145
7827 8337 480
info score 8817 depth 10 nodes 403938 time 165
7827 8817 960
info score 9777 depth 10 nodes 420860 time 173
7827 9777 1920
info score 11697 depth 10 nodes 420932 time 173
7827 11697 3840
info score 15537 depth 10 nodes 421004 time 173
7827 15537 7680
info score 23217 depth 10 nodes 421076 time 173
7827 23217 15360
info score 31991 depth 10 nodes 677243 time 275
7827 32000 30720
info score 31991 depth 11 nodes 1773894 time 682
31961 32000 30
info score 31991 depth 12 nodes 3062756 time 1192
31961 32000 30
info score 31991 depth 13 nodes 12296630 time 4762
31961 32000 30
bestmove d5c4
[32;1m[Game] [0mPlayer's error code: 0
[32;1m[Game] [0mChecking move validity...
[32;1m[Board] [0mInitializing board...
[32;1m[Board] [0mLoading history file `stats/Black/game-1/history.csv`...
[32;1m[Board] [0mLoaded 27 move(s).
[32;1m[Board] [0mLoading move file `stats/Black/game-1/move.csv`...
[32;1m[Board] [0mBlack player is playing d5 to c4.
[32;1m[Board] [0m[5;1mBlack Pawn is taking White Pawn.[0m
[32;1m[Board] [0m
[32;1m[Board] [0m    a b c d e f g h 
[32;1m[Board] [0m  -------------------
[32;1m[Board] [0m8 ||[30;1mr[0m| |[7;1m [0m| |[30;1mK[0m| |[30;1mk[0m|[30;1mr[0m|| 8
[32;1m[Board] [0m  -------------------
[32;1m[Board] [0m7 ||[30;1mp[0m|[30;1mp[0m|[30;1mp[0m|[7;1m [0m| |[30;1mp[0m|[30;1mp[0m|[30;1mp[0m|| 7
[32;1m[Board] [0m  -------------------
[32;1m[Board] [0m6 ||[7;1m [0m| |[30;1mk[0m| |[7;1m [0m| |[7;1m [0m| || 6
[32;1m[Board] [0m  -------------------
[32;1m[Board] [0m5 || |[7;1m [0m| |[7;1m [0m|[30;1mp[0m|[0;1mp[0m| |[7;1m [0m|| 5
[32;1m[Board] [0m  -------------------
[32;1m[Board] [0m4 ||[7;1m [0m| |[30;1mp[0m|[30;1mQ[0m|[7;1m [0m| |[7;1m [0m|[30;1mb[0m|| 4
[32;1m[Board] [0m  -------------------
[32;1m[Board] [0m3 || |[7;1m [0m| |[0;1mb[0m| |[7;1m [0m| |[7;1m [0m|| 3
[32;1m[Board] [0m  -------------------
[32;1m[Board] [0m2 ||[0;1mp[0m|[0;1mp[0m|[0;1mK[0m| |[7;1m [0m| |[7;1m [0m| || 2
[32;1m[Board] [0m  -------------------
[32;1m[Board] [0m1 ||[0;1mr[0m|[0;1mk[0m|[0;1mb[0m|[7;1m [0m| |[7;1m [0m| |[7;1m [0m|| 1
[32;1m[Board] [0m  -------------------
[32;1m[Board] [0m    a b c d e f g h
[32;1m[Board] [0m
[32;1m[Referee] [0mThis is the turn of the White player...
[32;1m[Board] [0mInitializing board...
[32;1m[Board] [0mLoading history file `stats/Black/game-1/history.csv`...
[32;1m[Board] [0mLoaded 28 move(s).
[32;1m[RandomPlayer] [0mComputing possible moves...
[32;1m[RandomPlayer] [0m19 possible move(s)
[32;1m[RandomPlayer] [0mPlaying random move 9 out of 19
[32;1m[Game] [0mPlayer's error code: 0
[32;1m[Game] [0mChecking move validity...
[32;1m[Board] [0mInitializing board...
[32;1m[Board] [0mLoading history file `stats/Black/game-1/history.csv`...
[32;1m[Board] [0mLoaded 28 move(s).
[32;1m[Board] [0mLoading move file `stats/Black/game-1/move.csv`...
[32;1m[Board] [0mWhite player is playing c1 to e3.
[32;1m[Board] [0m
[32;1m[Board] [0m    a b c d e f g h 
[32;1m[Board] [0m  -------------------
[32;1m[Board] [0m8 ||[30;1mr[0m| |[7;1m [0m| |[30;1mK[0m| |[30;1mk[0m|[30;1mr[0m|| 8
[32;1m[Board] [0m  -------------------
[32;1m[Board] [0m7 ||[30;1mp[0m|[30;1mp[0m|[30;1mp[0m|[7;1m [0m| |[30;1mp[0m|[30;1mp[0m|[30;1mp[0m|| 7
[32;1m[Board] [0m  -------------------
[32;1m[Board] [0m6 ||[7;1m [0m| |[30;1mk[0m| |[7;1m [0m| |[7;1m [0m| || 6
[32;1m[Board] [0m  -------------------
[32;1m[Board] [0m5 || |[7;1m [0m| |[7;1m [0m|[30;1mp[0m|[0;1mp[0m| |[7;1m [0m|| 5
[32;1m[Board] [0m  -------------------
[32;1m[Board] [0m4 ||[7;1m [0m| |[30;1mp[0m|[30;1mQ[0m|[7;1m [0m| |[7;1m [0m|[30;1mb[0m|| 4
[32;1m[Board] [0m  -------------------
[32;1m[Board] [0m3 || |[7;1m [0m| |[0;1mb[0m|[0;1mb[0m|[7;1m [0m| |[7;1m [0m|| 3
[32;1m[Board] [0m  -------------------
[32;1m[Board] [0m2 ||[0;1mp[0m|[0;1mp[0m|[0;1mK[0m| |[7;1m [0m| |[7;1m [0m| || 2
[32;1m[Board] [0m  -------------------
[32;1m[Board] [0m1 ||[0;1mr[0m|[0;1mk[0m| |[7;1m [0m| |[7;1m [0m| |[7;1m [0m|| 1
[32;1m[Board] [0m  -------------------
[32;1m[Board] [0m    a b c d e f g h
[32;1m[Board] [0m
[32;1m[Referee] [0mThis is the turn of the Black player...
Succesfully loaded network via incbin!
info score 7513 depth 1 nodes 49 time 2
-32000 32000 30
info score 7818 depth 2 nodes 131 time 2
-32000 32000 30
info score 7818 depth 3 nodes 409 time 2
-32000 32000 30
info score 8040 depth 4 nodes 760 time 2
-32000 32000 30
info score 8122 depth 5 nodes 777 time 2
8010 8070 30
info score 8122 depth 5 nodes 780 time 2
8010 8100 60
info score 8122 depth 5 nodes 4020 time 3
8010 8160 120
info score 8166 depth 6 nodes 4120 time 3
8092 8152 30
info score 8183 depth 6 nodes 4148 time 3
8092 8182 60
info score 8234 depth 6 nodes 8363 time 5
8092 8242 120
info score 8274 depth 7 nodes 8423 time 5
8204 8264 30
info score 8296 depth 7 nodes 9547 time 5
8204 8294 60
info score 8328 depth 7 nodes 33979 time 14
8204 8354 120
info score 8358 depth 8 nodes 34077 time 14
8298 8358 30
info score 8388 depth 8 nodes 34144 time 14
8298 8388 60
info score 8448 depth 8 nodes 34211 time 14
8298 8448 120
info score 8606 depth 8 nodes 34305 time 14
8298 8568 240
info score 9388 depth 8 nodes 34472 time 14
8298 8808 480
info score 9388 depth 8 nodes 34637 time 14
8298 9288 960
info score 31993 depth 8 nodes 34681 time 14
8298 10248 1920
info score 31993 depth 8 nodes 34684 time 14
8298 12168 3840
info score 31993 depth 8 nodes 34687 time 14
8298 16008 7680
info score 31993 depth 8 nodes 34690 time 14
8298 23688 15360
info score 31993 depth 8 nodes 65772 time 26
8298 32000 30720
info score 31993 depth 9 nodes 231259 time 84
31963 32000 30
info score 31993 depth 10 nodes 454219 time 171
31963 32000 30
info score 31993 depth 11 nodes 1471828 time 532
31963 32000 30
info score 31993 depth 12 nodes 2674681 time 987
31963 32000 30
info score 31993 depth 13 nodes 8409365 time 3041
31963 32000 30
info score 31993 depth 14 nodes 15559342 time 5780
31963 32000 30
bestmove c6b4
[32;1m[Game] [0mPlayer's error code: 0
[32;1m[Game] [0mChecking move validity...
[32;1m[Board] [0mInitializing board...
[32;1m[Board] [0mLoading history file `stats/Black/game-1/history.csv`...
[32;1m[Board] [0mLoaded 29 move(s).
[32;1m[Board] [0mLoading move file `stats/Black/game-1/move.csv`...
[32;1m[Board] [0mBlack player is playing c6 to b4.
[32;1m[Board] [0m
[32;1m[Board] [0m    a b c d e f g h 
[32;1m[Board] [0m  -------------------
[32;1m[Board] [0m8 ||[30;1mr[0m| |[7;1m [0m| |[30;1mK[0m| |[30;1mk[0m|[30;1mr[0m|| 8
[32;1m[Board] [0m  -------------------
[32;1m[Board] [0m7 ||[30;1mp[0m|[30;1mp[0m|[30;1mp[0m|[7;1m [0m| |[30;1mp[0m|[30;1mp[0m|[30;1mp[0m|| 7
[32;1m[Board] [0m  -------------------
[32;1m[Board] [0m6 ||[7;1m [0m| |[7;1m [0m| |[7;1m [0m| |[7;1m [0m| || 6
[32;1m[Board] [0m  -------------------
[32;1m[Board] [0m5 || |[7;1m [0m| |[7;1m [0m|[30;1mp[0m|[0;1mp[0m| |[7;1m [0m|| 5
[32;1m[Board] [0m  -------------------
[32;1m[Board] [0m4 ||[7;1m [0m|[30;1mk[0m|[30;1mp[0m|[30;1mQ[0m|[7;1m [0m| |[7;1m [0m|[30;1mb[0m|| 4
[32;1m[Board] [0m  -------------------
[32;1m[Board] [0m3 || |[7;1m [0m| |[0;1mb[0m|[0;1mb[0m|[7;1m [0m| |[7;1m [0m|| 3
[32;1m[Board] [0m  -------------------
[32;1m[Board] [0m2 ||[0;1mp[0m|[0;1mp[0m|[0;1mK[0m| |[7;1m [0m| |[7;1m [0m| || 2
[32;1m[Board] [0m  -------------------
[32;1m[Board] [0m1 ||[0;1mr[0m|[0;1mk[0m| |[7;1m [0m| |[7;1m [0m| |[7;1m [0m|| 1
[32;1m[Board] [0m  -------------------
[32;1m[Board] [0m    a b c d e f g h
[32;1m[Board] [0m
[32;1m[Referee] [0mThis is the turn of the White player...
[32;1m[Board] [0mInitializing board...
[32;1m[Board] [0mLoading history file `stats/Black/game-1/history.csv`...
[32;1m[Board] [0mLoaded 30 move(s).
[32;1m[RandomPlayer] [0mComputing possible moves...
[32;1m[RandomPlayer] [0m3 possible move(s)
[32;1m[RandomPlayer] [0mPlaying random move 0 out of 3
[32;1m[Game] [0mPlayer's error code: 0
[32;1m[Game] [0mChecking move validity...
[32;1m[Board] [0mInitializing board...
[32;1m[Board] [0mLoading history file `stats/Black/game-1/history.csv`...
[32;1m[Board] [0mLoaded 30 move(s).
[32;1m[Board] [0mLoading move file `stats/Black/game-1/move.csv`...
[32;1m[Board] [0mWhite player is playing c2 to d2.
[32;1m[Board] [0m
[32;1m[Board] [0m    a b c d e f g h 
[32;1m[Board] [0m  -------------------
[32;1m[Board] [0m8 ||[30;1mr[0m| |[7;1m [0m| |[30;1mK[0m| |[30;1mk[0m|[30;1mr[0m|| 8
[32;1m[Board] [0m  -------------------
[32;1m[Board] [0m7 ||[30;1mp[0m|[30;1mp[0m|[30;1mp[0m|[7;1m [0m| |[30;1mp[0m|[30;1mp[0m|[30;1mp[0m|| 7
[32;1m[Board] [0m  -------------------
[32;1m[Board] [0m6 ||[7;1m [0m| |[7;1m [0m| |[7;1m [0m| |[7;1m [0m| || 6
[32;1m[Board] [0m  -------------------
[32;1m[Board] [0m5 || |[7;1m [0m| |[7;1m [0m|[30;1mp[0m|[0;1mp[0m| |[7;1m [0m|| 5
[32;1m[Board] [0m  -------------------
[32;1m[Board] [0m4 ||[7;1m [0m|[30;1mk[0m|[30;1mp[0m|[30;1mQ[0m|[7;1m [0m| |[7;1m [0m|[30;1mb[0m|| 4
[32;1m[Board] [0m  -------------------
[32;1m[Board] [0m3 || |[7;1m [0m| |[0;1mb[0m|[0;1mb[0m|[7;1m [0m| |[7;1m [0m|| 3
[32;1m[Board] [0m  -------------------
[32;1m[Board] [0m2 ||[0;1mp[0m|[0;1mp[0m|[7;1m [0m|[0;1mK[0m|[7;1m [0m| |[7;1m [0m| || 2
[32;1m[Board] [0m  -------------------
[32;1m[Board] [0m1 ||[0;1mr[0m|[0;1mk[0m| |[7;1m [0m| |[7;1m [0m| |[7;1m [0m|| 1
[32;1m[Board] [0m  -------------------
[32;1m[Board] [0m    a b c d e f g h
[32;1m[Board] [0m
[32;1m[Referee] [0mThis is the turn of the Black player...
Succesfully loaded network via incbin!
info score 7637 depth 1 nodes 66 time 2
-32000 32000 30
info score 7843 depth 2 nodes 154 time 2
-32000 32000 30
info score 7843 depth 3 nodes 564 time 3
-32000 32000 30
info score 31997 depth 4 nodes 994 time 3
-32000 32000 30
info score 31997 depth 5 nodes 4778 time 4
31967 32000 30
info score 31997 depth 6 nodes 10068 time 6
31967 32000 30
info score 31997 depth 7 nodes 30816 time 14
31967 32000 30
info score 31997 depth 8 nodes 56273 time 23
31967 32000 30
info score 31997 depth 9 nodes 200819 time 72
31967 32000 30
info score 31997 depth 10 nodes 385553 time 141
31967 32000 30
info score 31997 depth 11 nodes 1215984 time 434
31967 32000 30
info score 31997 depth 12 nodes 2188166 time 804
31967 32000 30
info score 31997 depth 13 nodes 8476685 time 3076
31967 32000 30
info score 31997 depth 14 nodes 16297564 time 6108
31967 32000 30
bestmove d4d3
[32;1m[Game] [0mPlayer's error code: 0
[32;1m[Game] [0mChecking move validity...
[32;1m[Board] [0mInitializing board...
[32;1m[Board] [0mLoading history file `stats/Black/game-1/history.csv`...
[32;1m[Board] [0mLoaded 31 move(s).
[32;1m[Board] [0mLoading move file `stats/Black/game-1/move.csv`...
[32;1m[Board] [0mBlack player is playing d4 to d3.
[32;1m[Board] [0m[5;1mBlack Queen is taking White Bishop.[0m
[32;1m[Board] [0m
[32;1m[Board] [0m    a b c d e f g h 
[32;1m[Board] [0m  -------------------
[32;1m[Board] [0m8 ||[30;1mr[0m| |[7;1m [0m| |[30;1mK[0m| |[30;1mk[0m|[30;1mr[0m|| 8
[32;1m[Board] [0m  -------------------
[32;1m[Board] [0m7 ||[30;1mp[0m|[30;1mp[0m|[30;1mp[0m|[7;1m [0m| |[30;1mp[0m|[30;1mp[0m|[30;1mp[0m|| 7
[32;1m[Board] [0m  -------------------
[32;1m[Board] [0m6 ||[7;1m [0m| |[7;1m [0m| |[7;1m [0m| |[7;1m [0m| || 6
[32;1m[Board] [0m  -------------------
[32;1m[Board] [0m5 || |[7;1m [0m| |[7;1m [0m|[30;1mp[0m|[0;1mp[0m| |[7;1m [0m|| 5
[32;1m[Board] [0m  -------------------
[32;1m[Board] [0m4 ||[7;1m [0m|[30;1mk[0m|[30;1mp[0m| |[7;1m [0m| |[7;1m [0m|[30;1mb[0m|| 4
[32;1m[Board] [0m  -------------------
[32;1m[Board] [0m3 || |[7;1m [0m| |[30;1mQ[0m|[0;1mb[0m|[7;1m [0m| |[7;1m [0m|| 3
[32;1m[Board] [0m  -------------------
[32;1m[Board] [0m2 ||[0;1mp[0m|[0;1mp[0m|[7;1m [0m|[0;1mK[0m|[7;1m [0m| |[7;1m [0m| || 2
[32;1m[Board] [0m  -------------------
[32;1m[Board] [0m1 ||[0;1mr[0m|[0;1mk[0m| |[7;1m [0m| |[7;1m [0m| |[7;1m [0m|| 1
[32;1m[Board] [0m  -------------------
[32;1m[Board] [0m    a b c d e f g h
[32;1m[Board] [0m
[32;1m[Referee] [0mThis is the turn of the White player...
[32;1m[Board] [0mInitializing board...
[32;1m[Board] [0mLoading history file `stats/Black/game-1/history.csv`...
[32;1m[Board] [0mLoaded 32 move(s).
[32;1m[RandomPlayer] [0mComputing possible moves...
[32;1m[RandomPlayer] [0m1 possible move(s)
[32;1m[Game] [0mPlayer's error code: 0
[32;1m[Game] [0mChecking move validity...
[32;1m[Board] [0mInitializing board...
[32;1m[Board] [0mLoading history file `stats/Black/game-1/history.csv`...
[32;1m[Board] [0mLoaded 32 move(s).
[32;1m[Board] [0mLoading move file `stats/Black/game-1/move.csv`...
[32;1m[Board] [0mWhite player is playing d2 to c1.
[32;1m[Board] [0m
[32;1m[Board] [0m    a b c d e f g h 
[32;1m[Board] [0m  -------------------
[32;1m[Board] [0m8 ||[30;1mr[0m| |[7;1m [0m| |[30;1mK[0m| |[30;1mk[0m|[30;1mr[0m|| 8
[32;1m[Board] [0m  -------------------
[32;1m[Board] [0m7 ||[30;1mp[0m|[30;1mp[0m|[30;1mp[0m|[7;1m [0m| |[30;1mp[0m|[30;1mp[0m|[30;1mp[0m|| 7
[32;1m[Board] [0m  -------------------
[32;1m[Board] [0m6 ||[7;1m [0m| |[7;1m [0m| |[7;1m [0m| |[7;1m [0m| || 6
[32;1m[Board] [0m  -------------------
[32;1m[Board] [0m5 || |[7;1m [0m| |[7;1m [0m|[30;1mp[0m|[0;1mp[0m| |[7;1m [0m|| 5
[32;1m[Board] [0m  -------------------
[32;1m[Board] [0m4 ||[7;1m [0m|[30;1mk[0m|[30;1mp[0m| |[7;1m [0m| |[7;1m [0m|[30;1mb[0m|| 4
[32;1m[Board] [0m  -------------------
[32;1m[Board] [0m3 || |[7;1m [0m| |[30;1mQ[0m|[0;1mb[0m|[7;1m [0m| |[7;1m [0m|| 3
[32;1m[Board] [0m  -------------------
[32;1m[Board] [0m2 ||[0;1mp[0m|[0;1mp[0m|[7;1m [0m| |[7;1m [0m| |[7;1m [0m| || 2
[32;1m[Board] [0m  -------------------
[32;1m[Board] [0m1 ||[0;1mr[0m|[0;1mk[0m|[0;1mK[0m|[7;1m [0m| |[7;1m [0m| |[7;1m [0m|| 1
[32;1m[Board] [0m  -------------------
[32;1m[Board] [0m    a b c d e f g h
[32;1m[Board] [0m
[32;1m[Referee] [0mThis is the turn of the Black player...
Succesfully loaded network via incbin!
info score 7843 depth 1 nodes 54 time 3
-32000 32000 30
info score 31999 depth 2 nodes 128 time 3
-32000 32000 30
info score 31999 depth 3 nodes 493 time 3
-32000 32000 30
info score 31999 depth 4 nodes 943 time 3
-32000 32000 30
info score 31999 depth 5 nodes 4984 time 5
31969 32000 30
info score 31999 depth 6 nodes 10068 time 7
31969 32000 30
info score 31999 depth 7 nodes 33107 time 15
31969 32000 30
info score 31999 depth 8 nodes 61125 time 25
31969 32000 30
info score 31999 depth 9 nodes 230686 time 84
31969 32000 30
info score 31999 depth 10 nodes 436179 time 162
31969 32000 30
info score 31999 depth 11 nodes 1298557 time 466
31969 32000 30
info score 31999 depth 12 nodes 2331038 time 858
31969 32000 30
info score 31999 depth 13 nodes 7768567 time 2780
31969 32000 30
info score 31999 depth 14 nodes 14521558 time 5346
31969 32000 30
bestmove d3c2
[32;1m[Game] [0mPlayer's error code: 0
[32;1m[Game] [0mChecking move validity...
[32;1m[Board] [0mInitializing board...
[32;1m[Board] [0mLoading history file `stats/Black/game-1/history.csv`...
[32;1m[Board] [0mLoaded 33 move(s).
[32;1m[Board] [0mLoading move file `stats/Black/game-1/move.csv`...
[32;1m[Board] [0mBlack player is playing d3 to c2.
[32;1m[Board] [0m
[32;1m[Board] [0m    a b c d e f g h 
[32;1m[Board] [0m  -------------------
[32;1m[Board] [0m8 ||[30;1mr[0m| |[7;1m [0m| |[30;1mK[0m| |[30;1mk[0m|[30;1mr[0m|| 8
[32;1m[Board] [0m  -------------------
[32;1m[Board] [0m7 ||[30;1mp[0m|[30;1mp[0m|[30;1mp[0m|[7;1m [0m| |[30;1mp[0m|[30;1mp[0m|[30;1mp[0m|| 7
[32;1m[Board] [0m  -------------------
[32;1m[Board] [0m6 ||[7;1m [0m| |[7;1m [0m| |[7;1m [0m| |[7;1m [0m| || 6
[32;1m[Board] [0m  -------------------
[32;1m[Board] [0m5 || |[7;1m [0m| |[7;1m [0m|[30;1mp[0m|[0;1mp[0m| |[7;1m [0m|| 5
[32;1m[Board] [0m  -------------------
[32;1m[Board] [0m4 ||[7;1m [0m|[30;1mk[0m|[30;1mp[0m| |[7;1m [0m| |[7;1m [0m|[30;1mb[0m|| 4
[32;1m[Board] [0m  -------------------
[32;1m[Board] [0m3 || |[7;1m [0m| |[7;1m [0m|[0;1mb[0m|[7;1m [0m| |[7;1m [0m|| 3
[32;1m[Board] [0m  -------------------
[32;1m[Board] [0m2 ||[0;1mp[0m|[0;1mp[0m|[30;1mQ[0m| |[7;1m [0m| |[7;1m [0m| || 2
[32;1m[Board] [0m  -------------------
[32;1m[Board] [0m1 ||[0;1mr[0m|[0;1mk[0m|[0;1mK[0m|[7;1m [0m| |[7;1m [0m| |[7;1m [0m|| 1
[32;1m[Board] [0m  -------------------
[32;1m[Board] [0m    a b c d e f g h
[32;1m[Board] [0m
[32;1m[Referee] [0mThis is the turn of the White player...
