[32;1m[Board] [0m[33;1m[WARNING][0m [5;1mBlack King in check![0m
[32;1m[Board] [0m[33;1m[WARNING][0m    Threatened by White Bishop (c4)
[32;1m[Board] [0m[33;1m[WARNING][0m [5;1mBlack King in check![0m
[32;1m[Board] [0m[33;1m[WARNING][0m    Threatened by White Rook (g6)
[32;1m[Board] [0m[33;1m[WARNING][0m [5;1mBlack King in check![0m
[32;1m[Board] [0m[33;1m[WARNING][0m    Threatened by White Pawn (e5)
[32;1m[Board] [0m[33;1m[WARNING][0m [5;1mWhite King in check![0m
[32;1m[Board] [0m[33;1m[WARNING][0m    Threatened by Black Rook (h8)
[32;1m[Board] [0m[33;1m[WARNING][0m [5;1mBlack King in check![0m
[32;1m[Board] [0m[33;1m[WARNING][0m    Threatened by White Pawn (f5)
[32;1m[Board] [0m[33;1m[WARNING][0m [5;1mWhite King in check![0m
[32;1m[Board] [0m[33;1m[WARNING][0m    Threatened by Black Knight (d4)
[32;1m[Board] [0m[33;1m[WARNING][0m [5;1mBlack King in check![0m
[32;1m[Board] [0m[33;1m[WARNING][0m    Threatened by White Bishop (h6)
[32;1m[Board] [0m[33;1m[WARNING][0m [5;1mBlack King in check![0m
[32;1m[Board] [0m[33;1m[WARNING][0m    Threatened by White Pawn (e6)
[32;1m[Board] [0m[33;1m[WARNING][0m [5;1mBlack King in check![0m
[32;1m[Board] [0m[33;1m[WARNING][0m    Threatened by White Queen (d8)
[32;1m[Board] [0m[33;1m[WARNING][0m [5;1mBlack King in check![0m
[32;1m[Board] [0m[33;1m[WARNING][0m    Threatened by White Queen (f8)
[32;1m[Board] [0m[33;1m[WARNING][0m [5;1mBlack King in check![0m
[32;1m[Board] [0m[33;1m[WARNING][0m    Threatened by White Bishop (b4)
[32;1m[Board] [0m[33;1m[WARNING][0m [5;1mBlack King in check![0m
[32;1m[Board] [0m[33;1m[WARNING][0m    Threatened by White Queen (c7)
[32;1m[Board] [0m[33;1m[WARNING][0m [5;1mBlack King in check![0m
[32;1m[Board] [0m[33;1m[WARNING][0m    Threatened by White Queen (c6)
[32;1m[Board] [0m[33;1m[WARNING][0m [5;1mBlack King in check![0m
[32;1m[Board] [0m[33;1m[WARNING][0m    Threatened by White Queen (c7)
[32;1m[Board] [0m[33;1m[WARNING][0m [5;1mBlack King in check![0m
[32;1m[Board] [0m[33;1m[WARNING][0m    Threatened by White Bishop (h7)
[32;1m[Board] [0m[33;1m[WARNING][0m [5;1mWhite King in check![0m
[32;1m[Board] [0m[33;1m[WARNING][0m    Threatened by Black Queen (e3)
[32;1m[Board] [0m[33;1m[WARNING][0m [5;1mWhite King in check![0m
[32;1m[Board] [0m[33;1m[WARNING][0m    Threatened by Black Knight (g1)
[32;1m[Board] [0m[33;1m[WARNING][0m [5;1mBlack King in check![0m
[32;1m[Board] [0m[33;1m[WARNING][0m    Threatened by White Queen (e8)
[32;1m[Board] [0m[33;1m[WARNING][0m [5;1mBlack King in check![0m
[32;1m[Board] [0m[33;1m[WARNING][0m    Threatened by White Bishop (e4)
[32;1m[Board] [0m[33;1m[WARNING][0m [5;1mWhite King in check![0m
[32;1m[Board] [0m[33;1m[WARNING][0m    Threatened by Black Knight (f3)
[32;1m[Board] [0m[33;1m[WARNING][0m [5;1mBlack King in check![0m
[32;1m[Board] [0m[33;1m[WARNING][0m    Threatened by White Queen (d3)
[32;1m[Board] [0m[33;1m[WARNING][0m [5;1mBlack King in check![0m
[32;1m[Board] [0m[33;1m[WARNING][0m    Threatened by White Knight (d6)
[32;1m[Board] [0m[33;1m[WARNING][0m [5;1mBlack King in check![0m
[32;1m[Board] [0m[33;1m[WARNING][0m    Threatened by White Queen (f8)
[32;1m[Board] [0m[33;1m[WARNING][0m [5;1mBlack King in check![0m
[32;1m[Board] [0m[33;1m[WARNING][0m    Threatened by White Bishop (d5)
[32;1m[Board] [0m[33;1m[WARNING][0m [5;1mWhite King in check![0m
[32;1m[Board] [0m[33;1m[WARNING][0m    Threatened by Black Queen (e6)
[32;1m[Board] [0m[33;1m[WARNING][0m [5;1mWhite King in check![0m
[32;1m[Board] [0m[33;1m[WARNING][0m    Threatened by Black Queen (d2)
[32;1m[Board] [0m[33;1m[WARNING][0m [5;1mBlack King in check![0m
[32;1m[Board] [0m[33;1m[WARNING][0m    Threatened by White Queen (d3)
[32;1m[Board] [0m[33;1m[WARNING][0m [5;1mWhite King in check![0m
[32;1m[Board] [0m[33;1m[WARNING][0m    Threatened by Black Queen (d4)
[32;1m[Board] [0m[33;1m[WARNING][0m [5;1mBlack King in check![0m
[32;1m[Board] [0m[33;1m[WARNING][0m    Threatened by White Queen (b7)
[32;1m[Board] [0m[33;1m[WARNING][0m [5;1mBlack King in check![0m
[32;1m[Board] [0m[33;1m[WARNING][0m    Threatened by White Bishop (d5)
[32;1m[Board] [0m[33;1m[WARNING][0m [5;1mWhite King in check![0m
[32;1m[Board] [0m[33;1m[WARNING][0m    Threatened by Black Queen (c6)
[32;1m[Board] [0m[33;1m[WARNING][0m [5;1mWhite King in check![0m
[32;1m[Board] [0m[33;1m[WARNING][0m    Threatened by Black Queen (c2)
[32;1m[Board] [0m[33;1m[WARNING][0m [5;1mWhite King in check![0m
[32;1m[Board] [0m[33;1m[WARNING][0m    Threatened by Black Queen (e4)
[32;1m[Board] [0m[33;1m[WARNING][0m [5;1mWhite player is stalemate![0m
[32;1m[Board] [0m[33;1m[WARNING][0m Draw! Game over.
