[32;1m[Board] [0m[33;1m[WARNING][0m [5;1mWhite King in check![0m
[32;1m[Board] [0m[33;1m[WARNING][0m    Threatened by Black Knight (f3)
[32;1m[Board] [0m[33;1m[WARNING][0m [5;1mWhite King in check![0m
[32;1m[Board] [0m[33;1m[WARNING][0m    Threatened by Black Queen (h2)
[32;1m[Board] [0m[33;1m[WARNING][0m [5;1mWhite King in check![0m
[32;1m[Board] [0m[33;1m[WARNING][0m    Threatened by Black Knight (f3)
[32;1m[Board] [0m[33;1m[WARNING][0m [5;1mWhite King in check![0m
[32;1m[Board] [0m[33;1m[WARNING][0m    Threatened by Black Knight (d4)
[32;1m[Board] [0m[33;1m[WARNING][0m [5;1mBlack King in check![0m
[32;1m[Board] [0m[33;1m[WARNING][0m    Threatened by White Queen (f6)
[32;1m[Board] [0m[33;1m[WARNING][0m [5;1mBlack King in check![0m
[32;1m[Board] [0m[33;1m[WARNING][0m    Threatened by White Pawn (e5)
[32;1m[Board] [0m[33;1m[WARNING][0m [5;1mWhite King in check![0m
[32;1m[Board] [0m[33;1m[WARNING][0m    Threatened by Black Rook (b2)
[32;1m[Board] [0m[33;1m[WARNING][0m [5;1mBlack King in check![0m
[32;1m[Board] [0m[33;1m[WARNING][0m    Threatened by White Queen (g7)
[32;1m[Board] [0m[33;1m[WARNING][0m [5;1mBlack King in check![0m
[32;1m[Board] [0m[33;1m[WARNING][0m    Threatened by White Queen (h8)
[32;1m[Board] [0m[33;1m[WARNING][0m [5;1mWhite King in check![0m
[32;1m[Board] [0m[33;1m[WARNING][0m    Threatened by Black Rook (c1)
[32;1m[Board] [0m[33;1m[WARNING][0m [5;1mBlack King in checkmate![0m
[32;1m[Board] [0m[33;1m[WARNING][0m The White player wins!
