=== Debug: Board State after history ===
  a b c d e f g h
8 r n b q k b n r 
7 p p p p p p p p 
6 . . . . . . . . 
5 . . . . . . . . 
4 . . . . . . . . 
3 . . . . . . . . 
2 P P P P P P P P 
1 R N B Q K B N R 

Side to move: White

=== Debug: Board State after history ===
  a b c d e f g h
8 r n b q k b n r 
7 p p p p p . p p 
6 . . . . . . . . 
5 . . . . . p . . 
4 . P . . . . . . 
3 . . . . . . . . 
2 P . P P P P P P 
1 R N B Q K B N R 

Side to move: White

=== Debug: Board State after history ===
  a b c d e f g h
8 r n b q k b n r 
7 p p p p . . p p 
6 . . . . . . . . 
5 . . . . p p . . 
4 . P . . . . . . 
3 N . . . . . . . 
2 P . P P P P P P 
1 R . B Q K B N R 

Side to move: White

=== Debug: Board State after history ===
  a b c d e f g h
8 r n b q k b n r 
7 . p p p . . p p 
6 . . . . . . . . 
5 p . . . p p . . 
4 . P . . . . . . 
3 N . . . . . . N 
2 P . P P P P P P 
1 R . B Q K B . R 

Side to move: White

=== Debug: Board State after history ===
  a b c d e f g h
8 r n b q k b n r 
7 . . p p . . p p 
6 . p . . . . . . 
5 p . . . p p . . 
4 . P . . . P . . 
3 N . . . . . . N 
2 P . P P P . P P 
1 R . B Q K B . R 

Side to move: White

=== Debug: Board State after history ===
  a b c d e f g h
8 r n b q k . n r 
7 . . p p b . p p 
6 . p . . . . . . 
5 p . . . p p . . 
4 . P . . . P . . 
3 N . . . . . . N 
2 P . P P P . P P 
1 R . B Q K B R . 

Side to move: White

=== Debug: Board State after history ===
  a b c d e f g h
8 r n b q k . n r 
7 . . p p . . p p 
6 . p . . . b . . 
5 p . . . p p . . 
4 . P . . . P . . 
3 N . P . . . . N 
2 P . . P P . P P 
1 R . B Q K B R . 

Side to move: White

=== Debug: Board State after history ===
  a b c d e f g h
8 r n b q k . n r 
7 . . p p . . p . 
6 . p . . . b . p 
5 p . . . p p . . 
4 . P . . . P . . 
3 N . P P . . . N 
2 P . . . P . P P 
1 R . B Q K B R . 

Side to move: White

=== Debug: Board State after history ===
  a b c d e f g h
8 r n b q k . n r 
7 . . p p . . p . 
6 . p . . . . . p 
5 p . . . p p b . 
4 . P . . . P . . 
3 N . P P . . . N 
2 P . . . P . P P 
1 . R B Q K B R . 

Side to move: White

=== Debug: Board State after history ===
  a b c d e f g h
8 r n b q k . n r 
7 . . p . . . p . 
6 . p . p . . . p 
5 p . . . p p P . 
4 . P . . . . . . 
3 N . P P . . . N 
2 P . . . P . P P 
1 . R B Q K B R . 

Side to move: White

=== Debug: Board State after history ===
  a b c d e f g h
8 . n b q k . n r 
7 . . p . . . p . 
6 r p . p . . . p 
5 p . . . p p P . 
4 . P . . . . . . 
3 N Q P P . . . N 
2 P . . . P . P P 
1 . R B . K B R . 

Side to move: White

=== Debug: Board State after history ===
  a b c d e f g h
8 . n b q k . n r 
7 . . p . . . p . 
6 r p . p . . . . 
5 p . . . p p p . 
4 . P . . . . . . 
3 N Q P P . . . N 
2 P B . . P . P P 
1 . R . . K B R . 

Side to move: White

=== Debug: Board State after history ===
  a b c d e f g h
8 . n b q k . n . 
7 . . p . . . p . 
6 r p . p . . . r 
5 p . . . p p p . 
4 . P . . . . . . 
3 N Q P P . . . N 
2 P B . . P . P P 
1 . . R . K B R . 

Side to move: White

=== Debug: Board State after history ===
  a b c d e f g h
8 . n b q . k n . 
7 . . p . . . p . 
6 r p . p . . . r 
5 p . . . p p p . 
4 . P . . P . . . 
3 N Q P P . . . N 
2 P B . . . . P P 
1 . . R . K B R . 

Side to move: White

=== Debug: Board State after history ===
  a b c d e f g h
8 . n b q . k n . 
7 . . p . . . p . 
6 r p . p . r . . 
5 p N . . p p p . 
4 . P . . P . . . 
3 . Q P P . . . N 
2 P B . . . . P P 
1 . . R . K B R . 

Side to move: White

[32;1m[Board] [0m[33;1m[WARNING][0m [5;1mBlack King in check![0m
[32;1m[Board] [0m[33;1m[WARNING][0m    Threatened by White Queen (f7)
=== Debug: Board State after history ===
  a b c d e f g h
8 . n b q . k n . 
7 . . p . . r p . 
6 r p . p . . . . 
5 p N . . p p p . 
4 . P . . P . . . 
3 . . P P . . . N 
2 P B . . . . P P 
1 . . R . K B R . 

Side to move: White

=== Debug: Board State after history ===
  a b c d e f g h
8 . . b q . k n . 
7 . . p n . r p . 
6 r p . p . . . . 
5 p N . . p p p . 
4 . P . . P . P . 
3 . . P P . . . N 
2 P B . . . . . P 
1 . . R . K B R . 

Side to move: White

=== Debug: Board State after history ===
  a b c d e f g h
8 . . b q . k n . 
7 . . . n . r p . 
6 r p . p . . . . 
5 p N p . p p p . 
4 . P . . P . P . 
3 . . P P . . . N 
2 P B . . . . . P 
1 R . . . K B R . 

Side to move: White

=== Debug: Board State after history ===
  a b c d e f g h
8 . . b q . k n . 
7 N . . . . r p . 
6 r p . p . n . . 
5 p . p . p p p . 
4 . P . . P . P . 
3 . . P P . . . N 
2 P B . . . . . P 
1 R . . . K B R . 

Side to move: White

=== Debug: Board State after history ===
  a b c d e f g h
8 . . b q . k n . 
7 N . r . . . p . 
6 r p . p . n . . 
5 p . p . p p p . 
4 . P . P P . P . 
3 . . P . . . . N 
2 P B . . . . . P 
1 R . . . K B R . 

Side to move: White

=== Debug: Board State after history ===
  a b c d e f g h
8 . . b q . k n . 
7 N . r . . . p . 
6 r p . p . n . . 
5 p . p . p . N . 
4 . P . P P . p . 
3 . . P . . . . . 
2 P B . . . . . P 
1 R . . . K B R . 

Side to move: White

=== Debug: Board State after history ===
  a b c d e f g h
8 . . b q . k n . 
7 N . r . . . p n 
6 r p . p . . . . 
5 p . p . p . N . 
4 . P . P P . p . 
3 . . P . . . . . 
2 P . . . . . . P 
1 R . B . K B R . 

Side to move: White

=== Debug: Board State after history ===
  a b c d e f g h
8 . . b q . k n . 
7 N . r . . . p n 
6 r p . p . . . . 
5 p . p . p . N . 
4 . P . P P . . . 
3 . . P . . . . p 
2 P . . . . . . . 
1 R . B . K B R . 

Side to move: White

[32;1m[Board] [0m[33;1m[WARNING][0m [5;1mBlack King in check![0m
[32;1m[Board] [0m[33;1m[WARNING][0m    Threatened by White Knight (e6)
=== Debug: Board State after history ===
  a b c d e f g h
8 . . . q . k n . 
7 N . r . . . p n 
6 r p . p b . . . 
5 p . p . p . . . 
4 . P . P P . . . 
3 . . P . . . . p 
2 P . . . . . . . 
1 R . B . K B R . 

Side to move: White

=== Debug: Board State after history ===
  a b c d e f g h
8 . . . q . k n . 
7 N . r . . . p n 
6 r p . p . . . . 
5 p . p . p . . . 
4 . P . P P . b . 
3 . . P . . . . p 
2 P . . . . . B . 
1 R . B . K . R . 

Side to move: White

=== Debug: Board State after history ===
  a b c d e f g h
8 . . . q . k n . 
7 N . r . . . p n 
6 r p . p . . . . 
5 p . p . p . . . 
4 . P . P P . . . 
3 . . P . . . . p 
2 P . . . . . . . 
1 R . B b K . R B 

Side to move: White

=== Debug: Board State after history ===
  a b c d e f g h
8 . . . q . k n . 
7 N . r . . . p n 
6 r p . p . . . . 
5 p . . . p . . . 
4 . P p P P . . . 
3 . . P . . . . p 
2 P . . . . K . . 
1 R . B b . . R B 

Side to move: White

=== Debug: Board State after history ===
  a b c d e f g h
8 . . . q . k n . 
7 N . . . r . p n 
6 r p . p . . . . 
5 p . . . p . R . 
4 . P p P P . . . 
3 . . P . . . . p 
2 P . . . . K . . 
1 R . B b . . . B 

Side to move: White

=== Debug: Board State after history ===
  a b c d e f g h
8 . . . . . k n . 
7 N . . q r . R n 
6 r p . p . . . . 
5 p . . . p . . . 
4 . P p P P . . . 
3 . . P . . . . p 
2 P . . . . K . . 
1 R . B b . . . B 

Side to move: White

=== Debug: Board State after history ===
  a b c d e f g h
8 . . . . . k n . 
7 N q . . R . . n 
6 r p . p . . . . 
5 p . . . p . . . 
4 . P p P P . . . 
3 . . P . . . . p 
2 P . . . . K . . 
1 R . B b . . . B 

Side to move: White

=== Debug: Board State after history ===
  a b c d e f g h
8 . . . . . k n . 
7 N . . . R . . n 
6 r p . p . . . . 
5 p P . q p . . . 
4 . . p P P . . . 
3 . . P . . . . p 
2 P . . . . K . . 
1 R . B b . . . B 

Side to move: White

=== Debug: Board State after history ===
  a b c d e f g h
8 . . . . . k n . 
7 N . . . R . . n 
6 r p . p . . . . 
5 p P . q . . . . 
4 . . p p P . . . 
3 . . P . . B . p 
2 P . . . . K . . 
1 R . B b . . . . 

Side to move: White

=== Debug: Board State after history ===
  a b c d e f g h
8 . . . . . k n . 
7 N . . . R . . . 
6 r p . p . . . . 
5 p P . q . . n . 
4 . . p p P . . . 
3 . . P . . . . p 
2 P . . . . K . . 
1 R . B b . . . B 

Side to move: White

=== Debug: Board State after history ===
  a b c d e f g h
8 . . . . . k n . 
7 N . . . R . . . 
6 r p . p . . . . 
5 p q . . . . n . 
4 . . p p P . . . 
3 . . P . . . . p 
2 P . . . . . . . 
1 R . B b . K . B 

Side to move: White

=== Debug: Board State after history ===
  a b c d e f g h
8 . . . . . k n . 
7 . . . . R n . . 
6 r p N p . . . . 
5 p q . . . . . . 
4 . . p p P . . . 
3 . . P . . . . p 
2 P . . . . . . . 
1 R . B b . K . B 

Side to move: White

=== Debug: Board State after history ===
  a b c d e f g h
8 . . . . . k n . 
7 . R . . . n . . 
6 r p N p . . . . 
5 p q . . . . . . 
4 . . p p P . . . 
3 . . P . . . . . 
2 P . . . . . . p 
1 R . B b . K . B 

Side to move: White

=== Debug: Board State after history ===
  a b c d e f g h
8 . . . . . k n . 
7 . R . . . . . . 
6 r p N p . . . . 
5 p q . . n . . . 
4 . . p p P . . . 
3 P . P . . . . . 
2 . . . . . . . p 
1 R . B b . K . B 

Side to move: White

=== Debug: Board State after history ===
  a b c d e f g h
8 . . . . . k n . 
7 . . . . . . . R 
6 r p n p . . . . 
5 p q . . . . . . 
4 . . p p P . . . 
3 P . P . . . . . 
2 . . . . . . . p 
1 R . B b . K . B 

Side to move: White

=== Debug: Board State after history ===
  a b c d e f g h
8 . . . . . k n . 
7 . . . . . . . R 
6 r p n p . . . . 
5 p . . . . . . . 
4 . . p p P . . . 
3 P q P . . . . . 
2 . . . B . . . p 
1 R . . b . K . B 

Side to move: White

=== Debug: Board State after history ===
  a b c d e f g h
8 . . . . . k n . 
7 R . . . . . . . 
6 r p n p . . . . 
5 p . . . . . . . 
4 . . p p P . . . 
3 P . P . . . . . 
2 . . . B . . . p 
1 R q . b . K . B 

Side to move: White

[32;1m[Board] [0m[33;1m[WARNING][0m [5;1mBlack King in check![0m
[32;1m[Board] [0m[33;1m[WARNING][0m    Threatened by White Rook (a8)
=== Debug: Board State after history ===
  a b c d e f g h
8 R n . . . k n . 
7 . . . . . . . . 
6 r p . p . . . . 
5 p . . . . . . . 
4 . . p p P . . . 
3 P . P . . . . . 
2 . . . B . . . p 
1 R q . b . K . B 

Side to move: White

=== Debug: Board State after history ===
  a b c d e f g h
8 R n . . . k n . 
7 . . . . . . . . 
6 r p . p . . . . 
5 p . . . . . . . 
4 . . p p P . . . 
3 P . P . . . . . 
2 . q . B . . K p 
1 R . . b . . . B 

Side to move: White

=== Debug: Board State after history ===
  a b c d e f g h
8 R n . . . k n . 
7 . . . . . . . . 
6 r p . p . . . . 
5 p . . . . . . . 
4 . . p P P . . . 
3 P . . . . . . . 
2 q . . B . . K p 
1 R . . b . . . B 

Side to move: White

=== Debug: Board State after history ===
  a b c d e f g h
8 R n . . . k n . 
7 . . . . . . . . 
6 r p . p . . . . 
5 p . . . . . . b 
4 . . p P P . . . 
3 P . . . . . . . 
2 q . . B . K . p 
1 R . . . . . . B 

Side to move: White

[32;1m[Board] [0m[33;1m[WARNING][0m [5;1mWhite King in check![0m
[32;1m[Board] [0m[33;1m[WARNING][0m    Threatened by Black Queen (a1)
=== Debug: Board State after history ===
  a b c d e f g h
8 R n . . . k n . 
7 . . . . . . . . 
6 r p . p . . . . 
5 p . . . . . . b 
4 . . p P P . . . 
3 P . . . . . . . 
2 . . . B . . . p 
1 q . . . K . . B 

Side to move: White

=== Debug: Board State after history ===
  a b c d e f g h
8 R n . . . k n . 
7 r . . . . . . . 
6 . p . p . . . . 
5 p . . . . . . b 
4 . . p P P . . . 
3 P . . . . . . . 
2 . . . . . . . p 
1 q . B . K . . B 

Side to move: White

=== Debug: Board State after history ===
  a b c d e f g h
8 R n . . . k n . 
7 . . . r . . . . 
6 . p . p . . . . 
5 p . . . . . . b 
4 . . p P P . . . 
3 P . . . . . . . 
2 . . . K . . . p 
1 q . B . . . . B 

Side to move: White

[32;1m[Board] [0m[33;1m[WARNING][0m [5;1mBlack King in check![0m
[32;1m[Board] [0m[33;1m[WARNING][0m    Threatened by White Rook (b8)
=== Debug: Board State after history ===
  a b c d e f g h
8 . R . . . . n . 
7 . . . r . . k . 
6 . p . p . . . . 
5 p . . . . . . b 
4 . . p P P . . . 
3 P . . . . . . . 
2 . . . K . . . p 
1 q . B . . . . B 

Side to move: White

=== Debug: Board State after history ===
  a b c d e f g h
8 . R . . . . n . 
7 . . . r . . k . 
6 . p . p . . . . 
5 p . . . . . . . 
4 . . p P P . . . 
3 P . . . . . . . 
2 . . . . . . . p 
1 q . B b K . . B 

Side to move: White

=== Debug: Board State after history ===
  a b c d e f g h
8 . R . r . . n . 
7 . . . . . . k . 
6 . p . p . . . . 
5 p . . . . . . . 
4 . . p P P . . . 
3 P . . . . . . . 
2 . . . B . . . p 
1 q . . b K . . B 

Side to move: White

=== Debug: Board State after history ===
  a b c d e f g h
8 . R . . r . n . 
7 . . . . . . k . 
6 . p . p . . . . 
5 p . . . . . . . 
4 . . p P P . . . 
3 P . . . . . . . 
2 . . . B . K . p 
1 q . . b . . . B 

Side to move: White

=== Debug: Board State after history ===
  a b c d e f g h
8 . R . . r . n . 
7 . . . . . . k . 
6 . p . . . . . . 
5 p . . p . . . . 
4 . . p P P . . . 
3 P . B . . . . . 
2 . . . . . K . p 
1 q . . b . . . B 

Side to move: White

=== Debug: Board State after history ===
  a b c d e f g h
8 . R . . . . n . 
7 . . . . r . k . 
6 . p . . . . . . 
5 p . . p . . . . 
4 . B p P P . . . 
3 P . . . . . . . 
2 . . . . . K . p 
1 q . . b . . . B 

Side to move: White

=== Debug: Board State after history ===
  a b c d e f g h
8 . . R . . . n k 
7 . . . . r . . . 
6 . p . . . . . . 
5 p . . p . . . . 
4 . B p P P . . . 
3 P . . . . . . . 
2 . . . . . K . p 
1 q . . b . . . B 

Side to move: White

=== Debug: Board State after history ===
  a b c d e f g h
8 . . . . . . n k 
7 . . R . r . . . 
6 . p . . . . . . 
5 p . . p . . . b 
4 . B p P P . . . 
3 P . . . . . . . 
2 . . . . . K . p 
1 q . . . . . . B 

Side to move: White

[32;1m[Board] [0m[33;1m[WARNING][0m [5;1mWhite King in check![0m
[32;1m[Board] [0m[33;1m[WARNING][0m    Threatened by Black Queen (a2)
=== Debug: Board State after history ===
  a b c d e f g h
8 . . . . . . n k 
7 . . R . B . . . 
6 . p . . . . . . 
5 p . . p . . . b 
4 . . p P P . . . 
3 P . . . . . . . 
2 q . . . . K . p 
1 . . . . . . . B 

Side to move: White

=== Debug: Board State after history ===
  a b c d e f g h
8 . . . . . . n k 
7 . . R . B . . . 
6 . p . . . . . . 
5 p . . p . . . . 
4 . . p P P . b . 
3 P . . . . . . . 
2 q . . . . . . p 
1 . . . . . K . B 

Side to move: White

=== Debug: Board State after history ===
  a b c d e f g h
8 . . . . . . n k 
7 . . R . B . . . 
6 . p . . . . . . 
5 p . . p P . . . 
4 . . p P . . b . 
3 q . . . . . . . 
2 . . . . . . . p 
1 . . . . . K . B 

Side to move: White

=== Debug: Board State after history ===
  a b c d e f g h
8 . . . B . . n k 
7 . . R . . . . . 
6 . p . . . . . . 
5 p . . p P . . . 
4 . . p P . . . . 
3 q . . . . . . . 
2 . . . . . . . p 
1 . . . b . K . B 

Side to move: White

=== Debug: Board State after history ===
  a b c d e f g h
8 . . . . . . n k 
7 . . R . B . . . 
6 . p . . . . . . 
5 p . . p P . . . 
4 . . . P . . . . 
3 q . p . . . . . 
2 . . . . . . . p 
1 . . . b . K . B 

Side to move: White

=== Debug: Board State after history ===
  a b c d e f g h
8 . . . . . . n k 
7 . . R . B . . . 
6 . p . . . . . . 
5 p . . p P . . . 
4 . . . P B . . . 
3 q . p . . . . . 
2 . . b . . . . p 
1 . . . . . K . . 

Side to move: White

=== Debug: Board State after history ===
  a b c d e f g h
8 . . . . . . n k 
7 . . R . B . . . 
6 . p . . . . . . 
5 p . . p P . . . 
4 . q . P . . . . 
3 . . p B . . . . 
2 . . b . . . . p 
1 . . . . . K . . 

Side to move: White

=== Debug: Board State after history ===
  a b c d e f g h
8 . . R . . . n k 
7 . . . . B . . . 
6 . p . . . . . . 
5 p . . p P . . . 
4 . q . P . . . . 
3 . . p B . . . . 
2 . . . . . . . p 
1 . . . b . K . . 

Side to move: White

[32;1m[Board] [0m[33;1m[WARNING][0m [5;1mWhite King in check![0m
[32;1m[Board] [0m[33;1m[WARNING][0m    Threatened by Black Bishop (e2)
=== Debug: Board State after history ===
  a b c d e f g h
8 . . . . R . n k 
7 . . . . B . . . 
6 . p . . . . . . 
5 p . . p P . . . 
4 . q . P . . . . 
3 . . p B . . . . 
2 . . . . b . . p 
1 . . . . . K . . 

Side to move: White

=== Debug: Board State after history ===
  a b c d e f g h
8 . . . . R . n k 
7 . . . . B . . . 
6 . p . q . . . . 
5 p . . p P . . . 
4 . . . P . . . . 
3 . . p . . . . . 
2 . . . . B . . p 
1 . . . . . K . . 

Side to move: White

=== Debug: Board State after history ===
  a b c d e f g h
8 . . . . R . n k 
7 . . . . B . . . 
6 . p . q . . . . 
5 p . . p P . . . 
4 . . . P . . . . 
3 . . . . . . . . 
2 . . p . B . K p 
1 . . . . . . . . 

Side to move: White

=== Debug: Board State after history ===
  a b c d e f g h
8 . q . . R . n k 
7 . . . . . . . . 
6 . p . . . . . . 
5 p . . p P . . . 
4 . . . P . . . B 
3 . . . . . . . . 
2 . . p . B . K p 
1 . . . . . . . . 

Side to move: White

=== Debug: Board State after history ===
  a b c d e f g h
8 . . . . R . n k 
7 . . . . . . . . 
6 . p . q . . . . 
5 p . . p P . . . 
4 . . . P . . . B 
3 . . . . . . . . 
2 . . p . . . K p 
1 . . . B . . . . 

Side to move: White

[32;1m[Board] [0m[33;1m[WARNING][0m Current board equals previous board (move #131)
=== Debug: Board State after history ===
  a b c d e f g h
8 . . . . R . n k 
7 . . . . . . . . 
6 . p . . . . . . 
5 p . q p P . . . 
4 . . . P . . . B 
3 . . . . . . . . 
2 . . p . B . K p 
1 . . . . . . . . 

Side to move: White

=== Debug: Board State after history ===
  a b c d e f g h
8 . . . . R . n k 
7 . . . . . . . . 
6 . p . . . . . . 
5 p . . p P . . . 
4 . . q P . . . . 
3 . . . . . . B . 
2 . . p . B . K p 
1 . . . . . . . . 

Side to move: White

=== Debug: Board State after history ===
  a b c d e f g h
8 . . . . . . . k 
7 . . . . . . . . 
6 . p . . R . . n 
5 p . . p P . . . 
4 . . q P . . . . 
3 . . . . . . B . 
2 . . p . B . K p 
1 . . . . . . . . 

Side to move: White

=== Debug: Board State after history ===
  a b c d e f g h
8 . . . . . . . k 
7 . . . . . . . . 
6 . p . . R . . n 
5 p . . p P . . . 
4 q . . P . . . . 
3 . . . . . . . . 
2 . . p . B B K p 
1 . . . . . . . . 

Side to move: White

=== Debug: Board State after history ===
  a b c d e f g h
8 . . . . . . . k 
7 . . . q . . . . 
6 . p . . . R . n 
5 p . . p P . . . 
4 . . . P . . . . 
3 . . . . . . . . 
2 . . p . B B K p 
1 . . . . . . . . 

Side to move: White

=== Debug: Board State after history ===
  a b c d e f g h
8 . . . . . . . k 
7 . . . q . . . . 
6 . p . . . . R . 
5 p . . p P n . . 
4 . . . P . . . . 
3 . . . . . . . . 
2 . . p . B B K p 
1 . . . . . . . . 

Side to move: White

=== Debug: Board State after history ===
  a b c d e f g h
8 . . . . . . . k 
7 . . . . . . . q 
6 . p . . . . R . 
5 p . . p P n . . 
4 . . . P . . . . 
3 . . . . . . . . 
2 . . p . B B . p 
1 . . . . . . . K 

Side to move: White

=== Debug: Board State after history ===
  a b c d e f g h
8 . . . . . . . k 
7 . . . . . . n q 
6 . p . . . . . R 
5 p . . p P . . . 
4 . . . P . . . . 
3 . . . . . . . . 
2 . . p . B B . p 
1 . . . . . . . K 

Side to move: White

=== Debug: Board State after history ===
  a b c d e f g h
8 . . . . . . . k 
7 . . . . . . n q 
6 . . . . . . . R 
5 p p . p P . . . 
4 . . . P . . . . 
3 . . . . . . . . 
2 . . p . B . . p 
1 . . . . . . B K 

Side to move: White

=== Debug: Board State after history ===
  a b c d e f g h
8 . . . . . . . k 
7 . . . . . . n . 
6 . . . . . . . . 
5 p p . p P . . q 
4 . . . P . . . . 
3 . . . . . . . . 
2 . . p . B . . R 
1 . . . . . . B K 

Side to move: White

=== Debug: Board State after history ===
  a b c d e f g h
8 . . . . . . . k 
7 . . . . . . n . 
6 . . . . . . . . 
5 p p . p P . . . 
4 . . . P . . B q 
3 . . . . . . . . 
2 . . p . . . . R 
1 . . . . . . B K 

Side to move: White

[32;1m[Board] [0m[33;1m[WARNING][0m [5;1mBlack King in check![0m
[32;1m[Board] [0m[33;1m[WARNING][0m    Threatened by White Rook (h4)
=== Debug: Board State after history ===
  a b c d e f g h
8 . . . . . . . k 
7 . . . . . . . . 
6 . . . . . . . . 
5 p p . p P . . n 
4 . . . P . . B R 
3 . . . . . . . . 
2 . . p . . . . . 
1 . . . . . . B K 

Side to move: White

=== Debug: Board State after history ===
  a b c d e f g h
8 . . . . . . . k 
7 . . . . . . . . 
6 . . . . . . . . 
5 . p . p P . . n 
4 p . . P . . . R 
3 . . . . . . . . 
2 . . p . . . . . 
1 . . . B . . B K 

Side to move: White

=== Debug: Board State after history ===
  a b c d e f g h
8 . . . . . . . k 
7 . . . . . . . . 
6 . . . . . . . . 
5 . p . p P . . n 
4 p . . P . . . R 
3 . . . . . B . . 
2 . . . . . . . . 
1 . . q . . . B K 

Side to move: White

=== Debug: Board State after history ===
  a b c d e f g h
8 . . . . . . . k 
7 . . . . . . . . 
6 . . . . . . . . 
5 . p . p P . . n 
4 p . . P . . . . 
3 . . . . . B . . 
2 . . q . . . . R 
1 . . . . . . B K 

Side to move: White

=== Debug: Board State after history ===
  a b c d e f g h
8 . . . . . . . k 
7 . . q . . . . . 
6 . . . . . . . . 
5 . p . p P . . n 
4 p . . P . . B . 
3 . . . . . . . . 
2 . . . . . . . R 
1 . . . . . . B K 

Side to move: White

=== Debug: Board State after history ===
  a b c d e f g h
8 . . . . . . . k 
7 . . . . . . . . 
6 . q . . . . . . 
5 . p . p P . . n 
4 p . . P . . B R 
3 . . . . . . . . 
2 . . . . . . . . 
1 . . . . . . B K 

Side to move: White

[32;1m[Board] [0m[33;1m[WARNING][0m [5;1mBlack King in check![0m
[32;1m[Board] [0m[33;1m[WARNING][0m    Threatened by White Rook (h5)
=== Debug: Board State after history ===
  a b c d e f g h
8 . . . . . . k . 
7 . . . . . . . . 
6 . q . . . . . . 
5 . p . p P . . R 
4 p . . P . . B . 
3 . . . . . . . . 
2 . . . . . . . . 
1 . . . . . . B K 

Side to move: White

=== Debug: Board State after history ===
  a b c d e f g h
8 . . . q . . k . 
7 . . . . . . . . 
6 . . . . . . . . 
5 . p . p P . . R 
4 p . . P . . B . 
3 . . . . . . . . 
2 . . . . . B . . 
1 . . . . . . . K 

Side to move: White

=== Debug: Board State after history ===
  a b c d e f g h
8 . . . q . . . . 
7 . . . . . k . . 
6 . . . . . . . . 
5 . p . p P . . R 
4 p . . P . . B . 
3 . . . . . . . . 
2 . . . . . B . K 
1 . . . . . . . . 

Side to move: White

=== Debug: Board State after history ===
  a b c d e f g h
8 . . . q . . . . 
7 . . . . . . k . 
6 . . . . . . . . 
5 . p . p P . . . 
4 p . . P . . B R 
3 . . . . . . . . 
2 . . . . . B . K 
1 . . . . . . . . 

Side to move: White

=== Debug: Board State after history ===
  a b c d e f g h
8 . . . q . . . . 
7 . . . . . . k . 
6 . . . . . . . . 
5 . p . p P B . . 
4 . . . P . . . R 
3 p . . . . . . . 
2 . . . . . B . K 
1 . . . . . . . . 

Side to move: White

=== Debug: Board State after history ===
  a b c d e f g h
8 . . . . . . . . 
7 . . . q . . k . 
6 . . . . . . . . 
5 . p . p P B . . 
4 . . . P . R . . 
3 p . . . . . . . 
2 . . . . . B . K 
1 . . . . . . . . 

Side to move: White

=== Debug: Board State after history ===
  a b c d e f g h
8 . . . . . . . . 
7 . . . q . . k . 
6 . . . . . . . . 
5 . . . p P B . . 
4 . p . P . R . . 
3 p . . . . . . K 
2 . . . . . B . . 
1 . . . . . . . . 

Side to move: White

=== Debug: Board State after history ===
  a b c d e f g h
8 . . . q . . . . 
7 . . . . . . k . 
6 . . . . B . . . 
5 . . . p P . . . 
4 . p . P . R . . 
3 p . . . . . . K 
2 . . . . . B . . 
1 . . . . . . . . 

Side to move: White

[32;1m[Board] [0m[33;1m[WARNING][0m [5;1mBlack King in check![0m
[32;1m[Board] [0m[33;1m[WARNING][0m    Threatened by White Rook (g4)
=== Debug: Board State after history ===
  a b c d e f g h
8 . . . q . . . k 
7 . . . . . . . . 
6 . . . . B . . . 
5 . . . p P . . . 
4 . p . P . . R . 
3 p . . . . . . K 
2 . . . . . B . . 
1 . . . . . . . . 

Side to move: White

=== Debug: Board State after history ===
  a b c d e f g h
8 . . B . . . . k 
7 . . . q . . . . 
6 . . . . . . . . 
5 . . . p P . . . 
4 . p . P . . R . 
3 p . . . . . . K 
2 . . . . . B . . 
1 . . . . . . . . 

Side to move: White

=== Debug: Board State after history ===
  a b c d e f g h
8 . . . . . . . k 
7 . . . B . . . . 
6 . . . . . . . . 
5 . . . p P . . . 
4 . p . P . . R . 
3 . . . . . . . K 
2 p . . . . B . . 
1 . . . . . . . . 

Side to move: White

=== Debug: Board State after history ===
  a b c d e f g h
8 . . B . . . . k 
7 . . . . . . . . 
6 . . . . . . . . 
5 . . . p P . . . 
4 . . . P . . R . 
3 . p . . . . . K 
2 p . . . . B . . 
1 . . . . . . . . 

Side to move: White

=== Debug: Board State after history ===
  a b c d e f g h
8 . . B . . . . k 
7 . . . . . . . . 
6 . . . . . . . . 
5 . . . p P . . . 
4 . . . P . . R B 
3 . . . . . . . K 
2 p p . . . . . . 
1 . . . . . . . . 

Side to move: White

=== Debug: Board State after history ===
  a b c d e f g h
8 . . . . . . . k 
7 . . . . . . . . 
6 B . . . . . . . 
5 . . . p P . . . 
4 . . . P . . R B 
3 . . . . . . . K 
2 . p . . . . . . 
1 q . . . . . . . 

Side to move: White

=== Debug: Board State after history ===
  a b c d e f g h
8 . . . . . . . k 
7 . B . . . . . . 
6 . . . . . . . . 
5 . . . p P . . . 
4 . . . P . . R B 
3 . . . . . . . K 
2 . . . . . . . . 
1 q q . . . . . . 

Side to move: White

[32;1m[Board] [0m[33;1m[WARNING][0m [5;1mWhite King in check![0m
[32;1m[Board] [0m[33;1m[WARNING][0m    Threatened by Black Queen (h1)
=== Debug: Board State after history ===
  a b c d e f g h
8 . . . . . . . k 
7 . B . . . . . . 
6 . . . . . . . . 
5 . . . p P . B . 
4 . . . P . . R . 
3 . . . . . . . K 
2 . . . . . . . . 
1 q . . . . . . q 

Side to move: White

=== Debug: Board State after history ===
  a b c d e f g h
8 . . . . . . . . 
7 . B . . . . k . 
6 . . . . . . . . 
5 . . . p P . B . 
4 . . . P . . R . 
3 . . . . . . K . 
2 . . . . . . . . 
1 q . . . . . . q 

Side to move: White

[32;1m[Board] [0m[33;1m[WARNING][0m [5;1mBlack King in check![0m
[32;1m[Board] [0m[33;1m[WARNING][0m    Threatened by White Rook (g4)
=== Debug: Board State after history ===
  a b c d e f g h
8 . . . . . . . . 
7 . B . . . . . k 
6 . . . . . . . . 
5 . . . p P . . . 
4 . . . P . . R B 
3 . . . . . . K . 
2 . . . . . . . . 
1 q . . . . . . q 

Side to move: White

=== Debug: Board State after history ===
  a b c d e f g h
8 B . . . . . . . 
7 q . . . . . . k 
6 . . . . . . . . 
5 . . . p P . . . 
4 . . . P . . R B 
3 . . . . . . K . 
2 . . . . . . . . 
1 . . . . . . . q 

Side to move: White

=== Debug: Board State after history ===
  a b c d e f g h
8 B . . . . . . . 
7 . . . . . . . k 
6 . . . . . . . . 
5 . . . p P . B . 
4 . . . P . . R . 
3 . . . . . . K . 
2 . . . . . . . . 
1 q . . . . . . q 

Side to move: White

=== Debug: Board State after history ===
  a b c d e f g h
8 . . . . . . . . 
7 . B . . . . . k 
6 . . . . . . . . 
5 . . . p P . B . 
4 . . . P . . R . 
3 . . . . . . K . 
2 . . . . . . . . 
1 q . q . . . . . 

Side to move: White

=== Debug: Board State after history ===
  a b c d e f g h
8 . . B . . . . k 
7 . . . . . . . . 
6 . . . . . . . . 
5 . . . p P . B . 
4 . . . P . . R . 
3 . . . . . . K . 
2 . . . . . . . . 
1 q . q . . . . . 

Side to move: White

=== Debug: Board State after history ===
  a b c d e f g h
8 . . B . . . . k 
7 . . . . . . . . 
6 . . . . . . . . 
5 . . . p P . B . 
4 . . . P . . R K 
3 . . . . . . . . 
2 . . . . . . . . 
1 q q . . . . . . 

Side to move: White

=== Debug: Board State after history ===
  a b c d e f g h
8 . . B . . . . k 
7 . . . . . . . . 
6 . . . . . . . . 
5 . . . p P . . . 
4 . . . q . . R K 
3 . . . . . . . . 
2 . . . B . . . . 
1 . q . . . . . . 

Side to move: White

=== Debug: Board State after history ===
  a b c d e f g h
8 . . B . . . . k 
7 . . . . . . . . 
6 . . . . P . . . 
5 . . . p . . . . 
4 . q . . . . R K 
3 . . . . . . . . 
2 . . . B . . . . 
1 . q . . . . . . 

Side to move: White

[32;1m[Board] [0m[33;1m[WARNING][0m [5;1mWhite King in check![0m
[32;1m[Board] [0m[33;1m[WARNING][0m    Threatened by Black Queen (g4)
=== Debug: Board State after history ===
  a b c d e f g h
8 . . B . . . . k 
7 . . . . . . . . 
6 . . . . P . . . 
5 . . . p . . . . 
4 . . . . . . q K 
3 . . . . . . . . 
2 . . . . . . . . 
1 . q . . B . . . 

Side to move: White

=== Debug: Board State after history ===
  a b c d e f g h
8 . . B . . . . k 
7 . . . . . . . . 
6 . . . . P . . . 
5 . . . p . . . . 
4 . . . . . . K . 
3 . . . . . . . . 
2 q . . . . . . . 
1 . . . . B . . . 

Side to move: White

=== Debug: Board State after history ===
  a b c d e f g h
8 . . B . . . . k 
7 . . . . . . . . 
6 . . . . P . . . 
5 . . . p . . . . 
4 . . . . . . . K 
3 . . . . . . . . 
2 . . . . . . . . 
1 q . . . B . . . 

Side to move: White

=== Debug: Board State after history ===
  a b c d e f g h
8 . . B . . . . k 
7 . . . . . . . . 
6 . . . . P . . . 
5 . . . . . . K . 
4 . . . p . . . . 
3 . . . . . . . . 
2 . . . . . . . . 
1 q . . . B . . . 

Side to move: White

=== Debug: Board State after history ===
  a b c d e f g h
8 . . B . . . . k 
7 . . . . . . . . 
6 . . . . P . . . 
5 . . . . . . K . 
4 . . . p . . . . 
3 . . . . . . . . 
2 . . . B . . . . 
1 . . . q . . . . 

Side to move: White

=== Debug: Board State after history ===
  a b c d e f g h
8 . . B . . . . k 
7 . . . . . . . . 
6 . . . . P . . K 
5 . . . . . . . . 
4 . . . p . . . . 
3 . . . . . . . . 
2 . . . B . . . . 
1 . . . . . . q . 

Side to move: White

=== Debug: Board State after history ===
  a b c d e f g h
8 . . B . . . . k 
7 . . . . P . . . 
6 . . . . . . . K 
5 . . . . . . . . 
4 . . . p . . . . 
3 . . . . . . . . 
2 . . . B . . . . 
1 . . . . q . . . 

Side to move: White

[32;1m[Board] [0m[33;1m[WARNING][0m [5;1mBlack King in check![0m
[32;1m[Board] [0m[33;1m[WARNING][0m    Threatened by White Queen (e8)
=== Debug: Board State after history ===
  a b c d e f g h
8 . . B . q . . k 
7 . . . . . . . . 
6 . . . . . . . K 
5 . . . . . . . . 
4 . . . p . . . . 
3 . . . . . . . . 
2 . . . B . . . . 
1 . . . . . . . . 

Side to move: White

=== Debug: Board State after history ===
  a b c d e f g h
8 . . . . . . . k 
7 . . . B . . . . 
6 . . . . . . . K 
5 . . . . q . . . 
4 . . . p . . . . 
3 . . . . . . . . 
2 . . . B . . . . 
1 . . . . . . . . 

Side to move: White

[32;1m[Board] [0m[33;1m[WARNING][0m [5;1mWhite King in check![0m
[32;1m[Board] [0m[33;1m[WARNING][0m    Threatened by Black Queen (g5)
=== Debug: Board State after history ===
  a b c d e f g h
8 . . . . . . . k 
7 . . . B . . . . 
6 . . . . . . . K 
5 B . . . . . q . 
4 . . . p . . . . 
3 . . . . . . . . 
2 . . . . . . . . 
1 . . . . . . . . 

Side to move: White

=== Debug: Board State after history ===
  a b c d e f g h
8 . . . . . . k . 
7 . . . B . . . . 
6 . . . . . . . . 
5 B . . . . . K . 
4 . . . p . . . . 
3 . . . . . . . . 
2 . . . . . . . . 
1 . . . . . . . . 

Side to move: White

=== Debug: Board State after history ===
  a b c d e f g h
8 . . . . . . k . 
7 . . . B . . . . 
6 . . . . . . . . 
5 B . . . . . . . 
4 . . . . . K . . 
3 . . . p . . . . 
2 . . . . . . . . 
1 . . . . . . . . 

Side to move: White

=== Debug: Board State after history ===
  a b c d e f g h
8 . . . . . . . . 
7 . . . B . . k . 
6 . . . . . . . . 
5 B . . . . . . . 
4 . . . . . . . . 
3 . . . p . K . . 
2 . . . . . . . . 
1 . . . . . . . . 

Side to move: White

[32;1m[Board] [0m[33;1m[WARNING][0m [5;1mBlack King in check![0m
[32;1m[Board] [0m[33;1m[WARNING][0m    Threatened by White Bishop (c3)
=== Debug: Board State after history ===
  a b c d e f g h
8 . . . . . . . . 
7 . . . B . k . . 
6 . . . . . . . . 
5 . . . . . . . . 
4 . . . . . . . . 
3 . . B p . K . . 
2 . . . . . . . . 
1 . . . . . . . . 

Side to move: White

=== Debug: Board State after history ===
  a b c d e f g h
8 . . . . . . . . 
7 . . . B k . . . 
6 . . . . . . . . 
5 . . . . . . . . 
4 . . . . . K . . 
3 . . B p . . . . 
2 . . . . . . . . 
1 . . . . . . . . 

Side to move: White

=== Debug: Board State after history ===
  a b c d e f g h
8 . . . . . . . . 
7 . . . B k . . . 
6 . . . . . . . . 
5 . . . . . . . . 
4 . . . . . . . . 
3 . . B . . K . . 
2 . . . p . . . . 
1 . . . . . . . . 

Side to move: White

=== Debug: Board State after history ===
  a b c d e f g h
8 . . . . . . . . 
7 . . . B k . . . 
6 . . . . . . . . 
5 . . . . . . . . 
4 . . . . . K . . 
3 . . B . . . . . 
2 . . . . . . . . 
1 . . . q . . . . 

Side to move: White

[32;1m[Board] [0m[33;1m[WARNING][0m [5;1mWhite King in check![0m
[32;1m[Board] [0m[33;1m[WARNING][0m    Threatened by Black Queen (a4)
=== Debug: Board State after history ===
  a b c d e f g h
8 . . . . . . . . 
7 . . . B k . . . 
6 . . . . . . . . 
5 . . . . . . . . 
4 q . . . . K . . 
3 . . . . . . . . 
2 . . . B . . . . 
1 . . . . . . . . 

Side to move: White

=== Debug: Board State after history ===
  a b c d e f g h
8 . . . . . . . . 
7 . . . B . . . . 
6 . . . k . . . . 
5 . . . . . . K . 
4 q . . . . . . . 
3 . . . . . . . . 
2 . . . B . . . . 
1 . . . . . . . . 

Side to move: White

=== Debug: Board State after history ===
  a b c d e f g h
8 . . . . . . . . 
7 . . . B . . . . 
6 . . . . . . . K 
5 . . . . k . . . 
4 q . . . . . . . 
3 . . . . . . . . 
2 . . . B . . . . 
1 . . . . . . . . 

Side to move: White

[32;1m[Board] [0m[33;1m[WARNING][0m [5;1mWhite King in check![0m
[32;1m[Board] [0m[33;1m[WARNING][0m    Threatened by Black Queen (g4)
=== Debug: Board State after history ===
  a b c d e f g h
8 . . . . . . . . 
7 . . . B . . . . 
6 . . . . . . . . 
5 . . . . k . . K 
4 . . . . . . q . 
3 . . . . . . . . 
2 . . . B . . . . 
1 . . . . . . . . 

Side to move: White

=== Debug: Board State after history ===
  a b c d e f g h
8 . . . . . . . . 
7 . . . B . . . . 
6 . . . k . . . . 
5 . . . . . . . . 
4 . . . . . . K . 
3 . . . . . . . . 
2 . . . B . . . . 
1 . . . . . . . . 

Side to move: White

[32;1m[Board] [0m[33;1m[WARNING][0m [5;1mBlack King in check![0m
[32;1m[Board] [0m[33;1m[WARNING][0m    Threatened by White Bishop (b4)
=== Debug: Board State after history ===
  a b c d e f g h
8 . . . . . . . . 
7 . . k B . . . . 
6 . . . . . . . . 
5 . . . . . . . . 
4 . B . . . . K . 
3 . . . . . . . . 
2 . . . . . . . . 
1 . . . . . . . . 

Side to move: White

=== Debug: Board State after history ===
  a b c d e f g h
8 . . . . . . . . 
7 . . . B . . . . 
6 . . . k . . . . 
5 . . . . . . . . 
4 . . . . . . K . 
3 . . B . . . . . 
2 . . . . . . . . 
1 . . . . . . . . 

Side to move: White

=== Debug: Board State after history ===
  a b c d e f g h
8 . . . . . . . . 
7 . . . . k . . . 
6 . . B . . . . . 
5 . . . . . . . . 
4 . . . . . . K . 
3 . . B . . . . . 
2 . . . . . . . . 
1 . . . . . . . . 

Side to move: White

=== Debug: Board State after history ===
  a b c d e f g h
8 . . . . . . . . 
7 . . . . . k B . 
6 . . B . . . . . 
5 . . . . . . . . 
4 . . . . . . K . 
3 . . . . . . . . 
2 . . . . . . . . 
1 . . . . . . . . 

Side to move: White

=== Debug: Board State after history ===
  a b c d e f g h
8 . . . . . . k . 
7 . . . . . . B . 
6 . . . . . . . . 
5 . B . . . . . . 
4 . . . . . . K . 
3 . . . . . . . . 
2 . . . . . . . . 
1 . . . . . . . . 

Side to move: White

[32;1m[Board] [0m[33;1m[WARNING][0m Only two kings remaining, with one bishop.
[32;1m[Board] [0m[33;1m[WARNING][0m [5;1mDead position :([0m
[32;1m[Board] [0m[33;1m[WARNING][0m Draw! Game over.
