[32;1m[Board] [0m[33;1m[WARNING][0m [5;1mWhite King in check![0m
[32;1m[Board] [0m[33;1m[WARNING][0m    Threatened by Black Bishop (f2)
[32;1m[Board] [0m[33;1m[WARNING][0m [5;1mWhite King in check![0m
[32;1m[Board] [0m[33;1m[WARNING][0m    Threatened by Black Knight (d3)
[32;1m[Board] [0m[33;1m[WARNING][0m [5;1mBlack King in check![0m
[32;1m[Board] [0m[33;1m[WARNING][0m    Threatened by White Rook (f5)
[32;1m[Board] [0m[33;1m[WARNING][0m [5;1mWhite King in check![0m
[32;1m[Board] [0m[33;1m[WARNING][0m    Threatened by Black Rook (e3)
[32;1m[Board] [0m[33;1m[WARNING][0m [5;1mWhite King in check![0m
[32;1m[Board] [0m[33;1m[WARNING][0m    Threatened by Black Bishop (g2)
[32;1m[Board] [0m[33;1m[WARNING][0m [5;1mWhite King in check![0m
[32;1m[Board] [0m[33;1m[WARNING][0m    Threatened by Black Rook (d7)
[32;1m[Board] [0m[33;1m[WARNING][0m [5;1mWhite King in check![0m
[32;1m[Board] [0m[33;1m[WARNING][0m    Threatened by Black Pawn (d2)
[32;1m[Board] [0m[33;1m[WARNING][0m [5;1mWhite King in check![0m
[32;1m[Board] [0m[33;1m[WARNING][0m    Threatened by Black Rook (c1)
[32;1m[Board] [0m[33;1m[WARNING][0m [5;1mBlack King in check![0m
[32;1m[Board] [0m[33;1m[WARNING][0m    Threatened by White Knight (g6)
[32;1m[Board] [0m[33;1m[WARNING][0m Current board equals previous board (move #200)
[32;1m[Board] [0m[31;1m[ERROR][0m Target position (f4) puts the King in check :(
[32;1m[Board] [0m[31;1m[ERROR][0m Black King (g4) cannot reach its destination (f4) :(
