[32;1m[Board] [0mInitializing board...
[32;1m[Board] [0m
[32;1m[Board] [0m    a b c d e f g h 
[32;1m[Board] [0m  -------------------
[32;1m[Board] [0m8 ||[30;1mr[0m|[30;1mk[0m|[30;1mb[0m|[30;1mQ[0m|[30;1mK[0m|[30;1mb[0m|[30;1mk[0m|[30;1mr[0m|| 8
[32;1m[Board] [0m  -------------------
[32;1m[Board] [0m7 ||[30;1mp[0m|[30;1mp[0m|[30;1mp[0m|[30;1mp[0m|[30;1mp[0m|[30;1mp[0m|[30;1mp[0m|[30;1mp[0m|| 7
[32;1m[Board] [0m  -------------------
[32;1m[Board] [0m6 ||[7;1m [0m| |[7;1m [0m| |[7;1m [0m| |[7;1m [0m| || 6
[32;1m[Board] [0m  -------------------
[32;1m[Board] [0m5 || |[7;1m [0m| |[7;1m [0m| |[7;1m [0m| |[7;1m [0m|| 5
[32;1m[Board] [0m  -------------------
[32;1m[Board] [0m4 ||[7;1m [0m| |[7;1m [0m| |[7;1m [0m| |[7;1m [0m| || 4
[32;1m[Board] [0m  -------------------
[32;1m[Board] [0m3 || |[7;1m [0m| |[7;1m [0m| |[7;1m [0m| |[7;1m [0m|| 3
[32;1m[Board] [0m  -------------------
[32;1m[Board] [0m2 ||[0;1mp[0m|[0;1mp[0m|[0;1mp[0m|[0;1mp[0m|[0;1mp[0m|[0;1mp[0m|[0;1mp[0m|[0;1mp[0m|| 2
[32;1m[Board] [0m  -------------------
[32;1m[Board] [0m1 ||[0;1mr[0m|[0;1mk[0m|[0;1mb[0m|[0;1mQ[0m|[0;1mK[0m|[0;1mb[0m|[0;1mk[0m|[0;1mr[0m|| 1
[32;1m[Board] [0m  -------------------
[32;1m[Board] [0m    a b c d e f g h
[32;1m[Board] [0m
[32;1m[Referee] [0mThis is the turn of the White player...
Played move: e2e4
Test bitboard: 
8  1 0 0 0 0 0 0 0 
7  0 0 0 0 0 0 0 0 
6  0 0 0 0 0 0 0 0 
5  0 0 0 0 0 0 0 0 
4  0 0 0 0 0 0 0 0 
3  0 0 0 0 0 0 0 0 
2  0 0 0 0 0 0 0 0 
1  0 0 0 0 0 0 0 0 

   A B C D E F G H 
8  0 0 0 0 0 0 0 0 
7  1 0 0 0 1 0 0 0 
6  0 0 0 0 0 0 0 0 
5  0 0 0 0 0 0 0 0 
4  0 1 0 0 0 0 1 0 
3  0 0 0 0 0 0 0 0 
2  0 0 0 0 1 0 0 0 
1  0 0 0 0 0 0 1 0 

   A B C D E F G H 
8  0 1 1 1 1 1 1 1 
7  1 0 0 0 0 0 0 0 
6  0 0 0 0 0 0 0 0 
5  0 0 0 0 0 0 0 0 
4  0 0 0 0 0 0 0 0 
3  0 0 0 0 0 0 0 0 
2  0 0 0 0 0 0 0 0 
1  0 0 0 0 0 0 0 0 

   A B C D E F G H 
8  0 0 0 0 0 0 0 1 
7  0 0 0 0 0 0 0 1 
6  0 0 0 0 0 0 0 1 
5  0 0 0 0 0 0 0 1 
4  0 0 0 0 0 0 0 1 
3  0 0 0 0 0 0 0 1 
2  0 0 0 0 0 0 0 1 
1  0 0 0 0 0 0 1 0 

   A B C D E F G H 
8  0 0 0 0 0 0 0 0 
7  0 0 0 0 1 0 0 0 
6  0 0 0 0 1 0 0 0 
5  0 0 0 0 1 0 0 0 
4  0 1 1 1 0 1 1 0 
3  0 0 0 0 1 0 0 0 
2  0 0 0 0 1 0 0 0 
1  0 0 0 0 0 0 0 0 

   A B C D E F G H 
6
[32;1m[Game] [0mPlayer's error code: 0
[32;1m[Game] [0mChecking move validity...
[32;1m[Board] [0mInitializing board...
[32;1m[Board] [0mLoading history file `championship/o-of-yes-magnuscarlsenmogger/history.csv`...
[32;1m[Board] [0mLoaded 0 move(s).
[32;1m[Board] [0mLoading move file `championship/o-of-yes-magnuscarlsenmogger/move.csv`...
[32;1m[Board] [0mWhite player is playing e2 to e4.
[32;1m[Board] [0m
[32;1m[Board] [0m    a b c d e f g h 
[32;1m[Board] [0m  -------------------
[32;1m[Board] [0m8 ||[30;1mr[0m|[30;1mk[0m|[30;1mb[0m|[30;1mQ[0m|[30;1mK[0m|[30;1mb[0m|[30;1mk[0m|[30;1mr[0m|| 8
[32;1m[Board] [0m  -------------------
[32;1m[Board] [0m7 ||[30;1mp[0m|[30;1mp[0m|[30;1mp[0m|[30;1mp[0m|[30;1mp[0m|[30;1mp[0m|[30;1mp[0m|[30;1mp[0m|| 7
[32;1m[Board] [0m  -------------------
[32;1m[Board] [0m6 ||[7;1m [0m| |[7;1m [0m| |[7;1m [0m| |[7;1m [0m| || 6
[32;1m[Board] [0m  -------------------
[32;1m[Board] [0m5 || |[7;1m [0m| |[7;1m [0m| |[7;1m [0m| |[7;1m [0m|| 5
[32;1m[Board] [0m  -------------------
[32;1m[Board] [0m4 ||[7;1m [0m| |[7;1m [0m| |[0;1mp[0m| |[7;1m [0m| || 4
[32;1m[Board] [0m  -------------------
[32;1m[Board] [0m3 || |[7;1m [0m| |[7;1m [0m| |[7;1m [0m| |[7;1m [0m|| 3
[32;1m[Board] [0m  -------------------
[32;1m[Board] [0m2 ||[0;1mp[0m|[0;1mp[0m|[0;1mp[0m|[0;1mp[0m|[7;1m [0m|[0;1mp[0m|[0;1mp[0m|[0;1mp[0m|| 2
[32;1m[Board] [0m  -------------------
[32;1m[Board] [0m1 ||[0;1mr[0m|[0;1mk[0m|[0;1mb[0m|[0;1mQ[0m|[0;1mK[0m|[0;1mb[0m|[0;1mk[0m|[0;1mr[0m|| 1
[32;1m[Board] [0m  -------------------
[32;1m[Board] [0m    a b c d e f g h
[32;1m[Board] [0m
[32;1m[Referee] [0mThis is the turn of the Black player...
e2e4
8  r n b q k b n r 
7  p p p p p p p p 
6  . . . . . . . . 
5  . . . . . . . . 
4  . . . . P . . . 
3  . . . . . . . . 
2  P P P P . P P P 
1  R N B Q K B N R 
   a b c d e f g h

Evaluation = -93
Depth 1 took 0 ms
Depth 2 took 5 ms
Depth 3 took 52 ms
Depth 4 took 357 ms
Depth 5 took 4083 ms
Depth 6 took 4999 ms
Search depth: 5
Nodes searched: 313148
Best move: e7e6
Total time: 9500 ms
e7e6
[32;1m[Game] [0mPlayer's error code: 0
[32;1m[Game] [0mChecking move validity...
[32;1m[Board] [0mInitializing board...
[32;1m[Board] [0mLoading history file `championship/o-of-yes-magnuscarlsenmogger/history.csv`...
[32;1m[Board] [0mLoaded 1 move(s).
[32;1m[Board] [0mLoading move file `championship/o-of-yes-magnuscarlsenmogger/move.csv`...
[32;1m[Board] [0mBlack player is playing e7 to e6.
[32;1m[Board] [0m
[32;1m[Board] [0m    a b c d e f g h 
[32;1m[Board] [0m  -------------------
[32;1m[Board] [0m8 ||[30;1mr[0m|[30;1mk[0m|[30;1mb[0m|[30;1mQ[0m|[30;1mK[0m|[30;1mb[0m|[30;1mk[0m|[30;1mr[0m|| 8
[32;1m[Board] [0m  -------------------
[32;1m[Board] [0m7 ||[30;1mp[0m|[30;1mp[0m|[30;1mp[0m|[30;1mp[0m| |[30;1mp[0m|[30;1mp[0m|[30;1mp[0m|| 7
[32;1m[Board] [0m  -------------------
[32;1m[Board] [0m6 ||[7;1m [0m| |[7;1m [0m| |[30;1mp[0m| |[7;1m [0m| || 6
[32;1m[Board] [0m  -------------------
[32;1m[Board] [0m5 || |[7;1m [0m| |[7;1m [0m| |[7;1m [0m| |[7;1m [0m|| 5
[32;1m[Board] [0m  -------------------
[32;1m[Board] [0m4 ||[7;1m [0m| |[7;1m [0m| |[0;1mp[0m| |[7;1m [0m| || 4
[32;1m[Board] [0m  -------------------
[32;1m[Board] [0m3 || |[7;1m [0m| |[7;1m [0m| |[7;1m [0m| |[7;1m [0m|| 3
[32;1m[Board] [0m  -------------------
[32;1m[Board] [0m2 ||[0;1mp[0m|[0;1mp[0m|[0;1mp[0m|[0;1mp[0m|[7;1m [0m|[0;1mp[0m|[0;1mp[0m|[0;1mp[0m|| 2
[32;1m[Board] [0m  -------------------
[32;1m[Board] [0m1 ||[0;1mr[0m|[0;1mk[0m|[0;1mb[0m|[0;1mQ[0m|[0;1mK[0m|[0;1mb[0m|[0;1mk[0m|[0;1mr[0m|| 1
[32;1m[Board] [0m  -------------------
[32;1m[Board] [0m    a b c d e f g h
[32;1m[Board] [0m
[32;1m[Referee] [0mThis is the turn of the White player...
Played move: f1c4
Test bitboard: 
8  1 0 0 0 0 0 0 0 
7  0 0 0 0 0 0 0 0 
6  0 0 0 0 0 0 0 0 
5  0 0 0 0 0 0 0 0 
4  0 0 0 0 0 0 0 0 
3  0 0 0 0 0 0 0 0 
2  0 0 0 0 0 0 0 0 
1  0 0 0 0 0 0 0 0 

   A B C D E F G H 
8  0 0 0 0 0 0 0 0 
7  1 0 0 0 1 0 0 0 
6  0 0 0 0 0 0 0 0 
5  0 0 0 0 0 0 0 0 
4  0 1 0 0 0 0 1 0 
3  0 0 0 0 0 0 0 0 
2  0 0 0 0 1 0 0 0 
1  0 0 0 0 0 0 1 0 

   A B C D E F G H 
8  0 1 1 1 1 1 1 1 
7  1 0 0 0 0 0 0 0 
6  0 0 0 0 0 0 0 0 
5  0 0 0 0 0 0 0 0 
4  0 0 0 0 0 0 0 0 
3  0 0 0 0 0 0 0 0 
2  0 0 0 0 0 0 0 0 
1  0 0 0 0 0 0 0 0 

   A B C D E F G H 
8  0 0 0 0 0 0 0 1 
7  0 0 0 0 0 0 0 1 
6  0 0 0 0 0 0 0 1 
5  0 0 0 0 0 0 0 1 
4  0 0 0 0 0 0 0 1 
3  0 0 0 0 0 0 0 1 
2  0 0 0 0 0 0 0 1 
1  0 0 0 0 0 0 1 0 

   A B C D E F G H 
8  0 0 0 0 0 0 0 0 
7  0 0 0 0 1 0 0 0 
6  0 0 0 0 1 0 0 0 
5  0 0 0 0 1 0 0 0 
4  0 1 1 1 0 1 1 0 
3  0 0 0 0 1 0 0 0 
2  0 0 0 0 1 0 0 0 
1  0 0 0 0 0 0 0 0 

   A B C D E F G H 
6
[32;1m[Game] [0mPlayer's error code: 0
[32;1m[Game] [0mChecking move validity...
[32;1m[Board] [0mInitializing board...
[32;1m[Board] [0mLoading history file `championship/o-of-yes-magnuscarlsenmogger/history.csv`...
[32;1m[Board] [0mLoaded 2 move(s).
[32;1m[Board] [0mLoading move file `championship/o-of-yes-magnuscarlsenmogger/move.csv`...
[32;1m[Board] [0mWhite player is playing f1 to c4.
[32;1m[Board] [0m
[32;1m[Board] [0m    a b c d e f g h 
[32;1m[Board] [0m  -------------------
[32;1m[Board] [0m8 ||[30;1mr[0m|[30;1mk[0m|[30;1mb[0m|[30;1mQ[0m|[30;1mK[0m|[30;1mb[0m|[30;1mk[0m|[30;1mr[0m|| 8
[32;1m[Board] [0m  -------------------
[32;1m[Board] [0m7 ||[30;1mp[0m|[30;1mp[0m|[30;1mp[0m|[30;1mp[0m| |[30;1mp[0m|[30;1mp[0m|[30;1mp[0m|| 7
[32;1m[Board] [0m  -------------------
[32;1m[Board] [0m6 ||[7;1m [0m| |[7;1m [0m| |[30;1mp[0m| |[7;1m [0m| || 6
[32;1m[Board] [0m  -------------------
[32;1m[Board] [0m5 || |[7;1m [0m| |[7;1m [0m| |[7;1m [0m| |[7;1m [0m|| 5
[32;1m[Board] [0m  -------------------
[32;1m[Board] [0m4 ||[7;1m [0m| |[0;1mb[0m| |[0;1mp[0m| |[7;1m [0m| || 4
[32;1m[Board] [0m  -------------------
[32;1m[Board] [0m3 || |[7;1m [0m| |[7;1m [0m| |[7;1m [0m| |[7;1m [0m|| 3
[32;1m[Board] [0m  -------------------
[32;1m[Board] [0m2 ||[0;1mp[0m|[0;1mp[0m|[0;1mp[0m|[0;1mp[0m|[7;1m [0m|[0;1mp[0m|[0;1mp[0m|[0;1mp[0m|| 2
[32;1m[Board] [0m  -------------------
[32;1m[Board] [0m1 ||[0;1mr[0m|[0;1mk[0m|[0;1mb[0m|[0;1mQ[0m|[0;1mK[0m|[7;1m [0m|[0;1mk[0m|[0;1mr[0m|| 1
[32;1m[Board] [0m  -------------------
[32;1m[Board] [0m    a b c d e f g h
[32;1m[Board] [0m
[32;1m[Referee] [0mThis is the turn of the Black player...
e2e4
e7e6
f1c4
8  r n b q k b n r 
7  p p p p . p p p 
6  . . . . p . . . 
5  . . . . . . . . 
4  . . B . P . . . 
3  . . . . . . . . 
2  P P P P . P P P 
1  R N B Q K . N R 
   a b c d e f g h

Evaluation = 41
Depth 1 took 0 ms
Depth 2 took 9 ms
Depth 3 took 117 ms
Depth 4 took 548 ms
Depth 5 took 5306 ms
Depth 6 took 3517 ms
Search depth: 5
Nodes searched: 302990
Best move: d8g5
Total time: 9500 ms
d8g5
[32;1m[Game] [0mPlayer's error code: 0
[32;1m[Game] [0mChecking move validity...
[32;1m[Board] [0mInitializing board...
[32;1m[Board] [0mLoading history file `championship/o-of-yes-magnuscarlsenmogger/history.csv`...
[32;1m[Board] [0mLoaded 3 move(s).
[32;1m[Board] [0mLoading move file `championship/o-of-yes-magnuscarlsenmogger/move.csv`...
[32;1m[Board] [0mBlack player is playing d8 to g5.
[32;1m[Board] [0m
[32;1m[Board] [0m    a b c d e f g h 
[32;1m[Board] [0m  -------------------
[32;1m[Board] [0m8 ||[30;1mr[0m|[30;1mk[0m|[30;1mb[0m| |[30;1mK[0m|[30;1mb[0m|[30;1mk[0m|[30;1mr[0m|| 8
[32;1m[Board] [0m  -------------------
[32;1m[Board] [0m7 ||[30;1mp[0m|[30;1mp[0m|[30;1mp[0m|[30;1mp[0m| |[30;1mp[0m|[30;1mp[0m|[30;1mp[0m|| 7
[32;1m[Board] [0m  -------------------
[32;1m[Board] [0m6 ||[7;1m [0m| |[7;1m [0m| |[30;1mp[0m| |[7;1m [0m| || 6
[32;1m[Board] [0m  -------------------
[32;1m[Board] [0m5 || |[7;1m [0m| |[7;1m [0m| |[7;1m [0m|[30;1mQ[0m|[7;1m [0m|| 5
[32;1m[Board] [0m  -------------------
[32;1m[Board] [0m4 ||[7;1m [0m| |[0;1mb[0m| |[0;1mp[0m| |[7;1m [0m| || 4
[32;1m[Board] [0m  -------------------
[32;1m[Board] [0m3 || |[7;1m [0m| |[7;1m [0m| |[7;1m [0m| |[7;1m [0m|| 3
[32;1m[Board] [0m  -------------------
[32;1m[Board] [0m2 ||[0;1mp[0m|[0;1mp[0m|[0;1mp[0m|[0;1mp[0m|[7;1m [0m|[0;1mp[0m|[0;1mp[0m|[0;1mp[0m|| 2
[32;1m[Board] [0m  -------------------
[32;1m[Board] [0m1 ||[0;1mr[0m|[0;1mk[0m|[0;1mb[0m|[0;1mQ[0m|[0;1mK[0m|[7;1m [0m|[0;1mk[0m|[0;1mr[0m|| 1
[32;1m[Board] [0m  -------------------
[32;1m[Board] [0m    a b c d e f g h
[32;1m[Board] [0m
[32;1m[Referee] [0mThis is the turn of the White player...
Played move: d1h5
Test bitboard: 
8  1 0 0 0 0 0 0 0 
7  0 0 0 0 0 0 0 0 
6  0 0 0 0 0 0 0 0 
5  0 0 0 0 0 0 0 0 
4  0 0 0 0 0 0 0 0 
3  0 0 0 0 0 0 0 0 
2  0 0 0 0 0 0 0 0 
1  0 0 0 0 0 0 0 0 

   A B C D E F G H 
8  0 0 0 0 0 0 0 0 
7  1 0 0 0 1 0 0 0 
6  0 0 0 0 0 0 0 0 
5  0 0 0 0 0 0 0 0 
4  0 1 0 0 0 0 1 0 
3  0 0 0 0 0 0 0 0 
2  0 0 0 0 1 0 0 0 
1  0 0 0 0 0 0 1 0 

   A B C D E F G H 
8  0 1 1 1 1 1 1 1 
7  1 0 0 0 0 0 0 0 
6  0 0 0 0 0 0 0 0 
5  0 0 0 0 0 0 0 0 
4  0 0 0 0 0 0 0 0 
3  0 0 0 0 0 0 0 0 
2  0 0 0 0 0 0 0 0 
1  0 0 0 0 0 0 0 0 

   A B C D E F G H 
8  0 0 0 0 0 0 0 1 
7  0 0 0 0 0 0 0 1 
6  0 0 0 0 0 0 0 1 
5  0 0 0 0 0 0 0 1 
4  0 0 0 0 0 0 0 1 
3  0 0 0 0 0 0 0 1 
2  0 0 0 0 0 0 0 1 
1  0 0 0 0 0 0 1 0 

   A B C D E F G H 
8  0 0 0 0 0 0 0 0 
7  0 0 0 0 1 0 0 0 
6  0 0 0 0 1 0 0 0 
5  0 0 0 0 1 0 0 0 
4  0 1 1 1 0 1 1 0 
3  0 0 0 0 1 0 0 0 
2  0 0 0 0 1 0 0 0 
1  0 0 0 0 0 0 0 0 

   A B C D E F G H 
6
[32;1m[Game] [0mPlayer's error code: 0
[32;1m[Game] [0mChecking move validity...
[32;1m[Board] [0mInitializing board...
[32;1m[Board] [0mLoading history file `championship/o-of-yes-magnuscarlsenmogger/history.csv`...
[32;1m[Board] [0mLoaded 4 move(s).
[32;1m[Board] [0mLoading move file `championship/o-of-yes-magnuscarlsenmogger/move.csv`...
[32;1m[Board] [0mWhite player is playing d1 to h5.
[32;1m[Board] [0m
[32;1m[Board] [0m    a b c d e f g h 
[32;1m[Board] [0m  -------------------
[32;1m[Board] [0m8 ||[30;1mr[0m|[30;1mk[0m|[30;1mb[0m| |[30;1mK[0m|[30;1mb[0m|[30;1mk[0m|[30;1mr[0m|| 8
[32;1m[Board] [0m  -------------------
[32;1m[Board] [0m7 ||[30;1mp[0m|[30;1mp[0m|[30;1mp[0m|[30;1mp[0m| |[30;1mp[0m|[30;1mp[0m|[30;1mp[0m|| 7
[32;1m[Board] [0m  -------------------
[32;1m[Board] [0m6 ||[7;1m [0m| |[7;1m [0m| |[30;1mp[0m| |[7;1m [0m| || 6
[32;1m[Board] [0m  -------------------
[32;1m[Board] [0m5 || |[7;1m [0m| |[7;1m [0m| |[7;1m [0m|[30;1mQ[0m|[0;1mQ[0m|| 5
[32;1m[Board] [0m  -------------------
[32;1m[Board] [0m4 ||[7;1m [0m| |[0;1mb[0m| |[0;1mp[0m| |[7;1m [0m| || 4
[32;1m[Board] [0m  -------------------
[32;1m[Board] [0m3 || |[7;1m [0m| |[7;1m [0m| |[7;1m [0m| |[7;1m [0m|| 3
[32;1m[Board] [0m  -------------------
[32;1m[Board] [0m2 ||[0;1mp[0m|[0;1mp[0m|[0;1mp[0m|[0;1mp[0m|[7;1m [0m|[0;1mp[0m|[0;1mp[0m|[0;1mp[0m|| 2
[32;1m[Board] [0m  -------------------
[32;1m[Board] [0m1 ||[0;1mr[0m|[0;1mk[0m|[0;1mb[0m|[7;1m [0m|[0;1mK[0m|[7;1m [0m|[0;1mk[0m|[0;1mr[0m|| 1
[32;1m[Board] [0m  -------------------
[32;1m[Board] [0m    a b c d e f g h
[32;1m[Board] [0m
[32;1m[Referee] [0mThis is the turn of the Black player...
e2e4
e7e6
f1c4
d8g5
d1h5
8  r n b . k b n r 
7  p p p p . p p p 
6  . . . . p . . . 
5  . . . . . . q Q 
4  . . B . P . . . 
3  . . . . . . . . 
2  P P P P . P P P 
1  R N B . K . N R 
   a b c d e f g h

Evaluation = 345
Depth 1 took 1 ms
Depth 2 took 4 ms
Depth 3 took 41 ms
Depth 4 took 187 ms
Depth 5 took 1339 ms
Depth 6 took 6702 ms
Depth 7 took 1224 ms
Search depth: 6
Nodes searched: 317954
Best move: g5h5
Total time: 9500 ms
g5h5
[32;1m[Game] [0mPlayer's error code: 0
[32;1m[Game] [0mChecking move validity...
[32;1m[Board] [0mInitializing board...
[32;1m[Board] [0mLoading history file `championship/o-of-yes-magnuscarlsenmogger/history.csv`...
[32;1m[Board] [0mLoaded 5 move(s).
[32;1m[Board] [0mLoading move file `championship/o-of-yes-magnuscarlsenmogger/move.csv`...
[32;1m[Board] [0mBlack player is playing g5 to h5.
[32;1m[Board] [0m[5;1mBlack Queen is taking White Queen.[0m
[32;1m[Board] [0m
[32;1m[Board] [0m    a b c d e f g h 
[32;1m[Board] [0m  -------------------
[32;1m[Board] [0m8 ||[30;1mr[0m|[30;1mk[0m|[30;1mb[0m| |[30;1mK[0m|[30;1mb[0m|[30;1mk[0m|[30;1mr[0m|| 8
[32;1m[Board] [0m  -------------------
[32;1m[Board] [0m7 ||[30;1mp[0m|[30;1mp[0m|[30;1mp[0m|[30;1mp[0m| |[30;1mp[0m|[30;1mp[0m|[30;1mp[0m|| 7
[32;1m[Board] [0m  -------------------
[32;1m[Board] [0m6 ||[7;1m [0m| |[7;1m [0m| |[30;1mp[0m| |[7;1m [0m| || 6
[32;1m[Board] [0m  -------------------
[32;1m[Board] [0m5 || |[7;1m [0m| |[7;1m [0m| |[7;1m [0m| |[30;1mQ[0m|| 5
[32;1m[Board] [0m  -------------------
[32;1m[Board] [0m4 ||[7;1m [0m| |[0;1mb[0m| |[0;1mp[0m| |[7;1m [0m| || 4
[32;1m[Board] [0m  -------------------
[32;1m[Board] [0m3 || |[7;1m [0m| |[7;1m [0m| |[7;1m [0m| |[7;1m [0m|| 3
[32;1m[Board] [0m  -------------------
[32;1m[Board] [0m2 ||[0;1mp[0m|[0;1mp[0m|[0;1mp[0m|[0;1mp[0m|[7;1m [0m|[0;1mp[0m|[0;1mp[0m|[0;1mp[0m|| 2
[32;1m[Board] [0m  -------------------
[32;1m[Board] [0m1 ||[0;1mr[0m|[0;1mk[0m|[0;1mb[0m|[7;1m [0m|[0;1mK[0m|[7;1m [0m|[0;1mk[0m|[0;1mr[0m|| 1
[32;1m[Board] [0m  -------------------
[32;1m[Board] [0m    a b c d e f g h
[32;1m[Board] [0m
[32;1m[Referee] [0mThis is the turn of the White player...
Played move: h5f7
Test bitboard: 
8  1 0 0 0 0 0 0 0 
7  0 0 0 0 0 0 0 0 
6  0 0 0 0 0 0 0 0 
5  0 0 0 0 0 0 0 0 
4  0 0 0 0 0 0 0 0 
3  0 0 0 0 0 0 0 0 
2  0 0 0 0 0 0 0 0 
1  0 0 0 0 0 0 0 0 

   A B C D E F G H 
8  0 0 0 0 0 0 0 0 
7  1 0 0 0 1 0 0 0 
6  0 0 0 0 0 0 0 0 
5  0 0 0 0 0 0 0 0 
4  0 1 0 0 0 0 1 0 
3  0 0 0 0 0 0 0 0 
2  0 0 0 0 1 0 0 0 
1  0 0 0 0 0 0 1 0 

   A B C D E F G H 
8  0 1 1 1 1 1 1 1 
7  1 0 0 0 0 0 0 0 
6  0 0 0 0 0 0 0 0 
5  0 0 0 0 0 0 0 0 
4  0 0 0 0 0 0 0 0 
3  0 0 0 0 0 0 0 0 
2  0 0 0 0 0 0 0 0 
1  0 0 0 0 0 0 0 0 

   A B C D E F G H 
8  0 0 0 0 0 0 0 1 
7  0 0 0 0 0 0 0 1 
6  0 0 0 0 0 0 0 1 
5  0 0 0 0 0 0 0 1 
4  0 0 0 0 0 0 0 1 
3  0 0 0 0 0 0 0 1 
2  0 0 0 0 0 0 0 1 
1  0 0 0 0 0 0 1 0 

   A B C D E F G H 
8  0 0 0 0 0 0 0 0 
7  0 0 0 0 1 0 0 0 
6  0 0 0 0 1 0 0 0 
5  0 0 0 0 1 0 0 0 
4  0 1 1 1 0 1 1 0 
3  0 0 0 0 1 0 0 0 
2  0 0 0 0 1 0 0 0 
1  0 0 0 0 0 0 0 0 

   A B C D E F G H 
6
[32;1m[Game] [0mPlayer's error code: 0
[32;1m[Game] [0mChecking move validity...
[32;1m[Board] [0mInitializing board...
[32;1m[Board] [0mLoading history file `championship/o-of-yes-magnuscarlsenmogger/history.csv`...
[32;1m[Board] [0mLoaded 6 move(s).
[32;1m[Board] [0mLoading move file `championship/o-of-yes-magnuscarlsenmogger/move.csv`...
[32;1m[Board] [0mWhite player is playing h5 to f7.
[32;1m[Referee] [0mInvalid move (code: -4) :(
[32;1m[Game] [0mWhite player has lost on illegal move.
