[32;1m[Board] [0m[33;1m[WARNING][0m [5;1mWhite King in check![0m
[32;1m[Board] [0m[33;1m[WARNING][0m    Threatened by Black Bishop (f2)
[32;1m[Board] [0m[33;1m[WARNING][0m [5;1mBlack King in check![0m
[32;1m[Board] [0m[33;1m[WARNING][0m    Threatened by White Bishop (g7)
[32;1m[Board] [0m[33;1m[WARNING][0m [5;1mWhite King in check![0m
[32;1m[Board] [0m[33;1m[WARNING][0m    Threatened by Black Queen (e4)
[32;1m[Board] [0m[33;1m[WARNING][0m [5;1mBlack King in check![0m
[32;1m[Board] [0m[33;1m[WARNING][0m    Threatened by White Bishop (f7)
[32;1m[Board] [0m[33;1m[WARNING][0m [5;1mBlack King in check![0m
[32;1m[Board] [0m[33;1m[WARNING][0m    Threatened by White Pawn (g7)
[32;1m[Board] [0m[33;1m[WARNING][0m [5;1mBlack King in check![0m
[32;1m[Board] [0m[33;1m[WARNING][0m    Threatened by White Queen (d5)
[32;1m[Board] [0m[33;1m[WARNING][0m [5;1mBlack King in check![0m
[32;1m[Board] [0m[33;1m[WARNING][0m    Threatened by White Bishop (c6)
[32;1m[Board] [0m[33;1m[WARNING][0m [5;1mWhite King in check![0m
[32;1m[Board] [0m[33;1m[WARNING][0m    Threatened by Black Knight (e5)
[32;1m[Board] [0m[33;1m[WARNING][0m [5;1mBlack King in check![0m
[32;1m[Board] [0m[33;1m[WARNING][0m    Threatened by White Rook (d3)
[32;1m[Board] [0m[33;1m[WARNING][0m [5;1mBlack King in check![0m
[32;1m[Board] [0m[33;1m[WARNING][0m    Threatened by White Queen (f8)
[32;1m[Board] [0m[33;1m[WARNING][0m [5;1mBlack King in check![0m
[32;1m[Board] [0m[33;1m[WARNING][0m    Threatened by White Queen (d8)
[32;1m[Board] [0m[33;1m[WARNING][0m [5;1mBlack King in check![0m
[32;1m[Board] [0m[33;1m[WARNING][0m    Threatened by White Queen (d2)
[32;1m[Board] [0m[33;1m[WARNING][0m [5;1mWhite King in checkmate![0m
[32;1m[Board] [0m[33;1m[WARNING][0m The Black player wins!
