[32;1m[Board] [0m[33;1m[WARNING][0m [5;1mBlack King in check![0m
[32;1m[Board] [0m[33;1m[WARNING][0m    Threatened by White Pawn (d6)
[32;1m[Board] [0m[33;1m[WARNING][0m [5;1mBlack King in check![0m
[32;1m[Board] [0m[33;1m[WARNING][0m    Threatened by White Queen (c8)
[32;1m[Board] [0m[33;1m[WARNING][0m [5;1mWhite King in check![0m
[32;1m[Board] [0m[33;1m[WARNING][0m    Threatened by Black Rook (e8)
[32;1m[Board] [0m[33;1m[WARNING][0m Current board equals previous board (move #99)
[32;1m[Board] [0m[33;1m[WARNING][0m [5;1mWhite King in check![0m
[32;1m[Board] [0m[33;1m[WARNING][0m    Threatened by Black Rook (e3)
[32;1m[Board] [0m[33;1m[WARNING][0m [5;1mBlack King in check![0m
[32;1m[Board] [0m[33;1m[WARNING][0m    Threatened by White Bishop (b2)
[32;1m[Board] [0m[33;1m[WARNING][0m [5;1mWhite King in check![0m
[32;1m[Board] [0m[33;1m[WARNING][0m    Threatened by Black Rook (e3)
[32;1m[Board] [0m[33;1m[WARNING][0m Current board equals previous board (move #133)
[32;1m[Board] [0m[33;1m[WARNING][0m [5;1mWhite King in check![0m
[32;1m[Board] [0m[33;1m[WARNING][0m    Threatened by Black Rook (d3)
[32;1m[Board] [0m[33;1m[WARNING][0m Current board equals previous board (move #228)
[32;1m[Board] [0m[33;1m[WARNING][0m Current board equals previous board (move #229)
[32;1m[Board] [0m[33;1m[WARNING][0m Current board equals previous board (move #230)
[32;1m[Board] [0m[33;1m[WARNING][0m Current board equals previous board (move #231)
[32;1m[Board] [0m[33;1m[WARNING][0m Current board equals previous board (move #228)
[32;1m[Board] [0m[33;1m[WARNING][0m Current board equals previous board (move #232)
[32;1m[Board] [0m[33;1m[WARNING][0m [5;1mThe current board occurred at least 3 times already :([0m
[32;1m[Board] [0m[33;1m[WARNING][0m Draw! Game over.
