[32;1m[Board] [0m[33;1m[WARNING][0m [5;1mBlack King in check![0m
[32;1m[Board] [0m[33;1m[WARNING][0m    Threatened by White Knight (c7)
[32;1m[Board] [0m[33;1m[WARNING][0m [5;1mWhite King in check![0m
[32;1m[Board] [0m[33;1m[WARNING][0m    Threatened by Black Queen (e3)
[32;1m[Board] [0m[33;1m[WARNING][0m Current board equals previous board (move #43)
[32;1m[Board] [0m[33;1m[WARNING][0m Current board equals previous board (move #52)
[32;1m[Board] [0m[33;1m[WARNING][0m Current board equals previous board (move #53)
[32;1m[Board] [0m[33;1m[WARNING][0m [5;1mBlack King in check![0m
[32;1m[Board] [0m[33;1m[WARNING][0m    Threatened by White Queen (d1)
[32;1m[Board] [0m[33;1m[WARNING][0m Current board equals previous board (move #129)
[32;1m[Board] [0m[33;1m[WARNING][0m [5;1mWhite King in check![0m
[32;1m[Board] [0m[33;1m[WARNING][0m    Threatened by Black Pawn (d2)
[32;1m[Board] [0m[33;1m[WARNING][0m [5;1mWhite King in check![0m
[32;1m[Board] [0m[33;1m[WARNING][0m    Threatened by Black Queen (c1)
[32;1m[Board] [0m[33;1m[WARNING][0m Current board equals previous board (move #220)
[32;1m[Board] [0m[33;1m[WARNING][0m Current board equals previous board (move #221)
[32;1m[Board] [0m[33;1m[WARNING][0m Current board equals previous board (move #218)
[32;1m[Board] [0m[33;1m[WARNING][0m Current board equals previous board (move #219)
[32;1m[Board] [0m[33;1m[WARNING][0m [5;1mWhite King in check![0m
[32;1m[Board] [0m[33;1m[WARNING][0m    Threatened by Black Queen (f1)
[32;1m[Board] [0m[33;1m[WARNING][0m [5;1mWhite King in check![0m
[32;1m[Board] [0m[33;1m[WARNING][0m    Threatened by Black Queen (e1)
[32;1m[Board] [0m[33;1m[WARNING][0m [5;1mWhite King in check![0m
[32;1m[Board] [0m[33;1m[WARNING][0m    Threatened by Black Queen (g3)
[32;1m[Board] [0m[33;1m[WARNING][0m [5;1mWhite King in check![0m
[32;1m[Board] [0m[33;1m[WARNING][0m    Threatened by Black Queen (e5)
[32;1m[Board] [0m[33;1m[WARNING][0m [5;1mWhite King in check![0m
[32;1m[Board] [0m[33;1m[WARNING][0m    Threatened by Black Rook (e4)
[32;1m[Board] [0m[33;1m[WARNING][0m [5;1mBlack King in check![0m
[32;1m[Board] [0m[33;1m[WARNING][0m    Threatened by White Bishop (f8)
[32;1m[Board] [0m[33;1m[WARNING][0m [5;1mWhite King in check![0m
[32;1m[Board] [0m[33;1m[WARNING][0m    Threatened by Black Bishop (d5)
[32;1m[Board] [0m[33;1m[WARNING][0m Current board equals previous board (move #366)
[32;1m[Board] [0m[33;1m[WARNING][0m Current board equals previous board (move #367)
[32;1m[Board] [0m[33;1m[WARNING][0m Current board equals previous board (move #380)
[32;1m[Board] [0m[33;1m[WARNING][0m Current board equals previous board (move #381)
[32;1m[Board] [0m[33;1m[WARNING][0m Current board equals previous board (move #392)
[32;1m[Board] [0m[33;1m[WARNING][0m Current board equals previous board (move #393)
[32;1m[Board] [0m[33;1m[WARNING][0m Current board equals previous board (move #422)
[32;1m[Board] [0m[33;1m[WARNING][0m Current board equals previous board (move #423)
[32;1m[Board] [0m[33;1m[WARNING][0m Current board equals previous board (move #422)
[32;1m[Board] [0m[33;1m[WARNING][0m Current board equals previous board (move #426)
[32;1m[Board] [0m[33;1m[WARNING][0m [5;1mThe current board occurred at least 3 times already :([0m
[32;1m[Board] [0m[33;1m[WARNING][0m Draw! Game over.
