[32;1m[Board] [0m[33;1m[WARNING][0m [5;1mWhite King in check![0m
[32;1m[Board] [0m[33;1m[WARNING][0m    Threatened by Black Queen (g2)
[32;1m[Board] [0m[33;1m[WARNING][0m [5;1mWhite King in check![0m
[32;1m[Board] [0m[33;1m[WARNING][0m    Threatened by Black Queen (f2)
[32;1m[Board] [0m[33;1m[WARNING][0m [5;1mBlack King in check![0m
[32;1m[Board] [0m[33;1m[WARNING][0m    Threatened by White Bishop (b5)
[32;1m[Board] [0m[33;1m[WARNING][0m [5;1mWhite King in check![0m
[32;1m[Board] [0m[33;1m[WARNING][0m    Threatened by Black Rook (f1)
[32;1m[Board] [0m[33;1m[WARNING][0m [5;1mWhite King in check![0m
[32;1m[Board] [0m[33;1m[WARNING][0m    Threatened by Black Bishop (e4)
[32;1m[Board] [0m[33;1m[WARNING][0m [5;1mBlack King in check![0m
[32;1m[Board] [0m[33;1m[WARNING][0m    Threatened by White Rook (d8)
[32;1m[Board] [0m[33;1m[WARNING][0m [5;1mWhite King in check![0m
[32;1m[Board] [0m[33;1m[WARNING][0m    Threatened by Black Bishop (e4)
[32;1m[Board] [0m[33;1m[WARNING][0m [5;1mWhite King in check![0m
[32;1m[Board] [0m[33;1m[WARNING][0m    Threatened by Black Bishop (h6)
[32;1m[Board] [0m[33;1m[WARNING][0m [5;1mWhite King in check![0m
[32;1m[Board] [0m[33;1m[WARNING][0m    Threatened by Black Bishop (e5)
[32;1m[Board] [0m[33;1m[WARNING][0m [5;1mBlack King in check![0m
[32;1m[Board] [0m[33;1m[WARNING][0m    Threatened by White Knight (f6)
[32;1m[Board] [0m[33;1m[WARNING][0m [5;1mWhite King in check![0m
[32;1m[Board] [0m[33;1m[WARNING][0m    Threatened by Black Queen (d3)
[32;1m[Board] [0m[33;1m[WARNING][0m [5;1mWhite King in check![0m
[32;1m[Board] [0m[33;1m[WARNING][0m    Threatened by Black Queen (c4)
[32;1m[Board] [0m[33;1m[WARNING][0m [5;1mWhite King in check![0m
[32;1m[Board] [0m[33;1m[WARNING][0m    Threatened by Black Queen (f5)
[32;1m[Board] [0m[33;1m[WARNING][0m [5;1mWhite King in check![0m
[32;1m[Board] [0m[33;1m[WARNING][0m    Threatened by Black Queen (e6)
[32;1m[Board] [0m[33;1m[WARNING][0m [5;1mWhite King in check![0m
[32;1m[Board] [0m[33;1m[WARNING][0m    Threatened by Black Queen (d7)
[32;1m[Board] [0m[33;1m[WARNING][0m [5;1mBlack King in check![0m
[32;1m[Board] [0m[33;1m[WARNING][0m    Threatened by White Rook (e8)
[32;1m[Board] [0m[33;1m[WARNING][0m [5;1mWhite King in check![0m
[32;1m[Board] [0m[33;1m[WARNING][0m    Threatened by Black Rook (e1)
[32;1m[Board] [0m[33;1m[WARNING][0m [5;1mWhite King in check![0m
[32;1m[Board] [0m[33;1m[WARNING][0m    Threatened by Black Bishop (b2)
[32;1m[Board] [0m[33;1m[WARNING][0m [5;1mBlack King in check![0m
[32;1m[Board] [0m[33;1m[WARNING][0m    Threatened by White Rook (d7)
[32;1m[Board] [0m[33;1m[WARNING][0m [5;1mBlack King in check![0m
[32;1m[Board] [0m[33;1m[WARNING][0m    Threatened by White Rook (d8)
[32;1m[Board] [0m[33;1m[WARNING][0m [5;1mWhite King in check![0m
[32;1m[Board] [0m[33;1m[WARNING][0m    Threatened by Black Pawn (a2)
[32;1m[Board] [0m[33;1m[WARNING][0m [5;1mWhite King in check![0m
[32;1m[Board] [0m[33;1m[WARNING][0m    Threatened by Black Rook (c1)
[32;1m[Board] [0m[33;1m[WARNING][0m [5;1mWhite King in check![0m
[32;1m[Board] [0m[33;1m[WARNING][0m    Threatened by Black Queen (a1)
[32;1m[Board] [0m[33;1m[WARNING][0m [5;1mWhite King in check![0m
[32;1m[Board] [0m[33;1m[WARNING][0m    Threatened by Black Queen (d4)
[32;1m[Board] [0m[33;1m[WARNING][0m [5;1mWhite King in check![0m
[32;1m[Board] [0m[33;1m[WARNING][0m    Threatened by Black Rook (d3)
[32;1m[Board] [0m[33;1m[WARNING][0m [5;1mBlack King in check![0m
[32;1m[Board] [0m[33;1m[WARNING][0m    Threatened by White Rook (h6)
[32;1m[Board] [0m[33;1m[WARNING][0m [5;1mWhite King in check![0m
[32;1m[Board] [0m[33;1m[WARNING][0m    Threatened by Black Rook (d2)
[32;1m[Board] [0m[33;1m[WARNING][0m [5;1mBlack King in check![0m
[32;1m[Board] [0m[33;1m[WARNING][0m    Threatened by White Queen (e1)
[32;1m[Board] [0m[33;1m[WARNING][0m [5;1mBlack King in check![0m
[32;1m[Board] [0m[33;1m[WARNING][0m    Threatened by White Queen (d1)
[32;1m[Board] [0m[33;1m[WARNING][0m Current board equals previous board (move #390)
[32;1m[Board] [0m[33;1m[WARNING][0m Current board equals previous board (move #391)
[32;1m[Board] [0m[33;1m[WARNING][0m [5;1mBlack King in check![0m
[32;1m[Board] [0m[33;1m[WARNING][0m    Threatened by White Queen (e1)
[32;1m[Board] [0m[33;1m[WARNING][0m Current board equals previous board (move #392)
[32;1m[Board] [0m[33;1m[WARNING][0m Current board equals previous board (move #393)
[32;1m[Board] [0m[33;1m[WARNING][0m Current board equals previous board (move #396)
[32;1m[Board] [0m[33;1m[WARNING][0m Current board equals previous board (move #397)
[32;1m[Board] [0m[33;1m[WARNING][0m Current board equals previous board (move #390)
[32;1m[Board] [0m[33;1m[WARNING][0m Current board equals previous board (move #398)
[32;1m[Board] [0m[33;1m[WARNING][0m [5;1mThe current board occurred at least 3 times already :([0m
[32;1m[Board] [0m[33;1m[WARNING][0m Draw! Game over.
