[32;1m[Board] [0m[33;1m[WARNING][0m [5;1mBlack King in check![0m
[32;1m[Board] [0m[33;1m[WARNING][0m    Threatened by White Knight (c7)
[32;1m[Board] [0m[33;1m[WARNING][0m [5;1mWhite King in check![0m
[32;1m[Board] [0m[33;1m[WARNING][0m    Threatened by Black Bishop (b4)
[32;1m[Board] [0m[33;1m[WARNING][0m [5;1mWhite King in check![0m
[32;1m[Board] [0m[33;1m[WARNING][0m    Threatened by Black Queen (b4)
[32;1m[Board] [0m[33;1m[WARNING][0m [5;1mBlack King in check![0m
[32;1m[Board] [0m[33;1m[WARNING][0m    Threatened by White Queen (b8)
[32;1m[Board] [0m[33;1m[WARNING][0m [5;1mBlack King in check![0m
[32;1m[Board] [0m[33;1m[WARNING][0m    Threatened by White Queen (c8)
[32;1m[Board] [0m[33;1m[WARNING][0m [5;1mBlack King in check![0m
[32;1m[Board] [0m[33;1m[WARNING][0m    Threatened by White Queen (f6)
[32;1m[Board] [0m[33;1m[WARNING][0m Current board equals previous board (move #60)
[32;1m[Board] [0m[33;1m[WARNING][0m Current board equals previous board (move #61)
[32;1m[Board] [0m[33;1m[WARNING][0m Current board equals previous board (move #62)
[32;1m[Board] [0m[33;1m[WARNING][0m Current board equals previous board (move #63)
[32;1m[Board] [0m[33;1m[WARNING][0m Current board equals previous board (move #60)
[32;1m[Board] [0m[33;1m[WARNING][0m Current board equals previous board (move #64)
[32;1m[Board] [0m[33;1m[WARNING][0m [5;1mThe current board occurred at least 3 times already :([0m
[32;1m[Board] [0m[33;1m[WARNING][0m Draw! Game over.
