[32;1m[Board] [0m[33;1m[WARNING][0m Current board equals previous board (move #76)
[32;1m[Board] [0m[33;1m[WARNING][0m Current board equals previous board (move #77)
[32;1m[Board] [0m[33;1m[WARNING][0m [5;1mWhite King in check![0m
[32;1m[Board] [0m[33;1m[WARNING][0m    Threatened by Black Bishop (d2)
[32;1m[Board] [0m[33;1m[WARNING][0m Current board equals previous board (move #184)
[32;1m[Board] [0m[33;1m[WARNING][0m Current board equals previous board (move #185)
[32;1m[Board] [0m[33;1m[WARNING][0m [5;1mWhite King in check![0m
[32;1m[Board] [0m[33;1m[WARNING][0m    Threatened by Black Queen (c1)
[32;1m[Board] [0m[33;1m[WARNING][0m [5;1mWhite King in check![0m
[32;1m[Board] [0m[33;1m[WARNING][0m    Threatened by Black Queen (e5)
[32;1m[Board] [0m[33;1m[WARNING][0m [5;1mWhite King in check![0m
[32;1m[Board] [0m[33;1m[WARNING][0m    Threatened by Black Queen (e2)
[32;1m[Board] [0m[33;1m[WARNING][0m [5;1mWhite King in check![0m
[32;1m[Board] [0m[33;1m[WARNING][0m    Threatened by Black Rook (h1)
[32;1m[Board] [0m[33;1m[WARNING][0m Current board equals previous board (move #338)
[32;1m[Board] [0m[33;1m[WARNING][0m Current board equals previous board (move #339)
[32;1m[Board] [0m[33;1m[WARNING][0m Current board equals previous board (move #383)
[32;1m[Board] [0m[33;1m[WARNING][0m Current board equals previous board (move #384)
[32;1m[Board] [0m[33;1m[WARNING][0m Current board equals previous board (move #385)
[32;1m[Board] [0m[33;1m[WARNING][0m [5;1mWhite King in check![0m
[32;1m[Board] [0m[33;1m[WARNING][0m    Threatened by Black Rook (e3)
[32;1m[Board] [0m[33;1m[WARNING][0m [5;1mWhite King in check![0m
[32;1m[Board] [0m[33;1m[WARNING][0m    Threatened by Black Pawn (f2)
[32;1m[Board] [0m[33;1m[WARNING][0m [5;1mBlack King in check![0m
[32;1m[Board] [0m[33;1m[WARNING][0m    Threatened by White Queen (e8)
[32;1m[Board] [0m[33;1m[WARNING][0m [5;1mBlack King in check![0m
[32;1m[Board] [0m[33;1m[WARNING][0m    Threatened by White Queen (e5)
[32;1m[Board] [0m[33;1m[WARNING][0m [5;1mBlack King in check![0m
[32;1m[Board] [0m[33;1m[WARNING][0m    Threatened by White Queen (e4)
[32;1m[Board] [0m[33;1m[WARNING][0m [5;1mBlack King in check![0m
[32;1m[Board] [0m[33;1m[WARNING][0m    Threatened by White Queen (e3)
[32;1m[Board] [0m[33;1m[WARNING][0m Current board equals previous board (move #450)
[32;1m[Board] [0m[33;1m[WARNING][0m Current board equals previous board (move #451)
[32;1m[Board] [0m[33;1m[WARNING][0m [5;1mWhite King in check![0m
[32;1m[Board] [0m[33;1m[WARNING][0m    Threatened by Black Queen (g4)
[32;1m[Board] [0m[33;1m[WARNING][0m [5;1mBlack King in check![0m
[32;1m[Board] [0m[33;1m[WARNING][0m    Threatened by White Queen (g2)
[32;1m[Board] [0m[33;1m[WARNING][0m [5;1mBlack King in check![0m
[32;1m[Board] [0m[33;1m[WARNING][0m    Threatened by White Knight (e4)
[32;1m[Board] [0m[33;1m[WARNING][0m Current board equals previous board (move #473)
[32;1m[Board] [0m[33;1m[WARNING][0m Current board equals previous board (move #474)
[32;1m[Board] [0m[33;1m[WARNING][0m Current board equals previous board (move #475)
[32;1m[Board] [0m[33;1m[WARNING][0m Current board equals previous board (move #476)
[32;1m[Board] [0m[33;1m[WARNING][0m Current board equals previous board (move #473)
[32;1m[Board] [0m[33;1m[WARNING][0m Current board equals previous board (move #477)
[32;1m[Board] [0m[33;1m[WARNING][0m [5;1mThe current board occurred at least 3 times already :([0m
[32;1m[Board] [0m[33;1m[WARNING][0m Draw! Game over.
